2022-08-15 11:55:11.890  INFO 16894 --- [main] c.a.p.service.PatientServiceTest         : Starting PatientServiceTest using Java 17.0.1 on tezkat-OptiPlex-790 with PID 16894 (started by tezkat in /home/tezkat/eclipse-workspace/abernathy/patientinfo)
2022-08-15 11:55:11.894 DEBUG 16894 --- [main] c.a.p.service.PatientServiceTest         : Running with Spring Boot v2.7.1, Spring v5.3.21
2022-08-15 11:55:11.895  INFO 16894 --- [main] c.a.p.service.PatientServiceTest         : No active profile set, falling back to 1 default profile: "default"
2022-08-15 11:55:15.193  INFO 16894 --- [main] .s.d.r.c.RepositoryConfigurationDelegate : Bootstrapping Spring Data JPA repositories in DEFAULT mode.
2022-08-15 11:55:15.389  INFO 16894 --- [main] .s.d.r.c.RepositoryConfigurationDelegate : Finished Spring Data repository scanning in 187 ms. Found 1 JPA repository interfaces.
2022-08-15 11:55:15.678  INFO 16894 --- [main] o.s.cloud.context.scope.GenericScope     : BeanFactory id=51b0eb92-7194-361c-815f-d94eeee2aef4
2022-08-15 11:55:18.613  INFO 16894 --- [main] j.LocalContainerEntityManagerFactoryBean : Initialized JPA EntityManagerFactory for persistence unit 'default'
2022-08-15 11:55:18.968  WARN 16894 --- [main] JpaBaseConfiguration$JpaWebConfiguration : spring.jpa.open-in-view is enabled by default. Therefore, database queries may be performed during view rendering. Explicitly configure spring.jpa.open-in-view to disable this warning
2022-08-15 11:55:20.236  INFO 16894 --- [main] DiscoveryClientOptionalArgsConfiguration : Eureka HTTP Client uses RestTemplate.
2022-08-15 11:55:20.409  WARN 16894 --- [main] iguration$LoadBalancerCaffeineWarnLogger : Spring Cloud LoadBalancer is currently working with the default cache. While this cache implementation is useful for development and tests, it's recommended to use Caffeine cache in production.You can switch to using Caffeine cache, by adding it and org.springframework.cache.caffeine.CaffeineCacheManager to the classpath.
2022-08-15 11:55:20.423  INFO 16894 --- [main] o.s.b.a.e.web.EndpointLinksResolver      : Exposing 1 endpoint(s) beneath base path '/actuator'
2022-08-15 11:55:20.484  INFO 16894 --- [main] c.a.p.service.PatientServiceTest         : Started PatientServiceTest in 9.437 seconds (JVM running for 11.774)
2022-08-15 11:55:20.770  INFO 16894 --- [SpringApplicationShutdownHook] j.LocalContainerEntityManagerFactoryBean : Closing JPA EntityManagerFactory for persistence unit 'default'
2022-08-15 11:55:53.412  INFO 16985 --- [main] c.a.p.controller.PatientControllerTest   : Starting PatientControllerTest using Java 17.0.1 on tezkat-OptiPlex-790 with PID 16985 (started by tezkat in /home/tezkat/eclipse-workspace/abernathy/patientinfo)
2022-08-15 11:55:53.414 DEBUG 16985 --- [main] c.a.p.controller.PatientControllerTest   : Running with Spring Boot v2.7.1, Spring v5.3.21
2022-08-15 11:55:53.414  INFO 16985 --- [main] c.a.p.controller.PatientControllerTest   : No active profile set, falling back to 1 default profile: "default"
2022-08-15 11:55:55.287  INFO 16985 --- [main] o.s.b.t.m.w.SpringBootMockServletContext : Initializing Spring TestDispatcherServlet ''
2022-08-15 11:55:55.287  INFO 16985 --- [main] o.s.t.web.servlet.TestDispatcherServlet  : Initializing Servlet ''
2022-08-15 11:55:55.289  INFO 16985 --- [main] o.s.t.web.servlet.TestDispatcherServlet  : Completed initialization in 2 ms
2022-08-15 11:55:55.317  INFO 16985 --- [main] c.a.p.controller.PatientControllerTest   : Started PatientControllerTest in 2.412 seconds (JVM running for 3.465)
2022-08-15 12:01:36.912  INFO 18279 --- [main] c.a.p.controller.PatientControllerTest   : Starting PatientControllerTest using Java 17.0.1 on tezkat-OptiPlex-790 with PID 18279 (started by tezkat in /home/tezkat/eclipse-workspace/abernathy/patientinfo)
2022-08-15 12:01:36.913 DEBUG 18279 --- [main] c.a.p.controller.PatientControllerTest   : Running with Spring Boot v2.7.1, Spring v5.3.21
2022-08-15 12:01:36.914  INFO 18279 --- [main] c.a.p.controller.PatientControllerTest   : No active profile set, falling back to 1 default profile: "default"
2022-08-15 12:01:38.724  INFO 18279 --- [main] o.s.b.t.m.w.SpringBootMockServletContext : Initializing Spring TestDispatcherServlet ''
2022-08-15 12:01:38.724  INFO 18279 --- [main] o.s.t.web.servlet.TestDispatcherServlet  : Initializing Servlet ''
2022-08-15 12:01:38.726  INFO 18279 --- [main] o.s.t.web.servlet.TestDispatcherServlet  : Completed initialization in 2 ms
2022-08-15 12:01:38.759  INFO 18279 --- [main] c.a.p.controller.PatientControllerTest   : Started PatientControllerTest in 2.276 seconds (JVM running for 3.279)
2022-08-15 12:01:58.110  INFO 18355 --- [main] c.a.p.controller.PatientControllerTest   : Starting PatientControllerTest using Java 17.0.1 on tezkat-OptiPlex-790 with PID 18355 (started by tezkat in /home/tezkat/eclipse-workspace/abernathy/patientinfo)
2022-08-15 12:01:58.112 DEBUG 18355 --- [main] c.a.p.controller.PatientControllerTest   : Running with Spring Boot v2.7.1, Spring v5.3.21
2022-08-15 12:01:58.113  INFO 18355 --- [main] c.a.p.controller.PatientControllerTest   : No active profile set, falling back to 1 default profile: "default"
2022-08-15 12:01:59.943  INFO 18355 --- [main] o.s.b.t.m.w.SpringBootMockServletContext : Initializing Spring TestDispatcherServlet ''
2022-08-15 12:01:59.943  INFO 18355 --- [main] o.s.t.web.servlet.TestDispatcherServlet  : Initializing Servlet ''
2022-08-15 12:01:59.944  INFO 18355 --- [main] o.s.t.web.servlet.TestDispatcherServlet  : Completed initialization in 1 ms
2022-08-15 12:01:59.976  INFO 18355 --- [main] c.a.p.controller.PatientControllerTest   : Started PatientControllerTest in 2.315 seconds (JVM running for 3.321)
2022-08-15 12:10:09.081  INFO 20181 --- [main] c.a.p.controller.PatientControllerTest   : Starting PatientControllerTest using Java 17.0.1 on tezkat-OptiPlex-790 with PID 20181 (started by tezkat in /home/tezkat/eclipse-workspace/abernathy/patientinfo)
2022-08-15 12:10:09.082 DEBUG 20181 --- [main] c.a.p.controller.PatientControllerTest   : Running with Spring Boot v2.7.1, Spring v5.3.21
2022-08-15 12:10:09.083  INFO 20181 --- [main] c.a.p.controller.PatientControllerTest   : No active profile set, falling back to 1 default profile: "default"
2022-08-15 12:10:10.889  INFO 20181 --- [main] o.s.b.t.m.w.SpringBootMockServletContext : Initializing Spring TestDispatcherServlet ''
2022-08-15 12:10:10.889  INFO 20181 --- [main] o.s.t.web.servlet.TestDispatcherServlet  : Initializing Servlet ''
2022-08-15 12:10:10.891  INFO 20181 --- [main] o.s.t.web.servlet.TestDispatcherServlet  : Completed initialization in 2 ms
2022-08-15 12:10:10.919  INFO 20181 --- [main] c.a.p.controller.PatientControllerTest   : Started PatientControllerTest in 2.284 seconds (JVM running for 3.233)
2022-08-15 12:10:39.583  INFO 20241 --- [main] c.a.p.controller.PatientControllerTest   : Starting PatientControllerTest using Java 17.0.1 on tezkat-OptiPlex-790 with PID 20241 (started by tezkat in /home/tezkat/eclipse-workspace/abernathy/patientinfo)
2022-08-15 12:10:39.584 DEBUG 20241 --- [main] c.a.p.controller.PatientControllerTest   : Running with Spring Boot v2.7.1, Spring v5.3.21
2022-08-15 12:10:39.584  INFO 20241 --- [main] c.a.p.controller.PatientControllerTest   : No active profile set, falling back to 1 default profile: "default"
2022-08-15 12:10:41.423  INFO 20241 --- [main] o.s.b.t.m.w.SpringBootMockServletContext : Initializing Spring TestDispatcherServlet ''
2022-08-15 12:10:41.423  INFO 20241 --- [main] o.s.t.web.servlet.TestDispatcherServlet  : Initializing Servlet ''
2022-08-15 12:10:41.424  INFO 20241 --- [main] o.s.t.web.servlet.TestDispatcherServlet  : Completed initialization in 1 ms
2022-08-15 12:10:41.454  INFO 20241 --- [main] c.a.p.controller.PatientControllerTest   : Started PatientControllerTest in 2.298 seconds (JVM running for 3.228)
2022-08-15 12:10:59.017  INFO 20284 --- [main] c.a.p.controller.PatientControllerTest   : Starting PatientControllerTest using Java 17.0.1 on tezkat-OptiPlex-790 with PID 20284 (started by tezkat in /home/tezkat/eclipse-workspace/abernathy/patientinfo)
2022-08-15 12:10:59.018 DEBUG 20284 --- [main] c.a.p.controller.PatientControllerTest   : Running with Spring Boot v2.7.1, Spring v5.3.21
2022-08-15 12:10:59.018  INFO 20284 --- [main] c.a.p.controller.PatientControllerTest   : No active profile set, falling back to 1 default profile: "default"
2022-08-15 12:11:00.791  INFO 20284 --- [main] o.s.b.t.m.w.SpringBootMockServletContext : Initializing Spring TestDispatcherServlet ''
2022-08-15 12:11:00.791  INFO 20284 --- [main] o.s.t.web.servlet.TestDispatcherServlet  : Initializing Servlet ''
2022-08-15 12:11:00.792  INFO 20284 --- [main] o.s.t.web.servlet.TestDispatcherServlet  : Completed initialization in 1 ms
2022-08-15 12:11:00.823  INFO 20284 --- [main] c.a.p.controller.PatientControllerTest   : Started PatientControllerTest in 2.24 seconds (JVM running for 3.204)
2022-08-15 12:12:18.182  INFO 20375 --- [main] c.a.p.controller.PatientControllerTest   : Starting PatientControllerTest using Java 17.0.1 on tezkat-OptiPlex-790 with PID 20375 (started by tezkat in /home/tezkat/eclipse-workspace/abernathy/patientinfo)
2022-08-15 12:12:18.183 DEBUG 20375 --- [main] c.a.p.controller.PatientControllerTest   : Running with Spring Boot v2.7.1, Spring v5.3.21
2022-08-15 12:12:18.184  INFO 20375 --- [main] c.a.p.controller.PatientControllerTest   : No active profile set, falling back to 1 default profile: "default"
2022-08-15 12:12:19.961  INFO 20375 --- [main] o.s.b.t.m.w.SpringBootMockServletContext : Initializing Spring TestDispatcherServlet ''
2022-08-15 12:12:19.961  INFO 20375 --- [main] o.s.t.web.servlet.TestDispatcherServlet  : Initializing Servlet ''
2022-08-15 12:12:19.963  INFO 20375 --- [main] o.s.t.web.servlet.TestDispatcherServlet  : Completed initialization in 2 ms
2022-08-15 12:12:19.991  INFO 20375 --- [main] c.a.p.controller.PatientControllerTest   : Started PatientControllerTest in 2.224 seconds (JVM running for 3.175)
2022-08-15 12:12:32.711  INFO 20423 --- [main] c.a.p.controller.PatientControllerTest   : Starting PatientControllerTest using Java 17.0.1 on tezkat-OptiPlex-790 with PID 20423 (started by tezkat in /home/tezkat/eclipse-workspace/abernathy/patientinfo)
2022-08-15 12:12:32.715 DEBUG 20423 --- [main] c.a.p.controller.PatientControllerTest   : Running with Spring Boot v2.7.1, Spring v5.3.21
2022-08-15 12:12:32.715  INFO 20423 --- [main] c.a.p.controller.PatientControllerTest   : No active profile set, falling back to 1 default profile: "default"
2022-08-15 12:12:34.487  INFO 20423 --- [main] o.s.b.t.m.w.SpringBootMockServletContext : Initializing Spring TestDispatcherServlet ''
2022-08-15 12:12:34.488  INFO 20423 --- [main] o.s.t.web.servlet.TestDispatcherServlet  : Initializing Servlet ''
2022-08-15 12:12:34.489  INFO 20423 --- [main] o.s.t.web.servlet.TestDispatcherServlet  : Completed initialization in 1 ms
2022-08-15 12:12:34.519  INFO 20423 --- [main] c.a.p.controller.PatientControllerTest   : Started PatientControllerTest in 2.246 seconds (JVM running for 3.147)
2022-08-15 12:20:21.015  INFO 21117 --- [main] c.a.p.controller.PatientControllerTest   : Starting PatientControllerTest using Java 17.0.1 on tezkat-OptiPlex-790 with PID 21117 (started by tezkat in /home/tezkat/eclipse-workspace/abernathy/patientinfo)
2022-08-15 12:20:21.016 DEBUG 21117 --- [main] c.a.p.controller.PatientControllerTest   : Running with Spring Boot v2.7.1, Spring v5.3.21
2022-08-15 12:20:21.017  INFO 21117 --- [main] c.a.p.controller.PatientControllerTest   : No active profile set, falling back to 1 default profile: "default"
2022-08-15 12:20:22.632  INFO 21117 --- [main] o.s.b.t.m.w.SpringBootMockServletContext : Initializing Spring TestDispatcherServlet ''
2022-08-15 12:20:22.633  INFO 21117 --- [main] o.s.t.web.servlet.TestDispatcherServlet  : Initializing Servlet ''
2022-08-15 12:20:22.634  INFO 21117 --- [main] o.s.t.web.servlet.TestDispatcherServlet  : Completed initialization in 1 ms
2022-08-15 12:20:22.660  INFO 21117 --- [main] c.a.p.controller.PatientControllerTest   : Started PatientControllerTest in 2.041 seconds (JVM running for 2.89)
2022-08-15 12:20:43.546  INFO 21189 --- [main] c.a.p.controller.PatientControllerTest   : Starting PatientControllerTest using Java 17.0.1 on tezkat-OptiPlex-790 with PID 21189 (started by tezkat in /home/tezkat/eclipse-workspace/abernathy/patientinfo)
2022-08-15 12:20:43.547 DEBUG 21189 --- [main] c.a.p.controller.PatientControllerTest   : Running with Spring Boot v2.7.1, Spring v5.3.21
2022-08-15 12:20:43.548  INFO 21189 --- [main] c.a.p.controller.PatientControllerTest   : No active profile set, falling back to 1 default profile: "default"
2022-08-15 12:20:45.148  INFO 21189 --- [main] o.s.b.t.m.w.SpringBootMockServletContext : Initializing Spring TestDispatcherServlet ''
2022-08-15 12:20:45.148  INFO 21189 --- [main] o.s.t.web.servlet.TestDispatcherServlet  : Initializing Servlet ''
2022-08-15 12:20:45.149  INFO 21189 --- [main] o.s.t.web.servlet.TestDispatcherServlet  : Completed initialization in 1 ms
2022-08-15 12:20:45.178  INFO 21189 --- [main] c.a.p.controller.PatientControllerTest   : Started PatientControllerTest in 2.024 seconds (JVM running for 2.878)
2022-08-15 13:57:13.023  INFO 23870 --- [main] c.a.p.controller.PatientControllerTest   : Starting PatientControllerTest using Java 17.0.1 on tezkat-OptiPlex-790 with PID 23870 (started by tezkat in /home/tezkat/eclipse-workspace/abernathy/patientinfo)
2022-08-15 13:57:13.024 DEBUG 23870 --- [main] c.a.p.controller.PatientControllerTest   : Running with Spring Boot v2.7.1, Spring v5.3.21
2022-08-15 13:57:13.025  INFO 23870 --- [main] c.a.p.controller.PatientControllerTest   : No active profile set, falling back to 1 default profile: "default"
2022-08-15 13:57:14.806  INFO 23870 --- [main] o.s.b.t.m.w.SpringBootMockServletContext : Initializing Spring TestDispatcherServlet ''
2022-08-15 13:57:14.806  INFO 23870 --- [main] o.s.t.web.servlet.TestDispatcherServlet  : Initializing Servlet ''
2022-08-15 13:57:14.807  INFO 23870 --- [main] o.s.t.web.servlet.TestDispatcherServlet  : Completed initialization in 1 ms
2022-08-15 13:57:14.838  INFO 23870 --- [main] c.a.p.controller.PatientControllerTest   : Started PatientControllerTest in 2.299 seconds (JVM running for 3.423)
2022-08-15 13:59:22.638  INFO 24148 --- [main] c.a.p.controller.PatientControllerTest   : Starting PatientControllerTest using Java 17.0.1 on tezkat-OptiPlex-790 with PID 24148 (started by tezkat in /home/tezkat/eclipse-workspace/abernathy/patientinfo)
2022-08-15 13:59:22.639 DEBUG 24148 --- [main] c.a.p.controller.PatientControllerTest   : Running with Spring Boot v2.7.1, Spring v5.3.21
2022-08-15 13:59:22.640  INFO 24148 --- [main] c.a.p.controller.PatientControllerTest   : No active profile set, falling back to 1 default profile: "default"
2022-08-15 13:59:24.501  INFO 24148 --- [main] o.s.b.t.m.w.SpringBootMockServletContext : Initializing Spring TestDispatcherServlet ''
2022-08-15 13:59:24.502  INFO 24148 --- [main] o.s.t.web.servlet.TestDispatcherServlet  : Initializing Servlet ''
2022-08-15 13:59:24.503  INFO 24148 --- [main] o.s.t.web.servlet.TestDispatcherServlet  : Completed initialization in 1 ms
2022-08-15 13:59:24.535  INFO 24148 --- [main] c.a.p.controller.PatientControllerTest   : Started PatientControllerTest in 2.341 seconds (JVM running for 3.291)
2022-08-15 14:01:01.934  INFO 24230 --- [main] c.a.p.controller.PatientControllerTest   : Starting PatientControllerTest using Java 17.0.1 on tezkat-OptiPlex-790 with PID 24230 (started by tezkat in /home/tezkat/eclipse-workspace/abernathy/patientinfo)
2022-08-15 14:01:01.935 DEBUG 24230 --- [main] c.a.p.controller.PatientControllerTest   : Running with Spring Boot v2.7.1, Spring v5.3.21
2022-08-15 14:01:01.936  INFO 24230 --- [main] c.a.p.controller.PatientControllerTest   : No active profile set, falling back to 1 default profile: "default"
2022-08-15 14:01:03.766  INFO 24230 --- [main] o.s.b.t.m.w.SpringBootMockServletContext : Initializing Spring TestDispatcherServlet ''
2022-08-15 14:01:03.766  INFO 24230 --- [main] o.s.t.web.servlet.TestDispatcherServlet  : Initializing Servlet ''
2022-08-15 14:01:03.767  INFO 24230 --- [main] o.s.t.web.servlet.TestDispatcherServlet  : Completed initialization in 1 ms
2022-08-15 14:01:03.798  INFO 24230 --- [main] c.a.p.controller.PatientControllerTest   : Started PatientControllerTest in 2.321 seconds (JVM running for 3.252)
2022-08-15 14:03:49.154  INFO 24338 --- [main] c.a.p.controller.PatientControllerTest   : Starting PatientControllerTest using Java 17.0.1 on tezkat-OptiPlex-790 with PID 24338 (started by tezkat in /home/tezkat/eclipse-workspace/abernathy/patientinfo)
2022-08-15 14:03:49.155 DEBUG 24338 --- [main] c.a.p.controller.PatientControllerTest   : Running with Spring Boot v2.7.1, Spring v5.3.21
2022-08-15 14:03:49.156  INFO 24338 --- [main] c.a.p.controller.PatientControllerTest   : No active profile set, falling back to 1 default profile: "default"
2022-08-15 14:03:50.999  INFO 24338 --- [main] o.s.b.t.m.w.SpringBootMockServletContext : Initializing Spring TestDispatcherServlet ''
2022-08-15 14:03:50.999  INFO 24338 --- [main] o.s.t.web.servlet.TestDispatcherServlet  : Initializing Servlet ''
2022-08-15 14:03:51.001  INFO 24338 --- [main] o.s.t.web.servlet.TestDispatcherServlet  : Completed initialization in 2 ms
2022-08-15 14:03:51.030  INFO 24338 --- [main] c.a.p.controller.PatientControllerTest   : Started PatientControllerTest in 2.323 seconds (JVM running for 3.22)
2022-08-15 14:05:38.305  INFO 24427 --- [main] c.a.p.controller.PatientControllerTest   : Starting PatientControllerTest using Java 17.0.1 on tezkat-OptiPlex-790 with PID 24427 (started by tezkat in /home/tezkat/eclipse-workspace/abernathy/patientinfo)
2022-08-15 14:05:38.306 DEBUG 24427 --- [main] c.a.p.controller.PatientControllerTest   : Running with Spring Boot v2.7.1, Spring v5.3.21
2022-08-15 14:05:38.307  INFO 24427 --- [main] c.a.p.controller.PatientControllerTest   : No active profile set, falling back to 1 default profile: "default"
2022-08-15 14:05:40.081  INFO 24427 --- [main] o.s.b.t.m.w.SpringBootMockServletContext : Initializing Spring TestDispatcherServlet ''
2022-08-15 14:05:40.082  INFO 24427 --- [main] o.s.t.web.servlet.TestDispatcherServlet  : Initializing Servlet ''
2022-08-15 14:05:40.083  INFO 24427 --- [main] o.s.t.web.servlet.TestDispatcherServlet  : Completed initialization in 1 ms
2022-08-15 14:05:40.113  INFO 24427 --- [main] c.a.p.controller.PatientControllerTest   : Started PatientControllerTest in 2.247 seconds (JVM running for 3.169)
2022-08-15 14:06:59.825  INFO 24521 --- [main] c.a.p.controller.PatientControllerTest   : Starting PatientControllerTest using Java 17.0.1 on tezkat-OptiPlex-790 with PID 24521 (started by tezkat in /home/tezkat/eclipse-workspace/abernathy/patientinfo)
2022-08-15 14:06:59.826 DEBUG 24521 --- [main] c.a.p.controller.PatientControllerTest   : Running with Spring Boot v2.7.1, Spring v5.3.21
2022-08-15 14:06:59.827  INFO 24521 --- [main] c.a.p.controller.PatientControllerTest   : No active profile set, falling back to 1 default profile: "default"
2022-08-15 14:07:01.648  INFO 24521 --- [main] o.s.b.t.m.w.SpringBootMockServletContext : Initializing Spring TestDispatcherServlet ''
2022-08-15 14:07:01.648  INFO 24521 --- [main] o.s.t.web.servlet.TestDispatcherServlet  : Initializing Servlet ''
2022-08-15 14:07:01.650  INFO 24521 --- [main] o.s.t.web.servlet.TestDispatcherServlet  : Completed initialization in 1 ms
2022-08-15 14:07:01.678  INFO 24521 --- [main] c.a.p.controller.PatientControllerTest   : Started PatientControllerTest in 2.281 seconds (JVM running for 3.164)
2022-08-15 14:07:24.855  INFO 24567 --- [main] c.a.p.controller.PatientControllerTest   : Starting PatientControllerTest using Java 17.0.1 on tezkat-OptiPlex-790 with PID 24567 (started by tezkat in /home/tezkat/eclipse-workspace/abernathy/patientinfo)
2022-08-15 14:07:24.857 DEBUG 24567 --- [main] c.a.p.controller.PatientControllerTest   : Running with Spring Boot v2.7.1, Spring v5.3.21
2022-08-15 14:07:24.857  INFO 24567 --- [main] c.a.p.controller.PatientControllerTest   : No active profile set, falling back to 1 default profile: "default"
2022-08-15 14:07:26.680  INFO 24567 --- [main] o.s.b.t.m.w.SpringBootMockServletContext : Initializing Spring TestDispatcherServlet ''
2022-08-15 14:07:26.680  INFO 24567 --- [main] o.s.t.web.servlet.TestDispatcherServlet  : Initializing Servlet ''
2022-08-15 14:07:26.681  INFO 24567 --- [main] o.s.t.web.servlet.TestDispatcherServlet  : Completed initialization in 1 ms
2022-08-15 14:07:26.711  INFO 24567 --- [main] c.a.p.controller.PatientControllerTest   : Started PatientControllerTest in 2.298 seconds (JVM running for 3.207)
2022-08-15 14:16:03.086  INFO 25729 --- [main] c.a.p.controller.PatientControllerTest   : Starting PatientControllerTest using Java 17.0.1 on tezkat-OptiPlex-790 with PID 25729 (started by tezkat in /home/tezkat/eclipse-workspace/abernathy/patientinfo)
2022-08-15 14:16:03.087 DEBUG 25729 --- [main] c.a.p.controller.PatientControllerTest   : Running with Spring Boot v2.7.1, Spring v5.3.21
2022-08-15 14:16:03.088  INFO 25729 --- [main] c.a.p.controller.PatientControllerTest   : No active profile set, falling back to 1 default profile: "default"
2022-08-15 14:16:04.686  INFO 25729 --- [main] o.s.b.t.m.w.SpringBootMockServletContext : Initializing Spring TestDispatcherServlet ''
2022-08-15 14:16:04.687  INFO 25729 --- [main] o.s.t.web.servlet.TestDispatcherServlet  : Initializing Servlet ''
2022-08-15 14:16:04.688  INFO 25729 --- [main] o.s.t.web.servlet.TestDispatcherServlet  : Completed initialization in 1 ms
2022-08-15 14:16:04.713  INFO 25729 --- [main] c.a.p.controller.PatientControllerTest   : Started PatientControllerTest in 2.035 seconds (JVM running for 2.873)
2022-08-15 14:19:18.899  INFO 26099 --- [main] c.a.p.controller.PatientControllerTest   : Starting PatientControllerTest using Java 17.0.1 on tezkat-OptiPlex-790 with PID 26099 (started by tezkat in /home/tezkat/eclipse-workspace/abernathy/patientinfo)
2022-08-15 14:19:18.900 DEBUG 26099 --- [main] c.a.p.controller.PatientControllerTest   : Running with Spring Boot v2.7.1, Spring v5.3.21
2022-08-15 14:19:18.901  INFO 26099 --- [main] c.a.p.controller.PatientControllerTest   : No active profile set, falling back to 1 default profile: "default"
2022-08-15 14:19:20.523  INFO 26099 --- [main] o.s.b.t.m.w.SpringBootMockServletContext : Initializing Spring TestDispatcherServlet ''
2022-08-15 14:19:20.523  INFO 26099 --- [main] o.s.t.web.servlet.TestDispatcherServlet  : Initializing Servlet ''
2022-08-15 14:19:20.525  INFO 26099 --- [main] o.s.t.web.servlet.TestDispatcherServlet  : Completed initialization in 1 ms
2022-08-15 14:19:20.553  INFO 26099 --- [main] c.a.p.controller.PatientControllerTest   : Started PatientControllerTest in 2.053 seconds (JVM running for 2.962)
2022-08-15 14:20:02.392  INFO 26180 --- [main] c.a.p.controller.PatientControllerTest   : Starting PatientControllerTest using Java 17.0.1 on tezkat-OptiPlex-790 with PID 26180 (started by tezkat in /home/tezkat/eclipse-workspace/abernathy/patientinfo)
2022-08-15 14:20:02.393 DEBUG 26180 --- [main] c.a.p.controller.PatientControllerTest   : Running with Spring Boot v2.7.1, Spring v5.3.21
2022-08-15 14:20:02.393  INFO 26180 --- [main] c.a.p.controller.PatientControllerTest   : No active profile set, falling back to 1 default profile: "default"
2022-08-15 14:20:03.997  INFO 26180 --- [main] o.s.b.t.m.w.SpringBootMockServletContext : Initializing Spring TestDispatcherServlet ''
2022-08-15 14:20:03.997  INFO 26180 --- [main] o.s.t.web.servlet.TestDispatcherServlet  : Initializing Servlet ''
2022-08-15 14:20:03.999  INFO 26180 --- [main] o.s.t.web.servlet.TestDispatcherServlet  : Completed initialization in 1 ms
2022-08-15 14:20:04.024  INFO 26180 --- [main] c.a.p.controller.PatientControllerTest   : Started PatientControllerTest in 2.042 seconds (JVM running for 2.95)
2022-08-15 14:21:19.464  INFO 26270 --- [main] c.a.p.controller.PatientControllerTest   : Starting PatientControllerTest using Java 17.0.1 on tezkat-OptiPlex-790 with PID 26270 (started by tezkat in /home/tezkat/eclipse-workspace/abernathy/patientinfo)
2022-08-15 14:21:19.465 DEBUG 26270 --- [main] c.a.p.controller.PatientControllerTest   : Running with Spring Boot v2.7.1, Spring v5.3.21
2022-08-15 14:21:19.466  INFO 26270 --- [main] c.a.p.controller.PatientControllerTest   : No active profile set, falling back to 1 default profile: "default"
2022-08-15 14:21:21.068  INFO 26270 --- [main] o.s.b.t.m.w.SpringBootMockServletContext : Initializing Spring TestDispatcherServlet ''
2022-08-15 14:21:21.068  INFO 26270 --- [main] o.s.t.web.servlet.TestDispatcherServlet  : Initializing Servlet ''
2022-08-15 14:21:21.070  INFO 26270 --- [main] o.s.t.web.servlet.TestDispatcherServlet  : Completed initialization in 0 ms
2022-08-15 14:21:21.095  INFO 26270 --- [main] c.a.p.controller.PatientControllerTest   : Started PatientControllerTest in 2.028 seconds (JVM running for 2.865)
2022-08-15 14:25:09.030  INFO 26428 --- [main] c.a.p.controller.PatientControllerTest   : Starting PatientControllerTest using Java 17.0.1 on tezkat-OptiPlex-790 with PID 26428 (started by tezkat in /home/tezkat/eclipse-workspace/abernathy/patientinfo)
2022-08-15 14:25:09.031 DEBUG 26428 --- [main] c.a.p.controller.PatientControllerTest   : Running with Spring Boot v2.7.1, Spring v5.3.21
2022-08-15 14:25:09.032  INFO 26428 --- [main] c.a.p.controller.PatientControllerTest   : No active profile set, falling back to 1 default profile: "default"
2022-08-15 14:25:10.643  INFO 26428 --- [main] o.s.b.t.m.w.SpringBootMockServletContext : Initializing Spring TestDispatcherServlet ''
2022-08-15 14:25:10.643  INFO 26428 --- [main] o.s.t.web.servlet.TestDispatcherServlet  : Initializing Servlet ''
2022-08-15 14:25:10.644  INFO 26428 --- [main] o.s.t.web.servlet.TestDispatcherServlet  : Completed initialization in 1 ms
2022-08-15 14:25:10.670  INFO 26428 --- [main] c.a.p.controller.PatientControllerTest   : Started PatientControllerTest in 2.033 seconds (JVM running for 2.941)
2022-08-15 14:25:36.601  INFO 26473 --- [main] c.a.p.controller.PatientControllerTest   : Starting PatientControllerTest using Java 17.0.1 on tezkat-OptiPlex-790 with PID 26473 (started by tezkat in /home/tezkat/eclipse-workspace/abernathy/patientinfo)
2022-08-15 14:25:36.602 DEBUG 26473 --- [main] c.a.p.controller.PatientControllerTest   : Running with Spring Boot v2.7.1, Spring v5.3.21
2022-08-15 14:25:36.602  INFO 26473 --- [main] c.a.p.controller.PatientControllerTest   : No active profile set, falling back to 1 default profile: "default"
2022-08-15 14:25:38.376  INFO 26473 --- [main] o.s.b.t.m.w.SpringBootMockServletContext : Initializing Spring TestDispatcherServlet ''
2022-08-15 14:25:38.377  INFO 26473 --- [main] o.s.t.web.servlet.TestDispatcherServlet  : Initializing Servlet ''
2022-08-15 14:25:38.378  INFO 26473 --- [main] o.s.t.web.servlet.TestDispatcherServlet  : Completed initialization in 1 ms
2022-08-15 14:25:38.406  INFO 26473 --- [main] c.a.p.controller.PatientControllerTest   : Started PatientControllerTest in 2.192 seconds (JVM running for 3.139)
2022-08-15 15:05:01.448  INFO 30016 --- [main] c.a.p.controller.PatientControllerTest   : Starting PatientControllerTest using Java 17.0.1 on tezkat-OptiPlex-790 with PID 30016 (started by tezkat in /home/tezkat/eclipse-workspace/abernathy/patientinfo)
2022-08-15 15:05:01.450 DEBUG 30016 --- [main] c.a.p.controller.PatientControllerTest   : Running with Spring Boot v2.7.1, Spring v5.3.21
2022-08-15 15:05:01.451  INFO 30016 --- [main] c.a.p.controller.PatientControllerTest   : No active profile set, falling back to 1 default profile: "default"
2022-08-15 15:05:03.826  INFO 30016 --- [main] o.s.b.t.m.w.SpringBootMockServletContext : Initializing Spring TestDispatcherServlet ''
2022-08-15 15:05:03.826  INFO 30016 --- [main] o.s.t.web.servlet.TestDispatcherServlet  : Initializing Servlet ''
2022-08-15 15:05:03.828  INFO 30016 --- [main] o.s.t.web.servlet.TestDispatcherServlet  : Completed initialization in 2 ms
2022-08-15 15:05:03.867  INFO 30016 --- [main] c.a.p.controller.PatientControllerTest   : Started PatientControllerTest in 2.994 seconds (JVM running for 4.365)
2022-08-15 15:05:04.440  WARN 30016 --- [main] .w.s.m.s.DefaultHandlerExceptionResolver : Resolved [org.springframework.web.bind.MethodArgumentNotValidException: Validation failed for argument [0] in public com.abernathyclinic.patientinfo.dto.PatientDTO com.abernathyclinic.patientinfo.controller.PatientController.savePatient(com.abernathyclinic.patientinfo.dto.PatientDTO): [Field error in object 'patientDTO' on field 'firstname': rejected value [null]; codes [NotNull.patientDTO.firstname,NotNull.firstname,NotNull.java.lang.String,NotNull]; arguments [org.springframework.context.support.DefaultMessageSourceResolvable: codes [patientDTO.firstname,firstname]; arguments []; default message [firstname]]; default message [must not be null]] ]
2022-08-15 15:09:33.986  INFO 30500 --- [main] c.a.p.controller.PatientControllerTest   : Starting PatientControllerTest using Java 17.0.1 on tezkat-OptiPlex-790 with PID 30500 (started by tezkat in /home/tezkat/eclipse-workspace/abernathy/patientinfo)
2022-08-15 15:09:33.988 DEBUG 30500 --- [main] c.a.p.controller.PatientControllerTest   : Running with Spring Boot v2.7.1, Spring v5.3.21
2022-08-15 15:09:33.988  INFO 30500 --- [main] c.a.p.controller.PatientControllerTest   : No active profile set, falling back to 1 default profile: "default"
2022-08-15 15:09:36.049  INFO 30500 --- [main] o.s.b.t.m.w.SpringBootMockServletContext : Initializing Spring TestDispatcherServlet ''
2022-08-15 15:09:36.049  INFO 30500 --- [main] o.s.t.web.servlet.TestDispatcherServlet  : Initializing Servlet ''
2022-08-15 15:09:36.050  INFO 30500 --- [main] o.s.t.web.servlet.TestDispatcherServlet  : Completed initialization in 1 ms
2022-08-15 15:09:36.084  INFO 30500 --- [main] c.a.p.controller.PatientControllerTest   : Started PatientControllerTest in 2.581 seconds (JVM running for 3.689)
2022-08-15 15:09:36.478  WARN 30500 --- [main] .w.s.m.s.DefaultHandlerExceptionResolver : Resolved [org.springframework.web.bind.MethodArgumentNotValidException: Validation failed for argument [0] in public com.abernathyclinic.patientinfo.dto.PatientDTO com.abernathyclinic.patientinfo.controller.PatientController.savePatient(com.abernathyclinic.patientinfo.dto.PatientDTO): [Field error in object 'patientDTO' on field 'firstname': rejected value [null]; codes [NotNull.patientDTO.firstname,NotNull.firstname,NotNull.java.lang.String,NotNull]; arguments [org.springframework.context.support.DefaultMessageSourceResolvable: codes [patientDTO.firstname,firstname]; arguments []; default message [firstname]]; default message [Le prénom doit être renseigné]] ]
2022-08-15 15:10:50.866  INFO 30548 --- [main] c.a.p.controller.PatientControllerTest   : Starting PatientControllerTest using Java 17.0.1 on tezkat-OptiPlex-790 with PID 30548 (started by tezkat in /home/tezkat/eclipse-workspace/abernathy/patientinfo)
2022-08-15 15:10:50.867 DEBUG 30548 --- [main] c.a.p.controller.PatientControllerTest   : Running with Spring Boot v2.7.1, Spring v5.3.21
2022-08-15 15:10:50.868  INFO 30548 --- [main] c.a.p.controller.PatientControllerTest   : No active profile set, falling back to 1 default profile: "default"
2022-08-15 15:10:52.905  INFO 30548 --- [main] o.s.b.t.m.w.SpringBootMockServletContext : Initializing Spring TestDispatcherServlet ''
2022-08-15 15:10:52.905  INFO 30548 --- [main] o.s.t.web.servlet.TestDispatcherServlet  : Initializing Servlet ''
2022-08-15 15:10:52.907  INFO 30548 --- [main] o.s.t.web.servlet.TestDispatcherServlet  : Completed initialization in 2 ms
2022-08-15 15:10:52.938  INFO 30548 --- [main] c.a.p.controller.PatientControllerTest   : Started PatientControllerTest in 2.567 seconds (JVM running for 3.579)
2022-08-15 15:10:53.329  WARN 30548 --- [main] .w.s.m.s.DefaultHandlerExceptionResolver : Resolved [org.springframework.web.bind.MethodArgumentNotValidException: Validation failed for argument [0] in public com.abernathyclinic.patientinfo.dto.PatientDTO com.abernathyclinic.patientinfo.controller.PatientController.savePatient(com.abernathyclinic.patientinfo.dto.PatientDTO): [Field error in object 'patientDTO' on field 'firstname': rejected value [null]; codes [NotNull.patientDTO.firstname,NotNull.firstname,NotNull.java.lang.String,NotNull]; arguments [org.springframework.context.support.DefaultMessageSourceResolvable: codes [patientDTO.firstname,firstname]; arguments []; default message [firstname]]; default message [Le prénom doit être renseigné]] ]
2022-08-15 15:13:50.091  INFO 30745 --- [main] c.a.p.controller.PatientControllerTest   : Starting PatientControllerTest using Java 17.0.1 on tezkat-OptiPlex-790 with PID 30745 (started by tezkat in /home/tezkat/eclipse-workspace/abernathy/patientinfo)
2022-08-15 15:13:50.092 DEBUG 30745 --- [main] c.a.p.controller.PatientControllerTest   : Running with Spring Boot v2.7.1, Spring v5.3.21
2022-08-15 15:13:50.093  INFO 30745 --- [main] c.a.p.controller.PatientControllerTest   : No active profile set, falling back to 1 default profile: "default"
2022-08-15 15:13:52.123  INFO 30745 --- [main] o.s.b.t.m.w.SpringBootMockServletContext : Initializing Spring TestDispatcherServlet ''
2022-08-15 15:13:52.123  INFO 30745 --- [main] o.s.t.web.servlet.TestDispatcherServlet  : Initializing Servlet ''
2022-08-15 15:13:52.125  INFO 30745 --- [main] o.s.t.web.servlet.TestDispatcherServlet  : Completed initialization in 1 ms
2022-08-15 15:13:52.158  INFO 30745 --- [main] c.a.p.controller.PatientControllerTest   : Started PatientControllerTest in 2.55 seconds (JVM running for 3.779)
2022-08-15 15:13:52.575  WARN 30745 --- [main] .w.s.m.s.DefaultHandlerExceptionResolver : Resolved [org.springframework.web.bind.MethodArgumentNotValidException: Validation failed for argument [0] in public com.abernathyclinic.patientinfo.dto.PatientDTO com.abernathyclinic.patientinfo.controller.PatientController.savePatient(com.abernathyclinic.patientinfo.dto.PatientDTO): [Field error in object 'patientDTO' on field 'firstname': rejected value [null]; codes [NotNull.patientDTO.firstname,NotNull.firstname,NotNull.java.lang.String,NotNull]; arguments [org.springframework.context.support.DefaultMessageSourceResolvable: codes [patientDTO.firstname,firstname]; arguments []; default message [firstname]]; default message [Le prénom doit être renseigné]] ]
2022-08-15 15:15:00.019  INFO 30882 --- [main] c.a.p.controller.PatientControllerTest   : Starting PatientControllerTest using Java 17.0.1 on tezkat-OptiPlex-790 with PID 30882 (started by tezkat in /home/tezkat/eclipse-workspace/abernathy/patientinfo)
2022-08-15 15:15:00.021 DEBUG 30882 --- [main] c.a.p.controller.PatientControllerTest   : Running with Spring Boot v2.7.1, Spring v5.3.21
2022-08-15 15:15:00.022  INFO 30882 --- [main] c.a.p.controller.PatientControllerTest   : No active profile set, falling back to 1 default profile: "default"
2022-08-15 15:15:02.054  INFO 30882 --- [main] o.s.b.t.m.w.SpringBootMockServletContext : Initializing Spring TestDispatcherServlet ''
2022-08-15 15:15:02.055  INFO 30882 --- [main] o.s.t.web.servlet.TestDispatcherServlet  : Initializing Servlet ''
2022-08-15 15:15:02.056  INFO 30882 --- [main] o.s.t.web.servlet.TestDispatcherServlet  : Completed initialization in 1 ms
2022-08-15 15:15:02.088  INFO 30882 --- [main] c.a.p.controller.PatientControllerTest   : Started PatientControllerTest in 2.571 seconds (JVM running for 3.66)
2022-08-15 15:15:02.489  WARN 30882 --- [main] .w.s.m.s.DefaultHandlerExceptionResolver : Resolved [org.springframework.web.bind.MethodArgumentNotValidException: Validation failed for argument [0] in public com.abernathyclinic.patientinfo.dto.PatientDTO com.abernathyclinic.patientinfo.controller.PatientController.savePatient(com.abernathyclinic.patientinfo.dto.PatientDTO): [Field error in object 'patientDTO' on field 'firstname': rejected value [null]; codes [NotNull.patientDTO.firstname,NotNull.firstname,NotNull.java.lang.String,NotNull]; arguments [org.springframework.context.support.DefaultMessageSourceResolvable: codes [patientDTO.firstname,firstname]; arguments []; default message [firstname]]; default message [Le prénom doit être renseigné]] ]
2022-08-15 15:15:50.300  INFO 30949 --- [main] c.a.p.controller.PatientControllerTest   : Starting PatientControllerTest using Java 17.0.1 on tezkat-OptiPlex-790 with PID 30949 (started by tezkat in /home/tezkat/eclipse-workspace/abernathy/patientinfo)
2022-08-15 15:15:50.301 DEBUG 30949 --- [main] c.a.p.controller.PatientControllerTest   : Running with Spring Boot v2.7.1, Spring v5.3.21
2022-08-15 15:15:50.302  INFO 30949 --- [main] c.a.p.controller.PatientControllerTest   : No active profile set, falling back to 1 default profile: "default"
2022-08-15 15:15:52.332  INFO 30949 --- [main] o.s.b.t.m.w.SpringBootMockServletContext : Initializing Spring TestDispatcherServlet ''
2022-08-15 15:15:52.333  INFO 30949 --- [main] o.s.t.web.servlet.TestDispatcherServlet  : Initializing Servlet ''
2022-08-15 15:15:52.334  INFO 30949 --- [main] o.s.t.web.servlet.TestDispatcherServlet  : Completed initialization in 1 ms
2022-08-15 15:15:52.366  INFO 30949 --- [main] c.a.p.controller.PatientControllerTest   : Started PatientControllerTest in 2.547 seconds (JVM running for 3.574)
2022-08-15 15:15:52.746  WARN 30949 --- [main] .w.s.m.s.DefaultHandlerExceptionResolver : Resolved [org.springframework.web.bind.MethodArgumentNotValidException: Validation failed for argument [0] in public com.abernathyclinic.patientinfo.dto.PatientDTO com.abernathyclinic.patientinfo.controller.PatientController.savePatient(com.abernathyclinic.patientinfo.dto.PatientDTO): [Field error in object 'patientDTO' on field 'firstname': rejected value [null]; codes [NotNull.patientDTO.firstname,NotNull.firstname,NotNull.java.lang.String,NotNull]; arguments [org.springframework.context.support.DefaultMessageSourceResolvable: codes [patientDTO.firstname,firstname]; arguments []; default message [firstname]]; default message [Le prénom doit être renseigné]] ]
2022-08-15 15:17:31.486  INFO 30995 --- [main] c.a.p.controller.PatientControllerTest   : Starting PatientControllerTest using Java 17.0.1 on tezkat-OptiPlex-790 with PID 30995 (started by tezkat in /home/tezkat/eclipse-workspace/abernathy/patientinfo)
2022-08-15 15:17:31.488 DEBUG 30995 --- [main] c.a.p.controller.PatientControllerTest   : Running with Spring Boot v2.7.1, Spring v5.3.21
2022-08-15 15:17:31.488  INFO 30995 --- [main] c.a.p.controller.PatientControllerTest   : No active profile set, falling back to 1 default profile: "default"
2022-08-15 15:17:33.493  INFO 30995 --- [main] o.s.b.t.m.w.SpringBootMockServletContext : Initializing Spring TestDispatcherServlet ''
2022-08-15 15:17:33.493  INFO 30995 --- [main] o.s.t.web.servlet.TestDispatcherServlet  : Initializing Servlet ''
2022-08-15 15:17:33.495  INFO 30995 --- [main] o.s.t.web.servlet.TestDispatcherServlet  : Completed initialization in 1 ms
2022-08-15 15:17:33.529  INFO 30995 --- [main] c.a.p.controller.PatientControllerTest   : Started PatientControllerTest in 2.519 seconds (JVM running for 3.533)
2022-08-15 15:17:33.913  WARN 30995 --- [main] .w.s.m.s.DefaultHandlerExceptionResolver : Resolved [org.springframework.web.bind.MethodArgumentNotValidException: Validation failed for argument [0] in public com.abernathyclinic.patientinfo.dto.PatientDTO com.abernathyclinic.patientinfo.controller.PatientController.savePatient(com.abernathyclinic.patientinfo.dto.PatientDTO): [Field error in object 'patientDTO' on field 'firstname': rejected value [null]; codes [NotNull.patientDTO.firstname,NotNull.firstname,NotNull.java.lang.String,NotNull]; arguments [org.springframework.context.support.DefaultMessageSourceResolvable: codes [patientDTO.firstname,firstname]; arguments []; default message [firstname]]; default message [Le prénom doit être renseigné]] ]
2022-08-15 15:18:48.944  INFO 31056 --- [main] c.a.p.controller.PatientControllerTest   : Starting PatientControllerTest using Java 17.0.1 on tezkat-OptiPlex-790 with PID 31056 (started by tezkat in /home/tezkat/eclipse-workspace/abernathy/patientinfo)
2022-08-15 15:18:48.945 DEBUG 31056 --- [main] c.a.p.controller.PatientControllerTest   : Running with Spring Boot v2.7.1, Spring v5.3.21
2022-08-15 15:18:48.946  INFO 31056 --- [main] c.a.p.controller.PatientControllerTest   : No active profile set, falling back to 1 default profile: "default"
2022-08-15 15:18:51.061  INFO 31056 --- [main] o.s.b.t.m.w.SpringBootMockServletContext : Initializing Spring TestDispatcherServlet ''
2022-08-15 15:18:51.061  INFO 31056 --- [main] o.s.t.web.servlet.TestDispatcherServlet  : Initializing Servlet ''
2022-08-15 15:18:51.063  INFO 31056 --- [main] o.s.t.web.servlet.TestDispatcherServlet  : Completed initialization in 1 ms
2022-08-15 15:18:51.097  INFO 31056 --- [main] c.a.p.controller.PatientControllerTest   : Started PatientControllerTest in 2.64 seconds (JVM running for 3.645)
2022-08-15 15:18:51.498  WARN 31056 --- [main] .w.s.m.s.DefaultHandlerExceptionResolver : Resolved [org.springframework.web.bind.MethodArgumentNotValidException: Validation failed for argument [0] in public com.abernathyclinic.patientinfo.dto.PatientDTO com.abernathyclinic.patientinfo.controller.PatientController.savePatient(com.abernathyclinic.patientinfo.dto.PatientDTO): [Field error in object 'patientDTO' on field 'firstname': rejected value [null]; codes [NotNull.patientDTO.firstname,NotNull.firstname,NotNull.java.lang.String,NotNull]; arguments [org.springframework.context.support.DefaultMessageSourceResolvable: codes [patientDTO.firstname,firstname]; arguments []; default message [firstname]]; default message [Le prénom doit être renseigné]] ]
2022-08-15 15:19:41.536  INFO 31095 --- [main] c.a.patientinfo.PatientinfoApplication   : Starting PatientinfoApplication using Java 17.0.1 on tezkat-OptiPlex-790 with PID 31095 (/home/tezkat/eclipse-workspace/abernathy/patientinfo/target/classes started by tezkat in /home/tezkat/eclipse-workspace/abernathy/patientinfo)
2022-08-15 15:19:41.539 DEBUG 31095 --- [main] c.a.patientinfo.PatientinfoApplication   : Running with Spring Boot v2.7.1, Spring v5.3.21
2022-08-15 15:19:41.539  INFO 31095 --- [main] c.a.patientinfo.PatientinfoApplication   : No active profile set, falling back to 1 default profile: "default"
2022-08-15 15:19:42.780  INFO 31095 --- [main] .s.d.r.c.RepositoryConfigurationDelegate : Bootstrapping Spring Data JPA repositories in DEFAULT mode.
2022-08-15 15:19:42.935  INFO 31095 --- [main] .s.d.r.c.RepositoryConfigurationDelegate : Finished Spring Data repository scanning in 142 ms. Found 1 JPA repository interfaces.
2022-08-15 15:19:43.238  INFO 31095 --- [main] o.s.cloud.context.scope.GenericScope     : BeanFactory id=78bcbfd6-da62-3d27-8c11-c642c5d0a886
2022-08-15 15:19:43.885  INFO 31095 --- [main] o.s.b.w.embedded.tomcat.TomcatWebServer  : Tomcat initialized with port(s): 8081 (http)
2022-08-15 15:19:44.065  INFO 31095 --- [main] w.s.c.ServletWebServerApplicationContext : Root WebApplicationContext: initialization completed in 2472 ms
2022-08-15 15:19:45.794  INFO 31095 --- [main] j.LocalContainerEntityManagerFactoryBean : Initialized JPA EntityManagerFactory for persistence unit 'default'
2022-08-15 15:19:46.280  WARN 31095 --- [main] JpaBaseConfiguration$JpaWebConfiguration : spring.jpa.open-in-view is enabled by default. Therefore, database queries may be performed during view rendering. Explicitly configure spring.jpa.open-in-view to disable this warning
2022-08-15 15:19:46.852  INFO 31095 --- [main] DiscoveryClientOptionalArgsConfiguration : Eureka HTTP Client uses RestTemplate.
2022-08-15 15:19:46.951  WARN 31095 --- [main] iguration$LoadBalancerCaffeineWarnLogger : Spring Cloud LoadBalancer is currently working with the default cache. While this cache implementation is useful for development and tests, it's recommended to use Caffeine cache in production.You can switch to using Caffeine cache, by adding it and org.springframework.cache.caffeine.CaffeineCacheManager to the classpath.
2022-08-15 15:19:46.960  INFO 31095 --- [main] o.s.b.a.e.web.EndpointLinksResolver      : Exposing 1 endpoint(s) beneath base path '/actuator'
2022-08-15 15:19:47.007  INFO 31095 --- [main] o.s.b.w.embedded.tomcat.TomcatWebServer  : Tomcat started on port(s): 8081 (http) with context path ''
2022-08-15 15:19:47.027  INFO 31095 --- [main] c.a.patientinfo.PatientinfoApplication   : Started PatientinfoApplication in 6.094 seconds (JVM running for 6.569)
2022-08-15 15:21:34.613  INFO 31095 --- [http-nio-8081-exec-1] o.s.web.servlet.DispatcherServlet        : Initializing Servlet 'dispatcherServlet'
2022-08-15 15:21:34.616  INFO 31095 --- [http-nio-8081-exec-1] o.s.web.servlet.DispatcherServlet        : Completed initialization in 2 ms
2022-08-15 15:21:34.957 ERROR 31095 --- [http-nio-8081-exec-1] o.h.engine.jdbc.spi.SqlExceptionHelper   : Column 'firstname' cannot be null
2022-08-15 15:21:34.974 ERROR 31095 --- [http-nio-8081-exec-1] o.a.c.c.C.[.[.[/].[dispatcherServlet]    : Servlet.service() for servlet [dispatcherServlet] in context with path [] threw exception [Request processing failed; nested exception is org.springframework.dao.DataIntegrityViolationException: could not execute statement; SQL [n/a]; constraint [null]; nested exception is org.hibernate.exception.ConstraintViolationException: could not execute statement] with root cause

java.sql.SQLIntegrityConstraintViolationException: Column 'firstname' cannot be null
	at com.mysql.cj.jdbc.exceptions.SQLError.createSQLException(SQLError.java:117) ~[mysql-connector-java-8.0.29.jar:8.0.29]
	at com.mysql.cj.jdbc.exceptions.SQLExceptionsMapping.translateException(SQLExceptionsMapping.java:122) ~[mysql-connector-java-8.0.29.jar:8.0.29]
	at com.mysql.cj.jdbc.ClientPreparedStatement.executeInternal(ClientPreparedStatement.java:916) ~[mysql-connector-java-8.0.29.jar:8.0.29]
	at com.mysql.cj.jdbc.ClientPreparedStatement.executeUpdateInternal(ClientPreparedStatement.java:1061) ~[mysql-connector-java-8.0.29.jar:8.0.29]
	at com.mysql.cj.jdbc.ClientPreparedStatement.executeUpdateInternal(ClientPreparedStatement.java:1009) ~[mysql-connector-java-8.0.29.jar:8.0.29]
	at com.mysql.cj.jdbc.ClientPreparedStatement.executeLargeUpdate(ClientPreparedStatement.java:1320) ~[mysql-connector-java-8.0.29.jar:8.0.29]
	at com.mysql.cj.jdbc.ClientPreparedStatement.executeUpdate(ClientPreparedStatement.java:994) ~[mysql-connector-java-8.0.29.jar:8.0.29]
	at com.zaxxer.hikari.pool.ProxyPreparedStatement.executeUpdate(ProxyPreparedStatement.java:61) ~[HikariCP-4.0.3.jar:na]
	at com.zaxxer.hikari.pool.HikariProxyPreparedStatement.executeUpdate(HikariProxyPreparedStatement.java) ~[HikariCP-4.0.3.jar:na]
	at org.hibernate.engine.jdbc.internal.ResultSetReturnImpl.executeUpdate(ResultSetReturnImpl.java:197) ~[hibernate-core-5.6.9.Final.jar:5.6.9.Final]
	at org.hibernate.engine.jdbc.batch.internal.NonBatchingBatch.addToBatch(NonBatchingBatch.java:46) ~[hibernate-core-5.6.9.Final.jar:5.6.9.Final]
	at org.hibernate.persister.entity.AbstractEntityPersister.update(AbstractEntityPersister.java:3571) ~[hibernate-core-5.6.9.Final.jar:5.6.9.Final]
	at org.hibernate.persister.entity.AbstractEntityPersister.updateOrInsert(AbstractEntityPersister.java:3438) ~[hibernate-core-5.6.9.Final.jar:5.6.9.Final]
	at org.hibernate.persister.entity.AbstractEntityPersister.update(AbstractEntityPersister.java:3852) ~[hibernate-core-5.6.9.Final.jar:5.6.9.Final]
	at org.hibernate.action.internal.EntityUpdateAction.execute(EntityUpdateAction.java:201) ~[hibernate-core-5.6.9.Final.jar:5.6.9.Final]
	at org.hibernate.engine.spi.ActionQueue.executeActions(ActionQueue.java:604) ~[hibernate-core-5.6.9.Final.jar:5.6.9.Final]
	at org.hibernate.engine.spi.ActionQueue.lambda$executeActions$1(ActionQueue.java:478) ~[hibernate-core-5.6.9.Final.jar:5.6.9.Final]
	at java.base/java.util.LinkedHashMap.forEach(LinkedHashMap.java:721) ~[na:na]
	at org.hibernate.engine.spi.ActionQueue.executeActions(ActionQueue.java:475) ~[hibernate-core-5.6.9.Final.jar:5.6.9.Final]
	at org.hibernate.event.internal.AbstractFlushingEventListener.performExecutions(AbstractFlushingEventListener.java:344) ~[hibernate-core-5.6.9.Final.jar:5.6.9.Final]
	at org.hibernate.event.internal.DefaultFlushEventListener.onFlush(DefaultFlushEventListener.java:40) ~[hibernate-core-5.6.9.Final.jar:5.6.9.Final]
	at org.hibernate.event.service.internal.EventListenerGroupImpl.fireEventOnEachListener(EventListenerGroupImpl.java:107) ~[hibernate-core-5.6.9.Final.jar:5.6.9.Final]
	at org.hibernate.internal.SessionImpl.doFlush(SessionImpl.java:1407) ~[hibernate-core-5.6.9.Final.jar:5.6.9.Final]
	at org.hibernate.internal.SessionImpl.managedFlush(SessionImpl.java:489) ~[hibernate-core-5.6.9.Final.jar:5.6.9.Final]
	at org.hibernate.internal.SessionImpl.flushBeforeTransactionCompletion(SessionImpl.java:3290) ~[hibernate-core-5.6.9.Final.jar:5.6.9.Final]
	at org.hibernate.internal.SessionImpl.beforeTransactionCompletion(SessionImpl.java:2425) ~[hibernate-core-5.6.9.Final.jar:5.6.9.Final]
	at org.hibernate.engine.jdbc.internal.JdbcCoordinatorImpl.beforeTransactionCompletion(JdbcCoordinatorImpl.java:449) ~[hibernate-core-5.6.9.Final.jar:5.6.9.Final]
	at org.hibernate.resource.transaction.backend.jdbc.internal.JdbcResourceLocalTransactionCoordinatorImpl.beforeCompletionCallback(JdbcResourceLocalTransactionCoordinatorImpl.java:183) ~[hibernate-core-5.6.9.Final.jar:5.6.9.Final]
	at org.hibernate.resource.transaction.backend.jdbc.internal.JdbcResourceLocalTransactionCoordinatorImpl.access$300(JdbcResourceLocalTransactionCoordinatorImpl.java:40) ~[hibernate-core-5.6.9.Final.jar:5.6.9.Final]
	at org.hibernate.resource.transaction.backend.jdbc.internal.JdbcResourceLocalTransactionCoordinatorImpl$TransactionDriverControlImpl.commit(JdbcResourceLocalTransactionCoordinatorImpl.java:281) ~[hibernate-core-5.6.9.Final.jar:5.6.9.Final]
	at org.hibernate.engine.transaction.internal.TransactionImpl.commit(TransactionImpl.java:101) ~[hibernate-core-5.6.9.Final.jar:5.6.9.Final]
	at org.springframework.orm.jpa.JpaTransactionManager.doCommit(JpaTransactionManager.java:562) ~[spring-orm-5.3.21.jar:5.3.21]
	at org.springframework.transaction.support.AbstractPlatformTransactionManager.processCommit(AbstractPlatformTransactionManager.java:743) ~[spring-tx-5.3.21.jar:5.3.21]
	at org.springframework.transaction.support.AbstractPlatformTransactionManager.commit(AbstractPlatformTransactionManager.java:711) ~[spring-tx-5.3.21.jar:5.3.21]
	at org.springframework.transaction.interceptor.TransactionAspectSupport.commitTransactionAfterReturning(TransactionAspectSupport.java:654) ~[spring-tx-5.3.21.jar:5.3.21]
	at org.springframework.transaction.interceptor.TransactionAspectSupport.invokeWithinTransaction(TransactionAspectSupport.java:407) ~[spring-tx-5.3.21.jar:5.3.21]
	at org.springframework.transaction.interceptor.TransactionInterceptor.invoke(TransactionInterceptor.java:119) ~[spring-tx-5.3.21.jar:5.3.21]
	at org.springframework.aop.framework.ReflectiveMethodInvocation.proceed(ReflectiveMethodInvocation.java:186) ~[spring-aop-5.3.21.jar:5.3.21]
	at org.springframework.dao.support.PersistenceExceptionTranslationInterceptor.invoke(PersistenceExceptionTranslationInterceptor.java:137) ~[spring-tx-5.3.21.jar:5.3.21]
	at org.springframework.aop.framework.ReflectiveMethodInvocation.proceed(ReflectiveMethodInvocation.java:186) ~[spring-aop-5.3.21.jar:5.3.21]
	at org.springframework.data.jpa.repository.support.CrudMethodMetadataPostProcessor$CrudMethodMetadataPopulatingMethodInterceptor.invoke(CrudMethodMetadataPostProcessor.java:174) ~[spring-data-jpa-2.7.1.jar:2.7.1]
	at org.springframework.aop.framework.ReflectiveMethodInvocation.proceed(ReflectiveMethodInvocation.java:186) ~[spring-aop-5.3.21.jar:5.3.21]
	at org.springframework.aop.interceptor.ExposeInvocationInterceptor.invoke(ExposeInvocationInterceptor.java:97) ~[spring-aop-5.3.21.jar:5.3.21]
	at org.springframework.aop.framework.ReflectiveMethodInvocation.proceed(ReflectiveMethodInvocation.java:186) ~[spring-aop-5.3.21.jar:5.3.21]
	at org.springframework.aop.framework.JdkDynamicAopProxy.invoke(JdkDynamicAopProxy.java:215) ~[spring-aop-5.3.21.jar:5.3.21]
	at jdk.proxy2/jdk.proxy2.$Proxy128.save(Unknown Source) ~[na:na]
	at com.abernathyclinic.patientinfo.service.PatientServiceImpl.updatePatient(PatientServiceImpl.java:73) ~[classes/:na]
	at com.abernathyclinic.patientinfo.controller.PatientController.updatePatient(PatientController.java:74) ~[classes/:na]
	at java.base/jdk.internal.reflect.NativeMethodAccessorImpl.invoke0(Native Method) ~[na:na]
	at java.base/jdk.internal.reflect.NativeMethodAccessorImpl.invoke(NativeMethodAccessorImpl.java:77) ~[na:na]
	at java.base/jdk.internal.reflect.DelegatingMethodAccessorImpl.invoke(DelegatingMethodAccessorImpl.java:43) ~[na:na]
	at java.base/java.lang.reflect.Method.invoke(Method.java:568) ~[na:na]
	at org.springframework.web.method.support.InvocableHandlerMethod.doInvoke(InvocableHandlerMethod.java:205) ~[spring-web-5.3.21.jar:5.3.21]
	at org.springframework.web.method.support.InvocableHandlerMethod.invokeForRequest(InvocableHandlerMethod.java:150) ~[spring-web-5.3.21.jar:5.3.21]
	at org.springframework.web.servlet.mvc.method.annotation.ServletInvocableHandlerMethod.invokeAndHandle(ServletInvocableHandlerMethod.java:117) ~[spring-webmvc-5.3.21.jar:5.3.21]
	at org.springframework.web.servlet.mvc.method.annotation.RequestMappingHandlerAdapter.invokeHandlerMethod(RequestMappingHandlerAdapter.java:895) ~[spring-webmvc-5.3.21.jar:5.3.21]
	at org.springframework.web.servlet.mvc.method.annotation.RequestMappingHandlerAdapter.handleInternal(RequestMappingHandlerAdapter.java:808) ~[spring-webmvc-5.3.21.jar:5.3.21]
	at org.springframework.web.servlet.mvc.method.AbstractHandlerMethodAdapter.handle(AbstractHandlerMethodAdapter.java:87) ~[spring-webmvc-5.3.21.jar:5.3.21]
	at org.springframework.web.servlet.DispatcherServlet.doDispatch(DispatcherServlet.java:1067) ~[spring-webmvc-5.3.21.jar:5.3.21]
	at org.springframework.web.servlet.DispatcherServlet.doService(DispatcherServlet.java:963) ~[spring-webmvc-5.3.21.jar:5.3.21]
	at org.springframework.web.servlet.FrameworkServlet.processRequest(FrameworkServlet.java:1006) ~[spring-webmvc-5.3.21.jar:5.3.21]
	at org.springframework.web.servlet.FrameworkServlet.doPut(FrameworkServlet.java:920) ~[spring-webmvc-5.3.21.jar:5.3.21]
	at javax.servlet.http.HttpServlet.service(HttpServlet.java:684) ~[tomcat-embed-core-9.0.64.jar:4.0.FR]
	at org.springframework.web.servlet.FrameworkServlet.service(FrameworkServlet.java:883) ~[spring-webmvc-5.3.21.jar:5.3.21]
	at javax.servlet.http.HttpServlet.service(HttpServlet.java:764) ~[tomcat-embed-core-9.0.64.jar:4.0.FR]
	at org.apache.catalina.core.ApplicationFilterChain.internalDoFilter(ApplicationFilterChain.java:227) ~[tomcat-embed-core-9.0.64.jar:9.0.64]
	at org.apache.catalina.core.ApplicationFilterChain.doFilter(ApplicationFilterChain.java:162) ~[tomcat-embed-core-9.0.64.jar:9.0.64]
	at org.apache.tomcat.websocket.server.WsFilter.doFilter(WsFilter.java:53) ~[tomcat-embed-websocket-9.0.64.jar:9.0.64]
	at org.apache.catalina.core.ApplicationFilterChain.internalDoFilter(ApplicationFilterChain.java:189) ~[tomcat-embed-core-9.0.64.jar:9.0.64]
	at org.apache.catalina.core.ApplicationFilterChain.doFilter(ApplicationFilterChain.java:162) ~[tomcat-embed-core-9.0.64.jar:9.0.64]
	at org.springframework.web.filter.RequestContextFilter.doFilterInternal(RequestContextFilter.java:100) ~[spring-web-5.3.21.jar:5.3.21]
	at org.springframework.web.filter.OncePerRequestFilter.doFilter(OncePerRequestFilter.java:117) ~[spring-web-5.3.21.jar:5.3.21]
	at org.apache.catalina.core.ApplicationFilterChain.internalDoFilter(ApplicationFilterChain.java:189) ~[tomcat-embed-core-9.0.64.jar:9.0.64]
	at org.apache.catalina.core.ApplicationFilterChain.doFilter(ApplicationFilterChain.java:162) ~[tomcat-embed-core-9.0.64.jar:9.0.64]
	at org.springframework.web.filter.FormContentFilter.doFilterInternal(FormContentFilter.java:93) ~[spring-web-5.3.21.jar:5.3.21]
	at org.springframework.web.filter.OncePerRequestFilter.doFilter(OncePerRequestFilter.java:117) ~[spring-web-5.3.21.jar:5.3.21]
	at org.apache.catalina.core.ApplicationFilterChain.internalDoFilter(ApplicationFilterChain.java:189) ~[tomcat-embed-core-9.0.64.jar:9.0.64]
	at org.apache.catalina.core.ApplicationFilterChain.doFilter(ApplicationFilterChain.java:162) ~[tomcat-embed-core-9.0.64.jar:9.0.64]
	at org.springframework.boot.actuate.metrics.web.servlet.WebMvcMetricsFilter.doFilterInternal(WebMvcMetricsFilter.java:96) ~[spring-boot-actuator-2.7.1.jar:2.7.1]
	at org.springframework.web.filter.OncePerRequestFilter.doFilter(OncePerRequestFilter.java:117) ~[spring-web-5.3.21.jar:5.3.21]
	at org.apache.catalina.core.ApplicationFilterChain.internalDoFilter(ApplicationFilterChain.java:189) ~[tomcat-embed-core-9.0.64.jar:9.0.64]
	at org.apache.catalina.core.ApplicationFilterChain.doFilter(ApplicationFilterChain.java:162) ~[tomcat-embed-core-9.0.64.jar:9.0.64]
	at org.springframework.web.filter.CharacterEncodingFilter.doFilterInternal(CharacterEncodingFilter.java:201) ~[spring-web-5.3.21.jar:5.3.21]
	at org.springframework.web.filter.OncePerRequestFilter.doFilter(OncePerRequestFilter.java:117) ~[spring-web-5.3.21.jar:5.3.21]
	at org.apache.catalina.core.ApplicationFilterChain.internalDoFilter(ApplicationFilterChain.java:189) ~[tomcat-embed-core-9.0.64.jar:9.0.64]
	at org.apache.catalina.core.ApplicationFilterChain.doFilter(ApplicationFilterChain.java:162) ~[tomcat-embed-core-9.0.64.jar:9.0.64]
	at org.apache.catalina.core.StandardWrapperValve.invoke(StandardWrapperValve.java:197) ~[tomcat-embed-core-9.0.64.jar:9.0.64]
	at org.apache.catalina.core.StandardContextValve.invoke(StandardContextValve.java:97) ~[tomcat-embed-core-9.0.64.jar:9.0.64]
	at org.apache.catalina.authenticator.AuthenticatorBase.invoke(AuthenticatorBase.java:541) ~[tomcat-embed-core-9.0.64.jar:9.0.64]
	at org.apache.catalina.core.StandardHostValve.invoke(StandardHostValve.java:135) ~[tomcat-embed-core-9.0.64.jar:9.0.64]
	at org.apache.catalina.valves.ErrorReportValve.invoke(ErrorReportValve.java:92) ~[tomcat-embed-core-9.0.64.jar:9.0.64]
	at org.apache.catalina.core.StandardEngineValve.invoke(StandardEngineValve.java:78) ~[tomcat-embed-core-9.0.64.jar:9.0.64]
	at org.apache.catalina.connector.CoyoteAdapter.service(CoyoteAdapter.java:360) ~[tomcat-embed-core-9.0.64.jar:9.0.64]
	at org.apache.coyote.http11.Http11Processor.service(Http11Processor.java:399) ~[tomcat-embed-core-9.0.64.jar:9.0.64]
	at org.apache.coyote.AbstractProcessorLight.process(AbstractProcessorLight.java:65) ~[tomcat-embed-core-9.0.64.jar:9.0.64]
	at org.apache.coyote.AbstractProtocol$ConnectionHandler.process(AbstractProtocol.java:890) ~[tomcat-embed-core-9.0.64.jar:9.0.64]
	at org.apache.tomcat.util.net.NioEndpoint$SocketProcessor.doRun(NioEndpoint.java:1787) ~[tomcat-embed-core-9.0.64.jar:9.0.64]
	at org.apache.tomcat.util.net.SocketProcessorBase.run(SocketProcessorBase.java:49) ~[tomcat-embed-core-9.0.64.jar:9.0.64]
	at org.apache.tomcat.util.threads.ThreadPoolExecutor.runWorker(ThreadPoolExecutor.java:1191) ~[tomcat-embed-core-9.0.64.jar:9.0.64]
	at org.apache.tomcat.util.threads.ThreadPoolExecutor$Worker.run(ThreadPoolExecutor.java:659) ~[tomcat-embed-core-9.0.64.jar:9.0.64]
	at org.apache.tomcat.util.threads.TaskThread$WrappingRunnable.run(TaskThread.java:61) ~[tomcat-embed-core-9.0.64.jar:9.0.64]
	at java.base/java.lang.Thread.run(Thread.java:833) ~[na:na]

2022-08-15 15:23:30.002  WARN 31095 --- [http-nio-8081-exec-4] .w.s.m.s.DefaultHandlerExceptionResolver : Resolved [org.springframework.web.bind.MethodArgumentNotValidException: Validation failed for argument [0] in public com.abernathyclinic.patientinfo.dto.PatientDTO com.abernathyclinic.patientinfo.controller.PatientController.savePatient(com.abernathyclinic.patientinfo.dto.PatientDTO): [Field error in object 'patientDTO' on field 'firstname': rejected value [null]; codes [NotNull.patientDTO.firstname,NotNull.firstname,NotNull.java.lang.String,NotNull]; arguments [org.springframework.context.support.DefaultMessageSourceResolvable: codes [patientDTO.firstname,firstname]; arguments []; default message [firstname]]; default message [Le prénom doit être renseigné]] ]
2022-08-15 15:25:21.269  INFO 31095 --- [SpringApplicationShutdownHook] j.LocalContainerEntityManagerFactoryBean : Closing JPA EntityManagerFactory for persistence unit 'default'
2022-08-15 15:26:11.249  INFO 31464 --- [main] c.a.p.controller.PatientControllerTest   : Starting PatientControllerTest using Java 17.0.1 on tezkat-OptiPlex-790 with PID 31464 (started by tezkat in /home/tezkat/eclipse-workspace/abernathy/patientinfo)
2022-08-15 15:26:11.250 DEBUG 31464 --- [main] c.a.p.controller.PatientControllerTest   : Running with Spring Boot v2.7.1, Spring v5.3.21
2022-08-15 15:26:11.251  INFO 31464 --- [main] c.a.p.controller.PatientControllerTest   : No active profile set, falling back to 1 default profile: "default"
2022-08-15 15:26:13.580  INFO 31464 --- [main] o.s.b.t.m.w.SpringBootMockServletContext : Initializing Spring TestDispatcherServlet ''
2022-08-15 15:26:13.580  INFO 31464 --- [main] o.s.t.web.servlet.TestDispatcherServlet  : Initializing Servlet ''
2022-08-15 15:26:13.582  INFO 31464 --- [main] o.s.t.web.servlet.TestDispatcherServlet  : Completed initialization in 2 ms
2022-08-15 15:26:13.623  INFO 31464 --- [main] c.a.p.controller.PatientControllerTest   : Started PatientControllerTest in 2.894 seconds (JVM running for 4.065)
2022-08-15 15:27:42.043  INFO 31647 --- [main] c.a.p.controller.PatientControllerTest   : Starting PatientControllerTest using Java 17.0.1 on tezkat-OptiPlex-790 with PID 31647 (started by tezkat in /home/tezkat/eclipse-workspace/abernathy/patientinfo)
2022-08-15 15:27:42.045 DEBUG 31647 --- [main] c.a.p.controller.PatientControllerTest   : Running with Spring Boot v2.7.1, Spring v5.3.21
2022-08-15 15:27:42.047  INFO 31647 --- [main] c.a.p.controller.PatientControllerTest   : No active profile set, falling back to 1 default profile: "default"
2022-08-15 15:27:44.386  INFO 31647 --- [main] o.s.b.t.m.w.SpringBootMockServletContext : Initializing Spring TestDispatcherServlet ''
2022-08-15 15:27:44.387  INFO 31647 --- [main] o.s.t.web.servlet.TestDispatcherServlet  : Initializing Servlet ''
2022-08-15 15:27:44.389  INFO 31647 --- [main] o.s.t.web.servlet.TestDispatcherServlet  : Completed initialization in 1 ms
2022-08-15 15:27:44.428  INFO 31647 --- [main] c.a.p.controller.PatientControllerTest   : Started PatientControllerTest in 2.968 seconds (JVM running for 4.073)
2022-08-15 15:28:08.099  INFO 31708 --- [main] c.a.patientinfo.PatientinfoApplication   : Starting PatientinfoApplication using Java 17.0.1 on tezkat-OptiPlex-790 with PID 31708 (/home/tezkat/eclipse-workspace/abernathy/patientinfo/target/classes started by tezkat in /home/tezkat/eclipse-workspace/abernathy/patientinfo)
2022-08-15 15:28:08.101 DEBUG 31708 --- [main] c.a.patientinfo.PatientinfoApplication   : Running with Spring Boot v2.7.1, Spring v5.3.21
2022-08-15 15:28:08.102  INFO 31708 --- [main] c.a.patientinfo.PatientinfoApplication   : No active profile set, falling back to 1 default profile: "default"
2022-08-15 15:28:09.284  INFO 31708 --- [main] .s.d.r.c.RepositoryConfigurationDelegate : Bootstrapping Spring Data JPA repositories in DEFAULT mode.
2022-08-15 15:28:09.445  INFO 31708 --- [main] .s.d.r.c.RepositoryConfigurationDelegate : Finished Spring Data repository scanning in 150 ms. Found 1 JPA repository interfaces.
2022-08-15 15:28:09.733  INFO 31708 --- [main] o.s.cloud.context.scope.GenericScope     : BeanFactory id=78bcbfd6-da62-3d27-8c11-c642c5d0a886
2022-08-15 15:28:10.234  INFO 31708 --- [main] o.s.b.w.embedded.tomcat.TomcatWebServer  : Tomcat initialized with port(s): 8081 (http)
2022-08-15 15:28:10.405  INFO 31708 --- [main] w.s.c.ServletWebServerApplicationContext : Root WebApplicationContext: initialization completed in 2243 ms
2022-08-15 15:28:12.079  INFO 31708 --- [main] j.LocalContainerEntityManagerFactoryBean : Initialized JPA EntityManagerFactory for persistence unit 'default'
2022-08-15 15:28:12.530  WARN 31708 --- [main] JpaBaseConfiguration$JpaWebConfiguration : spring.jpa.open-in-view is enabled by default. Therefore, database queries may be performed during view rendering. Explicitly configure spring.jpa.open-in-view to disable this warning
2022-08-15 15:28:13.135  INFO 31708 --- [main] DiscoveryClientOptionalArgsConfiguration : Eureka HTTP Client uses RestTemplate.
2022-08-15 15:28:13.212  WARN 31708 --- [main] iguration$LoadBalancerCaffeineWarnLogger : Spring Cloud LoadBalancer is currently working with the default cache. While this cache implementation is useful for development and tests, it's recommended to use Caffeine cache in production.You can switch to using Caffeine cache, by adding it and org.springframework.cache.caffeine.CaffeineCacheManager to the classpath.
2022-08-15 15:28:13.220  INFO 31708 --- [main] o.s.b.a.e.web.EndpointLinksResolver      : Exposing 1 endpoint(s) beneath base path '/actuator'
2022-08-15 15:28:13.287  INFO 31708 --- [main] o.s.b.w.embedded.tomcat.TomcatWebServer  : Tomcat started on port(s): 8081 (http) with context path ''
2022-08-15 15:28:13.310  INFO 31708 --- [main] c.a.patientinfo.PatientinfoApplication   : Started PatientinfoApplication in 5.738 seconds (JVM running for 6.282)
2022-08-15 15:28:27.143  INFO 31708 --- [http-nio-8081-exec-1] o.s.web.servlet.DispatcherServlet        : Initializing Servlet 'dispatcherServlet'
2022-08-15 15:28:27.145  INFO 31708 --- [http-nio-8081-exec-1] o.s.web.servlet.DispatcherServlet        : Completed initialization in 2 ms
2022-08-15 15:28:46.199  INFO 31708 --- [SpringApplicationShutdownHook] j.LocalContainerEntityManagerFactoryBean : Closing JPA EntityManagerFactory for persistence unit 'default'
2022-08-15 16:00:36.440  INFO 34395 --- [main] c.a.p.controller.PatientControllerTest   : Starting PatientControllerTest using Java 17.0.1 on tezkat-OptiPlex-790 with PID 34395 (started by tezkat in /home/tezkat/eclipse-workspace/abernathy/patientinfo)
2022-08-15 16:00:36.441 DEBUG 34395 --- [main] c.a.p.controller.PatientControllerTest   : Running with Spring Boot v2.7.1, Spring v5.3.21
2022-08-15 16:00:36.442  INFO 34395 --- [main] c.a.p.controller.PatientControllerTest   : No active profile set, falling back to 1 default profile: "default"
2022-08-15 16:00:38.140  WARN 34395 --- [main] o.s.w.c.s.GenericWebApplicationContext   : Exception encountered during context initialization - cancelling refresh attempt: org.springframework.beans.factory.BeanCreationException: Error creating bean with name 'handlerExceptionResolver' defined in class path resource [org/springframework/boot/autoconfigure/web/servlet/WebMvcAutoConfiguration$EnableWebMvcConfiguration.class]: Bean instantiation via factory method failed; nested exception is org.springframework.beans.BeanInstantiationException: Failed to instantiate [org.springframework.web.servlet.HandlerExceptionResolver]: Factory method 'handlerExceptionResolver' threw exception; nested exception is java.lang.IllegalStateException: Ambiguous @ExceptionHandler method mapped for [class org.springframework.web.bind.MethodArgumentNotValidException]: {public java.util.Map com.abernathyclinic.patientinfo.controller.RestResponseEntityExceptionHandler.handleValidationExceptions(org.springframework.web.bind.MethodArgumentNotValidException), public final org.springframework.http.ResponseEntity org.springframework.web.servlet.mvc.method.annotation.ResponseEntityExceptionHandler.handleException(java.lang.Exception,org.springframework.web.context.request.WebRequest) throws java.lang.Exception}
2022-08-15 16:00:38.148  INFO 34395 --- [main] ConditionEvaluationReportLoggingListener : 

Error starting ApplicationContext. To display the conditions report re-run your application with 'debug' enabled.
2022-08-15 16:00:38.203 ERROR 34395 --- [main] o.s.boot.SpringApplication               : Application run failed

org.springframework.beans.factory.BeanCreationException: Error creating bean with name 'handlerExceptionResolver' defined in class path resource [org/springframework/boot/autoconfigure/web/servlet/WebMvcAutoConfiguration$EnableWebMvcConfiguration.class]: Bean instantiation via factory method failed; nested exception is org.springframework.beans.BeanInstantiationException: Failed to instantiate [org.springframework.web.servlet.HandlerExceptionResolver]: Factory method 'handlerExceptionResolver' threw exception; nested exception is java.lang.IllegalStateException: Ambiguous @ExceptionHandler method mapped for [class org.springframework.web.bind.MethodArgumentNotValidException]: {public java.util.Map com.abernathyclinic.patientinfo.controller.RestResponseEntityExceptionHandler.handleValidationExceptions(org.springframework.web.bind.MethodArgumentNotValidException), public final org.springframework.http.ResponseEntity org.springframework.web.servlet.mvc.method.annotation.ResponseEntityExceptionHandler.handleException(java.lang.Exception,org.springframework.web.context.request.WebRequest) throws java.lang.Exception}
	at org.springframework.beans.factory.support.ConstructorResolver.instantiate(ConstructorResolver.java:658) ~[spring-beans-5.3.21.jar:5.3.21]
	at org.springframework.beans.factory.support.ConstructorResolver.instantiateUsingFactoryMethod(ConstructorResolver.java:638) ~[spring-beans-5.3.21.jar:5.3.21]
	at org.springframework.beans.factory.support.AbstractAutowireCapableBeanFactory.instantiateUsingFactoryMethod(AbstractAutowireCapableBeanFactory.java:1352) ~[spring-beans-5.3.21.jar:5.3.21]
	at org.springframework.beans.factory.support.AbstractAutowireCapableBeanFactory.createBeanInstance(AbstractAutowireCapableBeanFactory.java:1195) ~[spring-beans-5.3.21.jar:5.3.21]
	at org.springframework.beans.factory.support.AbstractAutowireCapableBeanFactory.doCreateBean(AbstractAutowireCapableBeanFactory.java:582) ~[spring-beans-5.3.21.jar:5.3.21]
	at org.springframework.beans.factory.support.AbstractAutowireCapableBeanFactory.createBean(AbstractAutowireCapableBeanFactory.java:542) ~[spring-beans-5.3.21.jar:5.3.21]
	at org.springframework.beans.factory.support.AbstractBeanFactory.lambda$doGetBean$0(AbstractBeanFactory.java:335) ~[spring-beans-5.3.21.jar:5.3.21]
	at org.springframework.beans.factory.support.DefaultSingletonBeanRegistry.getSingleton(DefaultSingletonBeanRegistry.java:234) ~[spring-beans-5.3.21.jar:5.3.21]
	at org.springframework.beans.factory.support.AbstractBeanFactory.doGetBean(AbstractBeanFactory.java:333) ~[spring-beans-5.3.21.jar:5.3.21]
	at org.springframework.beans.factory.support.AbstractBeanFactory.getBean(AbstractBeanFactory.java:208) ~[spring-beans-5.3.21.jar:5.3.21]
	at org.springframework.beans.factory.support.DefaultListableBeanFactory.preInstantiateSingletons(DefaultListableBeanFactory.java:955) ~[spring-beans-5.3.21.jar:5.3.21]
	at org.springframework.context.support.AbstractApplicationContext.finishBeanFactoryInitialization(AbstractApplicationContext.java:918) ~[spring-context-5.3.21.jar:5.3.21]
	at org.springframework.context.support.AbstractApplicationContext.refresh(AbstractApplicationContext.java:583) ~[spring-context-5.3.21.jar:5.3.21]
	at org.springframework.boot.SpringApplication.refresh(SpringApplication.java:734) ~[spring-boot-2.7.1.jar:2.7.1]
	at org.springframework.boot.SpringApplication.refreshContext(SpringApplication.java:408) ~[spring-boot-2.7.1.jar:2.7.1]
	at org.springframework.boot.SpringApplication.run(SpringApplication.java:308) ~[spring-boot-2.7.1.jar:2.7.1]
	at org.springframework.boot.test.context.SpringBootContextLoader.loadContext(SpringBootContextLoader.java:132) ~[spring-boot-test-2.7.1.jar:2.7.1]
	at org.springframework.test.context.cache.DefaultCacheAwareContextLoaderDelegate.loadContextInternal(DefaultCacheAwareContextLoaderDelegate.java:99) ~[spring-test-5.3.21.jar:5.3.21]
	at org.springframework.test.context.cache.DefaultCacheAwareContextLoaderDelegate.loadContext(DefaultCacheAwareContextLoaderDelegate.java:124) ~[spring-test-5.3.21.jar:5.3.21]
	at org.springframework.test.context.support.DefaultTestContext.getApplicationContext(DefaultTestContext.java:124) ~[spring-test-5.3.21.jar:5.3.21]
	at org.springframework.boot.test.mock.mockito.MockitoTestExecutionListener.postProcessFields(MockitoTestExecutionListener.java:110) ~[spring-boot-test-2.7.1.jar:2.7.1]
	at org.springframework.boot.test.mock.mockito.MockitoTestExecutionListener.injectFields(MockitoTestExecutionListener.java:94) ~[spring-boot-test-2.7.1.jar:2.7.1]
	at org.springframework.boot.test.mock.mockito.MockitoTestExecutionListener.prepareTestInstance(MockitoTestExecutionListener.java:61) ~[spring-boot-test-2.7.1.jar:2.7.1]
	at org.springframework.test.context.TestContextManager.prepareTestInstance(TestContextManager.java:248) ~[spring-test-5.3.21.jar:5.3.21]
	at org.springframework.test.context.junit.jupiter.SpringExtension.postProcessTestInstance(SpringExtension.java:138) ~[spring-test-5.3.21.jar:5.3.21]
	at org.junit.jupiter.engine.descriptor.ClassBasedTestDescriptor.lambda$invokeTestInstancePostProcessors$8(ClassBasedTestDescriptor.java:363) ~[junit-jupiter-engine-5.8.2.jar:5.8.2]
	at org.junit.jupiter.engine.descriptor.ClassBasedTestDescriptor.executeAndMaskThrowable(ClassBasedTestDescriptor.java:368) ~[junit-jupiter-engine-5.8.2.jar:5.8.2]
	at org.junit.jupiter.engine.descriptor.ClassBasedTestDescriptor.lambda$invokeTestInstancePostProcessors$9(ClassBasedTestDescriptor.java:363) ~[junit-jupiter-engine-5.8.2.jar:5.8.2]
	at java.base/java.util.stream.ReferencePipeline$3$1.accept(ReferencePipeline.java:197) ~[na:na]
	at java.base/java.util.stream.ReferencePipeline$2$1.accept(ReferencePipeline.java:179) ~[na:na]
	at java.base/java.util.ArrayList$ArrayListSpliterator.forEachRemaining(ArrayList.java:1625) ~[na:na]
	at java.base/java.util.stream.AbstractPipeline.copyInto(AbstractPipeline.java:509) ~[na:na]
	at java.base/java.util.stream.AbstractPipeline.wrapAndCopyInto(AbstractPipeline.java:499) ~[na:na]
	at java.base/java.util.stream.StreamSpliterators$WrappingSpliterator.forEachRemaining(StreamSpliterators.java:310) ~[na:na]
	at java.base/java.util.stream.Streams$ConcatSpliterator.forEachRemaining(Streams.java:735) ~[na:na]
	at java.base/java.util.stream.ReferencePipeline$Head.forEach(ReferencePipeline.java:762) ~[na:na]
	at org.junit.jupiter.engine.descriptor.ClassBasedTestDescriptor.invokeTestInstancePostProcessors(ClassBasedTestDescriptor.java:362) ~[junit-jupiter-engine-5.8.2.jar:5.8.2]
	at org.junit.jupiter.engine.descriptor.ClassBasedTestDescriptor.lambda$instantiateAndPostProcessTestInstance$6(ClassBasedTestDescriptor.java:283) ~[junit-jupiter-engine-5.8.2.jar:5.8.2]
	at org.junit.platform.engine.support.hierarchical.ThrowableCollector.execute(ThrowableCollector.java:73) ~[junit-platform-engine-1.8.2.jar:1.8.2]
	at org.junit.jupiter.engine.descriptor.ClassBasedTestDescriptor.instantiateAndPostProcessTestInstance(ClassBasedTestDescriptor.java:282) ~[junit-jupiter-engine-5.8.2.jar:5.8.2]
	at org.junit.jupiter.engine.descriptor.ClassBasedTestDescriptor.lambda$testInstancesProvider$4(ClassBasedTestDescriptor.java:272) ~[junit-jupiter-engine-5.8.2.jar:5.8.2]
	at java.base/java.util.Optional.orElseGet(Optional.java:364) ~[na:na]
	at org.junit.jupiter.engine.descriptor.ClassBasedTestDescriptor.lambda$testInstancesProvider$5(ClassBasedTestDescriptor.java:271) ~[junit-jupiter-engine-5.8.2.jar:5.8.2]
	at org.junit.jupiter.engine.execution.TestInstancesProvider.getTestInstances(TestInstancesProvider.java:31) ~[junit-jupiter-engine-5.8.2.jar:5.8.2]
	at org.junit.jupiter.engine.descriptor.ClassBasedTestDescriptor.lambda$before$2(ClassBasedTestDescriptor.java:197) ~[junit-jupiter-engine-5.8.2.jar:5.8.2]
	at org.junit.platform.engine.support.hierarchical.ThrowableCollector.execute(ThrowableCollector.java:73) ~[junit-platform-engine-1.8.2.jar:1.8.2]
	at org.junit.jupiter.engine.descriptor.ClassBasedTestDescriptor.before(ClassBasedTestDescriptor.java:196) ~[junit-jupiter-engine-5.8.2.jar:5.8.2]
	at org.junit.jupiter.engine.descriptor.ClassBasedTestDescriptor.before(ClassBasedTestDescriptor.java:80) ~[junit-jupiter-engine-5.8.2.jar:5.8.2]
	at org.junit.platform.engine.support.hierarchical.NodeTestTask.lambda$executeRecursively$6(NodeTestTask.java:148) ~[junit-platform-engine-1.8.2.jar:1.8.2]
	at org.junit.platform.engine.support.hierarchical.ThrowableCollector.execute(ThrowableCollector.java:73) ~[junit-platform-engine-1.8.2.jar:1.8.2]
	at org.junit.platform.engine.support.hierarchical.NodeTestTask.lambda$executeRecursively$8(NodeTestTask.java:141) ~[junit-platform-engine-1.8.2.jar:1.8.2]
	at org.junit.platform.engine.support.hierarchical.Node.around(Node.java:137) ~[junit-platform-engine-1.8.2.jar:1.8.2]
	at org.junit.platform.engine.support.hierarchical.NodeTestTask.lambda$executeRecursively$9(NodeTestTask.java:139) ~[junit-platform-engine-1.8.2.jar:1.8.2]
	at org.junit.platform.engine.support.hierarchical.ThrowableCollector.execute(ThrowableCollector.java:73) ~[junit-platform-engine-1.8.2.jar:1.8.2]
	at org.junit.platform.engine.support.hierarchical.NodeTestTask.executeRecursively(NodeTestTask.java:138) ~[junit-platform-engine-1.8.2.jar:1.8.2]
	at org.junit.platform.engine.support.hierarchical.NodeTestTask.execute(NodeTestTask.java:95) ~[junit-platform-engine-1.8.2.jar:1.8.2]
	at java.base/java.util.ArrayList.forEach(ArrayList.java:1511) ~[na:na]
	at org.junit.platform.engine.support.hierarchical.SameThreadHierarchicalTestExecutorService.invokeAll(SameThreadHierarchicalTestExecutorService.java:41) ~[junit-platform-engine-1.8.2.jar:1.8.2]
	at org.junit.platform.engine.support.hierarchical.NodeTestTask.lambda$executeRecursively$6(NodeTestTask.java:155) ~[junit-platform-engine-1.8.2.jar:1.8.2]
	at org.junit.platform.engine.support.hierarchical.ThrowableCollector.execute(ThrowableCollector.java:73) ~[junit-platform-engine-1.8.2.jar:1.8.2]
	at org.junit.platform.engine.support.hierarchical.NodeTestTask.lambda$executeRecursively$8(NodeTestTask.java:141) ~[junit-platform-engine-1.8.2.jar:1.8.2]
	at org.junit.platform.engine.support.hierarchical.Node.around(Node.java:137) ~[junit-platform-engine-1.8.2.jar:1.8.2]
	at org.junit.platform.engine.support.hierarchical.NodeTestTask.lambda$executeRecursively$9(NodeTestTask.java:139) ~[junit-platform-engine-1.8.2.jar:1.8.2]
	at org.junit.platform.engine.support.hierarchical.ThrowableCollector.execute(ThrowableCollector.java:73) ~[junit-platform-engine-1.8.2.jar:1.8.2]
	at org.junit.platform.engine.support.hierarchical.NodeTestTask.executeRecursively(NodeTestTask.java:138) ~[junit-platform-engine-1.8.2.jar:1.8.2]
	at org.junit.platform.engine.support.hierarchical.NodeTestTask.execute(NodeTestTask.java:95) ~[junit-platform-engine-1.8.2.jar:1.8.2]
	at org.junit.platform.engine.support.hierarchical.SameThreadHierarchicalTestExecutorService.submit(SameThreadHierarchicalTestExecutorService.java:35) ~[junit-platform-engine-1.8.2.jar:1.8.2]
	at org.junit.platform.engine.support.hierarchical.HierarchicalTestExecutor.execute(HierarchicalTestExecutor.java:57) ~[junit-platform-engine-1.8.2.jar:1.8.2]
	at org.junit.platform.engine.support.hierarchical.HierarchicalTestEngine.execute(HierarchicalTestEngine.java:54) ~[junit-platform-engine-1.8.2.jar:1.8.2]
	at org.junit.platform.launcher.core.EngineExecutionOrchestrator.execute(EngineExecutionOrchestrator.java:107) ~[junit-platform-launcher-1.8.2.jar:1.8.2]
	at org.junit.platform.launcher.core.EngineExecutionOrchestrator.execute(EngineExecutionOrchestrator.java:88) ~[junit-platform-launcher-1.8.2.jar:1.8.2]
	at org.junit.platform.launcher.core.EngineExecutionOrchestrator.lambda$execute$0(EngineExecutionOrchestrator.java:54) ~[junit-platform-launcher-1.8.2.jar:1.8.2]
	at org.junit.platform.launcher.core.EngineExecutionOrchestrator.withInterceptedStreams(EngineExecutionOrchestrator.java:67) ~[junit-platform-launcher-1.8.2.jar:1.8.2]
	at org.junit.platform.launcher.core.EngineExecutionOrchestrator.execute(EngineExecutionOrchestrator.java:52) ~[junit-platform-launcher-1.8.2.jar:1.8.2]
	at org.junit.platform.launcher.core.DefaultLauncher.execute(DefaultLauncher.java:114) ~[junit-platform-launcher-1.8.2.jar:1.8.2]
	at org.junit.platform.launcher.core.DefaultLauncher.execute(DefaultLauncher.java:95) ~[junit-platform-launcher-1.8.2.jar:1.8.2]
	at org.junit.platform.launcher.core.DefaultLauncherSession$DelegatingLauncher.execute(DefaultLauncherSession.java:91) ~[junit-platform-launcher-1.8.2.jar:1.8.2]
	at org.junit.platform.launcher.core.SessionPerRequestLauncher.execute(SessionPerRequestLauncher.java:60) ~[junit-platform-launcher-1.8.2.jar:1.8.2]
	at org.eclipse.jdt.internal.junit5.runner.JUnit5TestReference.run(JUnit5TestReference.java:98) ~[.cp/:na]
	at org.eclipse.jdt.internal.junit.runner.TestExecution.run(TestExecution.java:40) ~[.cp/:na]
	at org.eclipse.jdt.internal.junit.runner.RemoteTestRunner.runTests(RemoteTestRunner.java:529) ~[.cp/:na]
	at org.eclipse.jdt.internal.junit.runner.RemoteTestRunner.runTests(RemoteTestRunner.java:756) ~[.cp/:na]
	at org.eclipse.jdt.internal.junit.runner.RemoteTestRunner.run(RemoteTestRunner.java:452) ~[.cp/:na]
	at org.eclipse.jdt.internal.junit.runner.RemoteTestRunner.main(RemoteTestRunner.java:210) ~[.cp/:na]
Caused by: org.springframework.beans.BeanInstantiationException: Failed to instantiate [org.springframework.web.servlet.HandlerExceptionResolver]: Factory method 'handlerExceptionResolver' threw exception; nested exception is java.lang.IllegalStateException: Ambiguous @ExceptionHandler method mapped for [class org.springframework.web.bind.MethodArgumentNotValidException]: {public java.util.Map com.abernathyclinic.patientinfo.controller.RestResponseEntityExceptionHandler.handleValidationExceptions(org.springframework.web.bind.MethodArgumentNotValidException), public final org.springframework.http.ResponseEntity org.springframework.web.servlet.mvc.method.annotation.ResponseEntityExceptionHandler.handleException(java.lang.Exception,org.springframework.web.context.request.WebRequest) throws java.lang.Exception}
	at org.springframework.beans.factory.support.SimpleInstantiationStrategy.instantiate(SimpleInstantiationStrategy.java:185) ~[spring-beans-5.3.21.jar:5.3.21]
	at org.springframework.beans.factory.support.ConstructorResolver.instantiate(ConstructorResolver.java:653) ~[spring-beans-5.3.21.jar:5.3.21]
	... 83 common frames omitted
Caused by: java.lang.IllegalStateException: Ambiguous @ExceptionHandler method mapped for [class org.springframework.web.bind.MethodArgumentNotValidException]: {public java.util.Map com.abernathyclinic.patientinfo.controller.RestResponseEntityExceptionHandler.handleValidationExceptions(org.springframework.web.bind.MethodArgumentNotValidException), public final org.springframework.http.ResponseEntity org.springframework.web.servlet.mvc.method.annotation.ResponseEntityExceptionHandler.handleException(java.lang.Exception,org.springframework.web.context.request.WebRequest) throws java.lang.Exception}
	at org.springframework.web.method.annotation.ExceptionHandlerMethodResolver.addExceptionMapping(ExceptionHandlerMethodResolver.java:114) ~[spring-web-5.3.21.jar:5.3.21]
	at org.springframework.web.method.annotation.ExceptionHandlerMethodResolver.<init>(ExceptionHandlerMethodResolver.java:78) ~[spring-web-5.3.21.jar:5.3.21]
	at org.springframework.web.servlet.mvc.method.annotation.ExceptionHandlerExceptionResolver.initExceptionHandlerAdviceCache(ExceptionHandlerExceptionResolver.java:291) ~[spring-webmvc-5.3.21.jar:5.3.21]
	at org.springframework.web.servlet.mvc.method.annotation.ExceptionHandlerExceptionResolver.afterPropertiesSet(ExceptionHandlerExceptionResolver.java:268) ~[spring-webmvc-5.3.21.jar:5.3.21]
	at org.springframework.web.servlet.config.annotation.WebMvcConfigurationSupport.addDefaultHandlerExceptionResolvers(WebMvcConfigurationSupport.java:1090) ~[spring-webmvc-5.3.21.jar:5.3.21]
	at org.springframework.web.servlet.config.annotation.WebMvcConfigurationSupport.handlerExceptionResolver(WebMvcConfigurationSupport.java:1032) ~[spring-webmvc-5.3.21.jar:5.3.21]
	at java.base/jdk.internal.reflect.NativeMethodAccessorImpl.invoke0(Native Method) ~[na:na]
	at java.base/jdk.internal.reflect.NativeMethodAccessorImpl.invoke(NativeMethodAccessorImpl.java:77) ~[na:na]
	at java.base/jdk.internal.reflect.DelegatingMethodAccessorImpl.invoke(DelegatingMethodAccessorImpl.java:43) ~[na:na]
	at java.base/java.lang.reflect.Method.invoke(Method.java:568) ~[na:na]
	at org.springframework.beans.factory.support.SimpleInstantiationStrategy.instantiate(SimpleInstantiationStrategy.java:154) ~[spring-beans-5.3.21.jar:5.3.21]
	... 84 common frames omitted

2022-08-15 16:00:38.206 ERROR 34395 --- [main] o.s.test.context.TestContextManager      : Caught exception while allowing TestExecutionListener [org.springframework.boot.test.mock.mockito.MockitoTestExecutionListener@3cfdd820] to prepare test instance [com.abernathyclinic.patientinfo.controller.PatientControllerTest@11c581a0]

java.lang.IllegalStateException: Failed to load ApplicationContext
	at org.springframework.test.context.cache.DefaultCacheAwareContextLoaderDelegate.loadContext(DefaultCacheAwareContextLoaderDelegate.java:132) ~[spring-test-5.3.21.jar:5.3.21]
	at org.springframework.test.context.support.DefaultTestContext.getApplicationContext(DefaultTestContext.java:124) ~[spring-test-5.3.21.jar:5.3.21]
	at org.springframework.boot.test.mock.mockito.MockitoTestExecutionListener.postProcessFields(MockitoTestExecutionListener.java:110) ~[spring-boot-test-2.7.1.jar:2.7.1]
	at org.springframework.boot.test.mock.mockito.MockitoTestExecutionListener.injectFields(MockitoTestExecutionListener.java:94) ~[spring-boot-test-2.7.1.jar:2.7.1]
	at org.springframework.boot.test.mock.mockito.MockitoTestExecutionListener.prepareTestInstance(MockitoTestExecutionListener.java:61) ~[spring-boot-test-2.7.1.jar:2.7.1]
	at org.springframework.test.context.TestContextManager.prepareTestInstance(TestContextManager.java:248) ~[spring-test-5.3.21.jar:5.3.21]
	at org.springframework.test.context.junit.jupiter.SpringExtension.postProcessTestInstance(SpringExtension.java:138) ~[spring-test-5.3.21.jar:5.3.21]
	at org.junit.jupiter.engine.descriptor.ClassBasedTestDescriptor.lambda$invokeTestInstancePostProcessors$8(ClassBasedTestDescriptor.java:363) ~[junit-jupiter-engine-5.8.2.jar:5.8.2]
	at org.junit.jupiter.engine.descriptor.ClassBasedTestDescriptor.executeAndMaskThrowable(ClassBasedTestDescriptor.java:368) ~[junit-jupiter-engine-5.8.2.jar:5.8.2]
	at org.junit.jupiter.engine.descriptor.ClassBasedTestDescriptor.lambda$invokeTestInstancePostProcessors$9(ClassBasedTestDescriptor.java:363) ~[junit-jupiter-engine-5.8.2.jar:5.8.2]
	at java.base/java.util.stream.ReferencePipeline$3$1.accept(ReferencePipeline.java:197) ~[na:na]
	at java.base/java.util.stream.ReferencePipeline$2$1.accept(ReferencePipeline.java:179) ~[na:na]
	at java.base/java.util.ArrayList$ArrayListSpliterator.forEachRemaining(ArrayList.java:1625) ~[na:na]
	at java.base/java.util.stream.AbstractPipeline.copyInto(AbstractPipeline.java:509) ~[na:na]
	at java.base/java.util.stream.AbstractPipeline.wrapAndCopyInto(AbstractPipeline.java:499) ~[na:na]
	at java.base/java.util.stream.StreamSpliterators$WrappingSpliterator.forEachRemaining(StreamSpliterators.java:310) ~[na:na]
	at java.base/java.util.stream.Streams$ConcatSpliterator.forEachRemaining(Streams.java:735) ~[na:na]
	at java.base/java.util.stream.ReferencePipeline$Head.forEach(ReferencePipeline.java:762) ~[na:na]
	at org.junit.jupiter.engine.descriptor.ClassBasedTestDescriptor.invokeTestInstancePostProcessors(ClassBasedTestDescriptor.java:362) ~[junit-jupiter-engine-5.8.2.jar:5.8.2]
	at org.junit.jupiter.engine.descriptor.ClassBasedTestDescriptor.lambda$instantiateAndPostProcessTestInstance$6(ClassBasedTestDescriptor.java:283) ~[junit-jupiter-engine-5.8.2.jar:5.8.2]
	at org.junit.platform.engine.support.hierarchical.ThrowableCollector.execute(ThrowableCollector.java:73) ~[junit-platform-engine-1.8.2.jar:1.8.2]
	at org.junit.jupiter.engine.descriptor.ClassBasedTestDescriptor.instantiateAndPostProcessTestInstance(ClassBasedTestDescriptor.java:282) ~[junit-jupiter-engine-5.8.2.jar:5.8.2]
	at org.junit.jupiter.engine.descriptor.ClassBasedTestDescriptor.lambda$testInstancesProvider$4(ClassBasedTestDescriptor.java:272) ~[junit-jupiter-engine-5.8.2.jar:5.8.2]
	at java.base/java.util.Optional.orElseGet(Optional.java:364) ~[na:na]
	at org.junit.jupiter.engine.descriptor.ClassBasedTestDescriptor.lambda$testInstancesProvider$5(ClassBasedTestDescriptor.java:271) ~[junit-jupiter-engine-5.8.2.jar:5.8.2]
	at org.junit.jupiter.engine.execution.TestInstancesProvider.getTestInstances(TestInstancesProvider.java:31) ~[junit-jupiter-engine-5.8.2.jar:5.8.2]
	at org.junit.jupiter.engine.descriptor.ClassBasedTestDescriptor.lambda$before$2(ClassBasedTestDescriptor.java:197) ~[junit-jupiter-engine-5.8.2.jar:5.8.2]
	at org.junit.platform.engine.support.hierarchical.ThrowableCollector.execute(ThrowableCollector.java:73) ~[junit-platform-engine-1.8.2.jar:1.8.2]
	at org.junit.jupiter.engine.descriptor.ClassBasedTestDescriptor.before(ClassBasedTestDescriptor.java:196) ~[junit-jupiter-engine-5.8.2.jar:5.8.2]
	at org.junit.jupiter.engine.descriptor.ClassBasedTestDescriptor.before(ClassBasedTestDescriptor.java:80) ~[junit-jupiter-engine-5.8.2.jar:5.8.2]
	at org.junit.platform.engine.support.hierarchical.NodeTestTask.lambda$executeRecursively$6(NodeTestTask.java:148) ~[junit-platform-engine-1.8.2.jar:1.8.2]
	at org.junit.platform.engine.support.hierarchical.ThrowableCollector.execute(ThrowableCollector.java:73) ~[junit-platform-engine-1.8.2.jar:1.8.2]
	at org.junit.platform.engine.support.hierarchical.NodeTestTask.lambda$executeRecursively$8(NodeTestTask.java:141) ~[junit-platform-engine-1.8.2.jar:1.8.2]
	at org.junit.platform.engine.support.hierarchical.Node.around(Node.java:137) ~[junit-platform-engine-1.8.2.jar:1.8.2]
	at org.junit.platform.engine.support.hierarchical.NodeTestTask.lambda$executeRecursively$9(NodeTestTask.java:139) ~[junit-platform-engine-1.8.2.jar:1.8.2]
	at org.junit.platform.engine.support.hierarchical.ThrowableCollector.execute(ThrowableCollector.java:73) ~[junit-platform-engine-1.8.2.jar:1.8.2]
	at org.junit.platform.engine.support.hierarchical.NodeTestTask.executeRecursively(NodeTestTask.java:138) ~[junit-platform-engine-1.8.2.jar:1.8.2]
	at org.junit.platform.engine.support.hierarchical.NodeTestTask.execute(NodeTestTask.java:95) ~[junit-platform-engine-1.8.2.jar:1.8.2]
	at java.base/java.util.ArrayList.forEach(ArrayList.java:1511) ~[na:na]
	at org.junit.platform.engine.support.hierarchical.SameThreadHierarchicalTestExecutorService.invokeAll(SameThreadHierarchicalTestExecutorService.java:41) ~[junit-platform-engine-1.8.2.jar:1.8.2]
	at org.junit.platform.engine.support.hierarchical.NodeTestTask.lambda$executeRecursively$6(NodeTestTask.java:155) ~[junit-platform-engine-1.8.2.jar:1.8.2]
	at org.junit.platform.engine.support.hierarchical.ThrowableCollector.execute(ThrowableCollector.java:73) ~[junit-platform-engine-1.8.2.jar:1.8.2]
	at org.junit.platform.engine.support.hierarchical.NodeTestTask.lambda$executeRecursively$8(NodeTestTask.java:141) ~[junit-platform-engine-1.8.2.jar:1.8.2]
	at org.junit.platform.engine.support.hierarchical.Node.around(Node.java:137) ~[junit-platform-engine-1.8.2.jar:1.8.2]
	at org.junit.platform.engine.support.hierarchical.NodeTestTask.lambda$executeRecursively$9(NodeTestTask.java:139) ~[junit-platform-engine-1.8.2.jar:1.8.2]
	at org.junit.platform.engine.support.hierarchical.ThrowableCollector.execute(ThrowableCollector.java:73) ~[junit-platform-engine-1.8.2.jar:1.8.2]
	at org.junit.platform.engine.support.hierarchical.NodeTestTask.executeRecursively(NodeTestTask.java:138) ~[junit-platform-engine-1.8.2.jar:1.8.2]
	at org.junit.platform.engine.support.hierarchical.NodeTestTask.execute(NodeTestTask.java:95) ~[junit-platform-engine-1.8.2.jar:1.8.2]
	at org.junit.platform.engine.support.hierarchical.SameThreadHierarchicalTestExecutorService.submit(SameThreadHierarchicalTestExecutorService.java:35) ~[junit-platform-engine-1.8.2.jar:1.8.2]
	at org.junit.platform.engine.support.hierarchical.HierarchicalTestExecutor.execute(HierarchicalTestExecutor.java:57) ~[junit-platform-engine-1.8.2.jar:1.8.2]
	at org.junit.platform.engine.support.hierarchical.HierarchicalTestEngine.execute(HierarchicalTestEngine.java:54) ~[junit-platform-engine-1.8.2.jar:1.8.2]
	at org.junit.platform.launcher.core.EngineExecutionOrchestrator.execute(EngineExecutionOrchestrator.java:107) ~[junit-platform-launcher-1.8.2.jar:1.8.2]
	at org.junit.platform.launcher.core.EngineExecutionOrchestrator.execute(EngineExecutionOrchestrator.java:88) ~[junit-platform-launcher-1.8.2.jar:1.8.2]
	at org.junit.platform.launcher.core.EngineExecutionOrchestrator.lambda$execute$0(EngineExecutionOrchestrator.java:54) ~[junit-platform-launcher-1.8.2.jar:1.8.2]
	at org.junit.platform.launcher.core.EngineExecutionOrchestrator.withInterceptedStreams(EngineExecutionOrchestrator.java:67) ~[junit-platform-launcher-1.8.2.jar:1.8.2]
	at org.junit.platform.launcher.core.EngineExecutionOrchestrator.execute(EngineExecutionOrchestrator.java:52) ~[junit-platform-launcher-1.8.2.jar:1.8.2]
	at org.junit.platform.launcher.core.DefaultLauncher.execute(DefaultLauncher.java:114) ~[junit-platform-launcher-1.8.2.jar:1.8.2]
	at org.junit.platform.launcher.core.DefaultLauncher.execute(DefaultLauncher.java:95) ~[junit-platform-launcher-1.8.2.jar:1.8.2]
	at org.junit.platform.launcher.core.DefaultLauncherSession$DelegatingLauncher.execute(DefaultLauncherSession.java:91) ~[junit-platform-launcher-1.8.2.jar:1.8.2]
	at org.junit.platform.launcher.core.SessionPerRequestLauncher.execute(SessionPerRequestLauncher.java:60) ~[junit-platform-launcher-1.8.2.jar:1.8.2]
	at org.eclipse.jdt.internal.junit5.runner.JUnit5TestReference.run(JUnit5TestReference.java:98) ~[.cp/:na]
	at org.eclipse.jdt.internal.junit.runner.TestExecution.run(TestExecution.java:40) ~[.cp/:na]
	at org.eclipse.jdt.internal.junit.runner.RemoteTestRunner.runTests(RemoteTestRunner.java:529) ~[.cp/:na]
	at org.eclipse.jdt.internal.junit.runner.RemoteTestRunner.runTests(RemoteTestRunner.java:756) ~[.cp/:na]
	at org.eclipse.jdt.internal.junit.runner.RemoteTestRunner.run(RemoteTestRunner.java:452) ~[.cp/:na]
	at org.eclipse.jdt.internal.junit.runner.RemoteTestRunner.main(RemoteTestRunner.java:210) ~[.cp/:na]
Caused by: org.springframework.beans.factory.BeanCreationException: Error creating bean with name 'handlerExceptionResolver' defined in class path resource [org/springframework/boot/autoconfigure/web/servlet/WebMvcAutoConfiguration$EnableWebMvcConfiguration.class]: Bean instantiation via factory method failed; nested exception is org.springframework.beans.BeanInstantiationException: Failed to instantiate [org.springframework.web.servlet.HandlerExceptionResolver]: Factory method 'handlerExceptionResolver' threw exception; nested exception is java.lang.IllegalStateException: Ambiguous @ExceptionHandler method mapped for [class org.springframework.web.bind.MethodArgumentNotValidException]: {public java.util.Map com.abernathyclinic.patientinfo.controller.RestResponseEntityExceptionHandler.handleValidationExceptions(org.springframework.web.bind.MethodArgumentNotValidException), public final org.springframework.http.ResponseEntity org.springframework.web.servlet.mvc.method.annotation.ResponseEntityExceptionHandler.handleException(java.lang.Exception,org.springframework.web.context.request.WebRequest) throws java.lang.Exception}
	at org.springframework.beans.factory.support.ConstructorResolver.instantiate(ConstructorResolver.java:658) ~[spring-beans-5.3.21.jar:5.3.21]
	at org.springframework.beans.factory.support.ConstructorResolver.instantiateUsingFactoryMethod(ConstructorResolver.java:638) ~[spring-beans-5.3.21.jar:5.3.21]
	at org.springframework.beans.factory.support.AbstractAutowireCapableBeanFactory.instantiateUsingFactoryMethod(AbstractAutowireCapableBeanFactory.java:1352) ~[spring-beans-5.3.21.jar:5.3.21]
	at org.springframework.beans.factory.support.AbstractAutowireCapableBeanFactory.createBeanInstance(AbstractAutowireCapableBeanFactory.java:1195) ~[spring-beans-5.3.21.jar:5.3.21]
	at org.springframework.beans.factory.support.AbstractAutowireCapableBeanFactory.doCreateBean(AbstractAutowireCapableBeanFactory.java:582) ~[spring-beans-5.3.21.jar:5.3.21]
	at org.springframework.beans.factory.support.AbstractAutowireCapableBeanFactory.createBean(AbstractAutowireCapableBeanFactory.java:542) ~[spring-beans-5.3.21.jar:5.3.21]
	at org.springframework.beans.factory.support.AbstractBeanFactory.lambda$doGetBean$0(AbstractBeanFactory.java:335) ~[spring-beans-5.3.21.jar:5.3.21]
	at org.springframework.beans.factory.support.DefaultSingletonBeanRegistry.getSingleton(DefaultSingletonBeanRegistry.java:234) ~[spring-beans-5.3.21.jar:5.3.21]
	at org.springframework.beans.factory.support.AbstractBeanFactory.doGetBean(AbstractBeanFactory.java:333) ~[spring-beans-5.3.21.jar:5.3.21]
	at org.springframework.beans.factory.support.AbstractBeanFactory.getBean(AbstractBeanFactory.java:208) ~[spring-beans-5.3.21.jar:5.3.21]
	at org.springframework.beans.factory.support.DefaultListableBeanFactory.preInstantiateSingletons(DefaultListableBeanFactory.java:955) ~[spring-beans-5.3.21.jar:5.3.21]
	at org.springframework.context.support.AbstractApplicationContext.finishBeanFactoryInitialization(AbstractApplicationContext.java:918) ~[spring-context-5.3.21.jar:5.3.21]
	at org.springframework.context.support.AbstractApplicationContext.refresh(AbstractApplicationContext.java:583) ~[spring-context-5.3.21.jar:5.3.21]
	at org.springframework.boot.SpringApplication.refresh(SpringApplication.java:734) ~[spring-boot-2.7.1.jar:2.7.1]
	at org.springframework.boot.SpringApplication.refreshContext(SpringApplication.java:408) ~[spring-boot-2.7.1.jar:2.7.1]
	at org.springframework.boot.SpringApplication.run(SpringApplication.java:308) ~[spring-boot-2.7.1.jar:2.7.1]
	at org.springframework.boot.test.context.SpringBootContextLoader.loadContext(SpringBootContextLoader.java:132) ~[spring-boot-test-2.7.1.jar:2.7.1]
	at org.springframework.test.context.cache.DefaultCacheAwareContextLoaderDelegate.loadContextInternal(DefaultCacheAwareContextLoaderDelegate.java:99) ~[spring-test-5.3.21.jar:5.3.21]
	at org.springframework.test.context.cache.DefaultCacheAwareContextLoaderDelegate.loadContext(DefaultCacheAwareContextLoaderDelegate.java:124) ~[spring-test-5.3.21.jar:5.3.21]
	... 65 common frames omitted
Caused by: org.springframework.beans.BeanInstantiationException: Failed to instantiate [org.springframework.web.servlet.HandlerExceptionResolver]: Factory method 'handlerExceptionResolver' threw exception; nested exception is java.lang.IllegalStateException: Ambiguous @ExceptionHandler method mapped for [class org.springframework.web.bind.MethodArgumentNotValidException]: {public java.util.Map com.abernathyclinic.patientinfo.controller.RestResponseEntityExceptionHandler.handleValidationExceptions(org.springframework.web.bind.MethodArgumentNotValidException), public final org.springframework.http.ResponseEntity org.springframework.web.servlet.mvc.method.annotation.ResponseEntityExceptionHandler.handleException(java.lang.Exception,org.springframework.web.context.request.WebRequest) throws java.lang.Exception}
	at org.springframework.beans.factory.support.SimpleInstantiationStrategy.instantiate(SimpleInstantiationStrategy.java:185) ~[spring-beans-5.3.21.jar:5.3.21]
	at org.springframework.beans.factory.support.ConstructorResolver.instantiate(ConstructorResolver.java:653) ~[spring-beans-5.3.21.jar:5.3.21]
	... 83 common frames omitted
Caused by: java.lang.IllegalStateException: Ambiguous @ExceptionHandler method mapped for [class org.springframework.web.bind.MethodArgumentNotValidException]: {public java.util.Map com.abernathyclinic.patientinfo.controller.RestResponseEntityExceptionHandler.handleValidationExceptions(org.springframework.web.bind.MethodArgumentNotValidException), public final org.springframework.http.ResponseEntity org.springframework.web.servlet.mvc.method.annotation.ResponseEntityExceptionHandler.handleException(java.lang.Exception,org.springframework.web.context.request.WebRequest) throws java.lang.Exception}
	at org.springframework.web.method.annotation.ExceptionHandlerMethodResolver.addExceptionMapping(ExceptionHandlerMethodResolver.java:114) ~[spring-web-5.3.21.jar:5.3.21]
	at org.springframework.web.method.annotation.ExceptionHandlerMethodResolver.<init>(ExceptionHandlerMethodResolver.java:78) ~[spring-web-5.3.21.jar:5.3.21]
	at org.springframework.web.servlet.mvc.method.annotation.ExceptionHandlerExceptionResolver.initExceptionHandlerAdviceCache(ExceptionHandlerExceptionResolver.java:291) ~[spring-webmvc-5.3.21.jar:5.3.21]
	at org.springframework.web.servlet.mvc.method.annotation.ExceptionHandlerExceptionResolver.afterPropertiesSet(ExceptionHandlerExceptionResolver.java:268) ~[spring-webmvc-5.3.21.jar:5.3.21]
	at org.springframework.web.servlet.config.annotation.WebMvcConfigurationSupport.addDefaultHandlerExceptionResolvers(WebMvcConfigurationSupport.java:1090) ~[spring-webmvc-5.3.21.jar:5.3.21]
	at org.springframework.web.servlet.config.annotation.WebMvcConfigurationSupport.handlerExceptionResolver(WebMvcConfigurationSupport.java:1032) ~[spring-webmvc-5.3.21.jar:5.3.21]
	at java.base/jdk.internal.reflect.NativeMethodAccessorImpl.invoke0(Native Method) ~[na:na]
	at java.base/jdk.internal.reflect.NativeMethodAccessorImpl.invoke(NativeMethodAccessorImpl.java:77) ~[na:na]
	at java.base/jdk.internal.reflect.DelegatingMethodAccessorImpl.invoke(DelegatingMethodAccessorImpl.java:43) ~[na:na]
	at java.base/java.lang.reflect.Method.invoke(Method.java:568) ~[na:na]
	at org.springframework.beans.factory.support.SimpleInstantiationStrategy.instantiate(SimpleInstantiationStrategy.java:154) ~[spring-beans-5.3.21.jar:5.3.21]
	... 84 common frames omitted

2022-08-15 16:03:24.044  INFO 34514 --- [main] c.a.p.controller.PatientControllerTest   : Starting PatientControllerTest using Java 17.0.1 on tezkat-OptiPlex-790 with PID 34514 (started by tezkat in /home/tezkat/eclipse-workspace/abernathy/patientinfo)
2022-08-15 16:03:24.045 DEBUG 34514 --- [main] c.a.p.controller.PatientControllerTest   : Running with Spring Boot v2.7.1, Spring v5.3.21
2022-08-15 16:03:24.045  INFO 34514 --- [main] c.a.p.controller.PatientControllerTest   : No active profile set, falling back to 1 default profile: "default"
2022-08-15 16:03:25.705  WARN 34514 --- [main] o.s.w.c.s.GenericWebApplicationContext   : Exception encountered during context initialization - cancelling refresh attempt: org.springframework.beans.factory.BeanCreationException: Error creating bean with name 'handlerExceptionResolver' defined in class path resource [org/springframework/boot/autoconfigure/web/servlet/WebMvcAutoConfiguration$EnableWebMvcConfiguration.class]: Bean instantiation via factory method failed; nested exception is org.springframework.beans.BeanInstantiationException: Failed to instantiate [org.springframework.web.servlet.HandlerExceptionResolver]: Factory method 'handlerExceptionResolver' threw exception; nested exception is java.lang.IllegalStateException: Ambiguous @ExceptionHandler method mapped for [class org.springframework.web.bind.MethodArgumentNotValidException]: {public java.util.Map com.abernathyclinic.patientinfo.controller.RestResponseEntityExceptionHandler.handleValidationExceptions(org.springframework.web.bind.MethodArgumentNotValidException), public final org.springframework.http.ResponseEntity org.springframework.web.servlet.mvc.method.annotation.ResponseEntityExceptionHandler.handleException(java.lang.Exception,org.springframework.web.context.request.WebRequest) throws java.lang.Exception}
2022-08-15 16:03:25.715  INFO 34514 --- [main] ConditionEvaluationReportLoggingListener : 

Error starting ApplicationContext. To display the conditions report re-run your application with 'debug' enabled.
2022-08-15 16:03:25.743 ERROR 34514 --- [main] o.s.boot.SpringApplication               : Application run failed

org.springframework.beans.factory.BeanCreationException: Error creating bean with name 'handlerExceptionResolver' defined in class path resource [org/springframework/boot/autoconfigure/web/servlet/WebMvcAutoConfiguration$EnableWebMvcConfiguration.class]: Bean instantiation via factory method failed; nested exception is org.springframework.beans.BeanInstantiationException: Failed to instantiate [org.springframework.web.servlet.HandlerExceptionResolver]: Factory method 'handlerExceptionResolver' threw exception; nested exception is java.lang.IllegalStateException: Ambiguous @ExceptionHandler method mapped for [class org.springframework.web.bind.MethodArgumentNotValidException]: {public java.util.Map com.abernathyclinic.patientinfo.controller.RestResponseEntityExceptionHandler.handleValidationExceptions(org.springframework.web.bind.MethodArgumentNotValidException), public final org.springframework.http.ResponseEntity org.springframework.web.servlet.mvc.method.annotation.ResponseEntityExceptionHandler.handleException(java.lang.Exception,org.springframework.web.context.request.WebRequest) throws java.lang.Exception}
	at org.springframework.beans.factory.support.ConstructorResolver.instantiate(ConstructorResolver.java:658) ~[spring-beans-5.3.21.jar:5.3.21]
	at org.springframework.beans.factory.support.ConstructorResolver.instantiateUsingFactoryMethod(ConstructorResolver.java:638) ~[spring-beans-5.3.21.jar:5.3.21]
	at org.springframework.beans.factory.support.AbstractAutowireCapableBeanFactory.instantiateUsingFactoryMethod(AbstractAutowireCapableBeanFactory.java:1352) ~[spring-beans-5.3.21.jar:5.3.21]
	at org.springframework.beans.factory.support.AbstractAutowireCapableBeanFactory.createBeanInstance(AbstractAutowireCapableBeanFactory.java:1195) ~[spring-beans-5.3.21.jar:5.3.21]
	at org.springframework.beans.factory.support.AbstractAutowireCapableBeanFactory.doCreateBean(AbstractAutowireCapableBeanFactory.java:582) ~[spring-beans-5.3.21.jar:5.3.21]
	at org.springframework.beans.factory.support.AbstractAutowireCapableBeanFactory.createBean(AbstractAutowireCapableBeanFactory.java:542) ~[spring-beans-5.3.21.jar:5.3.21]
	at org.springframework.beans.factory.support.AbstractBeanFactory.lambda$doGetBean$0(AbstractBeanFactory.java:335) ~[spring-beans-5.3.21.jar:5.3.21]
	at org.springframework.beans.factory.support.DefaultSingletonBeanRegistry.getSingleton(DefaultSingletonBeanRegistry.java:234) ~[spring-beans-5.3.21.jar:5.3.21]
	at org.springframework.beans.factory.support.AbstractBeanFactory.doGetBean(AbstractBeanFactory.java:333) ~[spring-beans-5.3.21.jar:5.3.21]
	at org.springframework.beans.factory.support.AbstractBeanFactory.getBean(AbstractBeanFactory.java:208) ~[spring-beans-5.3.21.jar:5.3.21]
	at org.springframework.beans.factory.support.DefaultListableBeanFactory.preInstantiateSingletons(DefaultListableBeanFactory.java:955) ~[spring-beans-5.3.21.jar:5.3.21]
	at org.springframework.context.support.AbstractApplicationContext.finishBeanFactoryInitialization(AbstractApplicationContext.java:918) ~[spring-context-5.3.21.jar:5.3.21]
	at org.springframework.context.support.AbstractApplicationContext.refresh(AbstractApplicationContext.java:583) ~[spring-context-5.3.21.jar:5.3.21]
	at org.springframework.boot.SpringApplication.refresh(SpringApplication.java:734) ~[spring-boot-2.7.1.jar:2.7.1]
	at org.springframework.boot.SpringApplication.refreshContext(SpringApplication.java:408) ~[spring-boot-2.7.1.jar:2.7.1]
	at org.springframework.boot.SpringApplication.run(SpringApplication.java:308) ~[spring-boot-2.7.1.jar:2.7.1]
	at org.springframework.boot.test.context.SpringBootContextLoader.loadContext(SpringBootContextLoader.java:132) ~[spring-boot-test-2.7.1.jar:2.7.1]
	at org.springframework.test.context.cache.DefaultCacheAwareContextLoaderDelegate.loadContextInternal(DefaultCacheAwareContextLoaderDelegate.java:99) ~[spring-test-5.3.21.jar:5.3.21]
	at org.springframework.test.context.cache.DefaultCacheAwareContextLoaderDelegate.loadContext(DefaultCacheAwareContextLoaderDelegate.java:124) ~[spring-test-5.3.21.jar:5.3.21]
	at org.springframework.test.context.support.DefaultTestContext.getApplicationContext(DefaultTestContext.java:124) ~[spring-test-5.3.21.jar:5.3.21]
	at org.springframework.boot.test.mock.mockito.MockitoTestExecutionListener.postProcessFields(MockitoTestExecutionListener.java:110) ~[spring-boot-test-2.7.1.jar:2.7.1]
	at org.springframework.boot.test.mock.mockito.MockitoTestExecutionListener.injectFields(MockitoTestExecutionListener.java:94) ~[spring-boot-test-2.7.1.jar:2.7.1]
	at org.springframework.boot.test.mock.mockito.MockitoTestExecutionListener.prepareTestInstance(MockitoTestExecutionListener.java:61) ~[spring-boot-test-2.7.1.jar:2.7.1]
	at org.springframework.test.context.TestContextManager.prepareTestInstance(TestContextManager.java:248) ~[spring-test-5.3.21.jar:5.3.21]
	at org.springframework.test.context.junit.jupiter.SpringExtension.postProcessTestInstance(SpringExtension.java:138) ~[spring-test-5.3.21.jar:5.3.21]
	at org.junit.jupiter.engine.descriptor.ClassBasedTestDescriptor.lambda$invokeTestInstancePostProcessors$8(ClassBasedTestDescriptor.java:363) ~[junit-jupiter-engine-5.8.2.jar:5.8.2]
	at org.junit.jupiter.engine.descriptor.ClassBasedTestDescriptor.executeAndMaskThrowable(ClassBasedTestDescriptor.java:368) ~[junit-jupiter-engine-5.8.2.jar:5.8.2]
	at org.junit.jupiter.engine.descriptor.ClassBasedTestDescriptor.lambda$invokeTestInstancePostProcessors$9(ClassBasedTestDescriptor.java:363) ~[junit-jupiter-engine-5.8.2.jar:5.8.2]
	at java.base/java.util.stream.ReferencePipeline$3$1.accept(ReferencePipeline.java:197) ~[na:na]
	at java.base/java.util.stream.ReferencePipeline$2$1.accept(ReferencePipeline.java:179) ~[na:na]
	at java.base/java.util.ArrayList$ArrayListSpliterator.forEachRemaining(ArrayList.java:1625) ~[na:na]
	at java.base/java.util.stream.AbstractPipeline.copyInto(AbstractPipeline.java:509) ~[na:na]
	at java.base/java.util.stream.AbstractPipeline.wrapAndCopyInto(AbstractPipeline.java:499) ~[na:na]
	at java.base/java.util.stream.StreamSpliterators$WrappingSpliterator.forEachRemaining(StreamSpliterators.java:310) ~[na:na]
	at java.base/java.util.stream.Streams$ConcatSpliterator.forEachRemaining(Streams.java:735) ~[na:na]
	at java.base/java.util.stream.ReferencePipeline$Head.forEach(ReferencePipeline.java:762) ~[na:na]
	at org.junit.jupiter.engine.descriptor.ClassBasedTestDescriptor.invokeTestInstancePostProcessors(ClassBasedTestDescriptor.java:362) ~[junit-jupiter-engine-5.8.2.jar:5.8.2]
	at org.junit.jupiter.engine.descriptor.ClassBasedTestDescriptor.lambda$instantiateAndPostProcessTestInstance$6(ClassBasedTestDescriptor.java:283) ~[junit-jupiter-engine-5.8.2.jar:5.8.2]
	at org.junit.platform.engine.support.hierarchical.ThrowableCollector.execute(ThrowableCollector.java:73) ~[junit-platform-engine-1.8.2.jar:1.8.2]
	at org.junit.jupiter.engine.descriptor.ClassBasedTestDescriptor.instantiateAndPostProcessTestInstance(ClassBasedTestDescriptor.java:282) ~[junit-jupiter-engine-5.8.2.jar:5.8.2]
	at org.junit.jupiter.engine.descriptor.ClassBasedTestDescriptor.lambda$testInstancesProvider$4(ClassBasedTestDescriptor.java:272) ~[junit-jupiter-engine-5.8.2.jar:5.8.2]
	at java.base/java.util.Optional.orElseGet(Optional.java:364) ~[na:na]
	at org.junit.jupiter.engine.descriptor.ClassBasedTestDescriptor.lambda$testInstancesProvider$5(ClassBasedTestDescriptor.java:271) ~[junit-jupiter-engine-5.8.2.jar:5.8.2]
	at org.junit.jupiter.engine.execution.TestInstancesProvider.getTestInstances(TestInstancesProvider.java:31) ~[junit-jupiter-engine-5.8.2.jar:5.8.2]
	at org.junit.jupiter.engine.descriptor.ClassBasedTestDescriptor.lambda$before$2(ClassBasedTestDescriptor.java:197) ~[junit-jupiter-engine-5.8.2.jar:5.8.2]
	at org.junit.platform.engine.support.hierarchical.ThrowableCollector.execute(ThrowableCollector.java:73) ~[junit-platform-engine-1.8.2.jar:1.8.2]
	at org.junit.jupiter.engine.descriptor.ClassBasedTestDescriptor.before(ClassBasedTestDescriptor.java:196) ~[junit-jupiter-engine-5.8.2.jar:5.8.2]
	at org.junit.jupiter.engine.descriptor.ClassBasedTestDescriptor.before(ClassBasedTestDescriptor.java:80) ~[junit-jupiter-engine-5.8.2.jar:5.8.2]
	at org.junit.platform.engine.support.hierarchical.NodeTestTask.lambda$executeRecursively$6(NodeTestTask.java:148) ~[junit-platform-engine-1.8.2.jar:1.8.2]
	at org.junit.platform.engine.support.hierarchical.ThrowableCollector.execute(ThrowableCollector.java:73) ~[junit-platform-engine-1.8.2.jar:1.8.2]
	at org.junit.platform.engine.support.hierarchical.NodeTestTask.lambda$executeRecursively$8(NodeTestTask.java:141) ~[junit-platform-engine-1.8.2.jar:1.8.2]
	at org.junit.platform.engine.support.hierarchical.Node.around(Node.java:137) ~[junit-platform-engine-1.8.2.jar:1.8.2]
	at org.junit.platform.engine.support.hierarchical.NodeTestTask.lambda$executeRecursively$9(NodeTestTask.java:139) ~[junit-platform-engine-1.8.2.jar:1.8.2]
	at org.junit.platform.engine.support.hierarchical.ThrowableCollector.execute(ThrowableCollector.java:73) ~[junit-platform-engine-1.8.2.jar:1.8.2]
	at org.junit.platform.engine.support.hierarchical.NodeTestTask.executeRecursively(NodeTestTask.java:138) ~[junit-platform-engine-1.8.2.jar:1.8.2]
	at org.junit.platform.engine.support.hierarchical.NodeTestTask.execute(NodeTestTask.java:95) ~[junit-platform-engine-1.8.2.jar:1.8.2]
	at java.base/java.util.ArrayList.forEach(ArrayList.java:1511) ~[na:na]
	at org.junit.platform.engine.support.hierarchical.SameThreadHierarchicalTestExecutorService.invokeAll(SameThreadHierarchicalTestExecutorService.java:41) ~[junit-platform-engine-1.8.2.jar:1.8.2]
	at org.junit.platform.engine.support.hierarchical.NodeTestTask.lambda$executeRecursively$6(NodeTestTask.java:155) ~[junit-platform-engine-1.8.2.jar:1.8.2]
	at org.junit.platform.engine.support.hierarchical.ThrowableCollector.execute(ThrowableCollector.java:73) ~[junit-platform-engine-1.8.2.jar:1.8.2]
	at org.junit.platform.engine.support.hierarchical.NodeTestTask.lambda$executeRecursively$8(NodeTestTask.java:141) ~[junit-platform-engine-1.8.2.jar:1.8.2]
	at org.junit.platform.engine.support.hierarchical.Node.around(Node.java:137) ~[junit-platform-engine-1.8.2.jar:1.8.2]
	at org.junit.platform.engine.support.hierarchical.NodeTestTask.lambda$executeRecursively$9(NodeTestTask.java:139) ~[junit-platform-engine-1.8.2.jar:1.8.2]
	at org.junit.platform.engine.support.hierarchical.ThrowableCollector.execute(ThrowableCollector.java:73) ~[junit-platform-engine-1.8.2.jar:1.8.2]
	at org.junit.platform.engine.support.hierarchical.NodeTestTask.executeRecursively(NodeTestTask.java:138) ~[junit-platform-engine-1.8.2.jar:1.8.2]
	at org.junit.platform.engine.support.hierarchical.NodeTestTask.execute(NodeTestTask.java:95) ~[junit-platform-engine-1.8.2.jar:1.8.2]
	at org.junit.platform.engine.support.hierarchical.SameThreadHierarchicalTestExecutorService.submit(SameThreadHierarchicalTestExecutorService.java:35) ~[junit-platform-engine-1.8.2.jar:1.8.2]
	at org.junit.platform.engine.support.hierarchical.HierarchicalTestExecutor.execute(HierarchicalTestExecutor.java:57) ~[junit-platform-engine-1.8.2.jar:1.8.2]
	at org.junit.platform.engine.support.hierarchical.HierarchicalTestEngine.execute(HierarchicalTestEngine.java:54) ~[junit-platform-engine-1.8.2.jar:1.8.2]
	at org.junit.platform.launcher.core.EngineExecutionOrchestrator.execute(EngineExecutionOrchestrator.java:107) ~[junit-platform-launcher-1.8.2.jar:1.8.2]
	at org.junit.platform.launcher.core.EngineExecutionOrchestrator.execute(EngineExecutionOrchestrator.java:88) ~[junit-platform-launcher-1.8.2.jar:1.8.2]
	at org.junit.platform.launcher.core.EngineExecutionOrchestrator.lambda$execute$0(EngineExecutionOrchestrator.java:54) ~[junit-platform-launcher-1.8.2.jar:1.8.2]
	at org.junit.platform.launcher.core.EngineExecutionOrchestrator.withInterceptedStreams(EngineExecutionOrchestrator.java:67) ~[junit-platform-launcher-1.8.2.jar:1.8.2]
	at org.junit.platform.launcher.core.EngineExecutionOrchestrator.execute(EngineExecutionOrchestrator.java:52) ~[junit-platform-launcher-1.8.2.jar:1.8.2]
	at org.junit.platform.launcher.core.DefaultLauncher.execute(DefaultLauncher.java:114) ~[junit-platform-launcher-1.8.2.jar:1.8.2]
	at org.junit.platform.launcher.core.DefaultLauncher.execute(DefaultLauncher.java:95) ~[junit-platform-launcher-1.8.2.jar:1.8.2]
	at org.junit.platform.launcher.core.DefaultLauncherSession$DelegatingLauncher.execute(DefaultLauncherSession.java:91) ~[junit-platform-launcher-1.8.2.jar:1.8.2]
	at org.junit.platform.launcher.core.SessionPerRequestLauncher.execute(SessionPerRequestLauncher.java:60) ~[junit-platform-launcher-1.8.2.jar:1.8.2]
	at org.eclipse.jdt.internal.junit5.runner.JUnit5TestReference.run(JUnit5TestReference.java:98) ~[.cp/:na]
	at org.eclipse.jdt.internal.junit.runner.TestExecution.run(TestExecution.java:40) ~[.cp/:na]
	at org.eclipse.jdt.internal.junit.runner.RemoteTestRunner.runTests(RemoteTestRunner.java:529) ~[.cp/:na]
	at org.eclipse.jdt.internal.junit.runner.RemoteTestRunner.runTests(RemoteTestRunner.java:756) ~[.cp/:na]
	at org.eclipse.jdt.internal.junit.runner.RemoteTestRunner.run(RemoteTestRunner.java:452) ~[.cp/:na]
	at org.eclipse.jdt.internal.junit.runner.RemoteTestRunner.main(RemoteTestRunner.java:210) ~[.cp/:na]
Caused by: org.springframework.beans.BeanInstantiationException: Failed to instantiate [org.springframework.web.servlet.HandlerExceptionResolver]: Factory method 'handlerExceptionResolver' threw exception; nested exception is java.lang.IllegalStateException: Ambiguous @ExceptionHandler method mapped for [class org.springframework.web.bind.MethodArgumentNotValidException]: {public java.util.Map com.abernathyclinic.patientinfo.controller.RestResponseEntityExceptionHandler.handleValidationExceptions(org.springframework.web.bind.MethodArgumentNotValidException), public final org.springframework.http.ResponseEntity org.springframework.web.servlet.mvc.method.annotation.ResponseEntityExceptionHandler.handleException(java.lang.Exception,org.springframework.web.context.request.WebRequest) throws java.lang.Exception}
	at org.springframework.beans.factory.support.SimpleInstantiationStrategy.instantiate(SimpleInstantiationStrategy.java:185) ~[spring-beans-5.3.21.jar:5.3.21]
	at org.springframework.beans.factory.support.ConstructorResolver.instantiate(ConstructorResolver.java:653) ~[spring-beans-5.3.21.jar:5.3.21]
	... 83 common frames omitted
Caused by: java.lang.IllegalStateException: Ambiguous @ExceptionHandler method mapped for [class org.springframework.web.bind.MethodArgumentNotValidException]: {public java.util.Map com.abernathyclinic.patientinfo.controller.RestResponseEntityExceptionHandler.handleValidationExceptions(org.springframework.web.bind.MethodArgumentNotValidException), public final org.springframework.http.ResponseEntity org.springframework.web.servlet.mvc.method.annotation.ResponseEntityExceptionHandler.handleException(java.lang.Exception,org.springframework.web.context.request.WebRequest) throws java.lang.Exception}
	at org.springframework.web.method.annotation.ExceptionHandlerMethodResolver.addExceptionMapping(ExceptionHandlerMethodResolver.java:114) ~[spring-web-5.3.21.jar:5.3.21]
	at org.springframework.web.method.annotation.ExceptionHandlerMethodResolver.<init>(ExceptionHandlerMethodResolver.java:78) ~[spring-web-5.3.21.jar:5.3.21]
	at org.springframework.web.servlet.mvc.method.annotation.ExceptionHandlerExceptionResolver.initExceptionHandlerAdviceCache(ExceptionHandlerExceptionResolver.java:291) ~[spring-webmvc-5.3.21.jar:5.3.21]
	at org.springframework.web.servlet.mvc.method.annotation.ExceptionHandlerExceptionResolver.afterPropertiesSet(ExceptionHandlerExceptionResolver.java:268) ~[spring-webmvc-5.3.21.jar:5.3.21]
	at org.springframework.web.servlet.config.annotation.WebMvcConfigurationSupport.addDefaultHandlerExceptionResolvers(WebMvcConfigurationSupport.java:1090) ~[spring-webmvc-5.3.21.jar:5.3.21]
	at org.springframework.web.servlet.config.annotation.WebMvcConfigurationSupport.handlerExceptionResolver(WebMvcConfigurationSupport.java:1032) ~[spring-webmvc-5.3.21.jar:5.3.21]
	at java.base/jdk.internal.reflect.NativeMethodAccessorImpl.invoke0(Native Method) ~[na:na]
	at java.base/jdk.internal.reflect.NativeMethodAccessorImpl.invoke(NativeMethodAccessorImpl.java:77) ~[na:na]
	at java.base/jdk.internal.reflect.DelegatingMethodAccessorImpl.invoke(DelegatingMethodAccessorImpl.java:43) ~[na:na]
	at java.base/java.lang.reflect.Method.invoke(Method.java:568) ~[na:na]
	at org.springframework.beans.factory.support.SimpleInstantiationStrategy.instantiate(SimpleInstantiationStrategy.java:154) ~[spring-beans-5.3.21.jar:5.3.21]
	... 84 common frames omitted

2022-08-15 16:03:25.745 ERROR 34514 --- [main] o.s.test.context.TestContextManager      : Caught exception while allowing TestExecutionListener [org.springframework.boot.test.mock.mockito.MockitoTestExecutionListener@a1f72f5] to prepare test instance [com.abernathyclinic.patientinfo.controller.PatientControllerTest@125f16b2]

java.lang.IllegalStateException: Failed to load ApplicationContext
	at org.springframework.test.context.cache.DefaultCacheAwareContextLoaderDelegate.loadContext(DefaultCacheAwareContextLoaderDelegate.java:132) ~[spring-test-5.3.21.jar:5.3.21]
	at org.springframework.test.context.support.DefaultTestContext.getApplicationContext(DefaultTestContext.java:124) ~[spring-test-5.3.21.jar:5.3.21]
	at org.springframework.boot.test.mock.mockito.MockitoTestExecutionListener.postProcessFields(MockitoTestExecutionListener.java:110) ~[spring-boot-test-2.7.1.jar:2.7.1]
	at org.springframework.boot.test.mock.mockito.MockitoTestExecutionListener.injectFields(MockitoTestExecutionListener.java:94) ~[spring-boot-test-2.7.1.jar:2.7.1]
	at org.springframework.boot.test.mock.mockito.MockitoTestExecutionListener.prepareTestInstance(MockitoTestExecutionListener.java:61) ~[spring-boot-test-2.7.1.jar:2.7.1]
	at org.springframework.test.context.TestContextManager.prepareTestInstance(TestContextManager.java:248) ~[spring-test-5.3.21.jar:5.3.21]
	at org.springframework.test.context.junit.jupiter.SpringExtension.postProcessTestInstance(SpringExtension.java:138) ~[spring-test-5.3.21.jar:5.3.21]
	at org.junit.jupiter.engine.descriptor.ClassBasedTestDescriptor.lambda$invokeTestInstancePostProcessors$8(ClassBasedTestDescriptor.java:363) ~[junit-jupiter-engine-5.8.2.jar:5.8.2]
	at org.junit.jupiter.engine.descriptor.ClassBasedTestDescriptor.executeAndMaskThrowable(ClassBasedTestDescriptor.java:368) ~[junit-jupiter-engine-5.8.2.jar:5.8.2]
	at org.junit.jupiter.engine.descriptor.ClassBasedTestDescriptor.lambda$invokeTestInstancePostProcessors$9(ClassBasedTestDescriptor.java:363) ~[junit-jupiter-engine-5.8.2.jar:5.8.2]
	at java.base/java.util.stream.ReferencePipeline$3$1.accept(ReferencePipeline.java:197) ~[na:na]
	at java.base/java.util.stream.ReferencePipeline$2$1.accept(ReferencePipeline.java:179) ~[na:na]
	at java.base/java.util.ArrayList$ArrayListSpliterator.forEachRemaining(ArrayList.java:1625) ~[na:na]
	at java.base/java.util.stream.AbstractPipeline.copyInto(AbstractPipeline.java:509) ~[na:na]
	at java.base/java.util.stream.AbstractPipeline.wrapAndCopyInto(AbstractPipeline.java:499) ~[na:na]
	at java.base/java.util.stream.StreamSpliterators$WrappingSpliterator.forEachRemaining(StreamSpliterators.java:310) ~[na:na]
	at java.base/java.util.stream.Streams$ConcatSpliterator.forEachRemaining(Streams.java:735) ~[na:na]
	at java.base/java.util.stream.ReferencePipeline$Head.forEach(ReferencePipeline.java:762) ~[na:na]
	at org.junit.jupiter.engine.descriptor.ClassBasedTestDescriptor.invokeTestInstancePostProcessors(ClassBasedTestDescriptor.java:362) ~[junit-jupiter-engine-5.8.2.jar:5.8.2]
	at org.junit.jupiter.engine.descriptor.ClassBasedTestDescriptor.lambda$instantiateAndPostProcessTestInstance$6(ClassBasedTestDescriptor.java:283) ~[junit-jupiter-engine-5.8.2.jar:5.8.2]
	at org.junit.platform.engine.support.hierarchical.ThrowableCollector.execute(ThrowableCollector.java:73) ~[junit-platform-engine-1.8.2.jar:1.8.2]
	at org.junit.jupiter.engine.descriptor.ClassBasedTestDescriptor.instantiateAndPostProcessTestInstance(ClassBasedTestDescriptor.java:282) ~[junit-jupiter-engine-5.8.2.jar:5.8.2]
	at org.junit.jupiter.engine.descriptor.ClassBasedTestDescriptor.lambda$testInstancesProvider$4(ClassBasedTestDescriptor.java:272) ~[junit-jupiter-engine-5.8.2.jar:5.8.2]
	at java.base/java.util.Optional.orElseGet(Optional.java:364) ~[na:na]
	at org.junit.jupiter.engine.descriptor.ClassBasedTestDescriptor.lambda$testInstancesProvider$5(ClassBasedTestDescriptor.java:271) ~[junit-jupiter-engine-5.8.2.jar:5.8.2]
	at org.junit.jupiter.engine.execution.TestInstancesProvider.getTestInstances(TestInstancesProvider.java:31) ~[junit-jupiter-engine-5.8.2.jar:5.8.2]
	at org.junit.jupiter.engine.descriptor.ClassBasedTestDescriptor.lambda$before$2(ClassBasedTestDescriptor.java:197) ~[junit-jupiter-engine-5.8.2.jar:5.8.2]
	at org.junit.platform.engine.support.hierarchical.ThrowableCollector.execute(ThrowableCollector.java:73) ~[junit-platform-engine-1.8.2.jar:1.8.2]
	at org.junit.jupiter.engine.descriptor.ClassBasedTestDescriptor.before(ClassBasedTestDescriptor.java:196) ~[junit-jupiter-engine-5.8.2.jar:5.8.2]
	at org.junit.jupiter.engine.descriptor.ClassBasedTestDescriptor.before(ClassBasedTestDescriptor.java:80) ~[junit-jupiter-engine-5.8.2.jar:5.8.2]
	at org.junit.platform.engine.support.hierarchical.NodeTestTask.lambda$executeRecursively$6(NodeTestTask.java:148) ~[junit-platform-engine-1.8.2.jar:1.8.2]
	at org.junit.platform.engine.support.hierarchical.ThrowableCollector.execute(ThrowableCollector.java:73) ~[junit-platform-engine-1.8.2.jar:1.8.2]
	at org.junit.platform.engine.support.hierarchical.NodeTestTask.lambda$executeRecursively$8(NodeTestTask.java:141) ~[junit-platform-engine-1.8.2.jar:1.8.2]
	at org.junit.platform.engine.support.hierarchical.Node.around(Node.java:137) ~[junit-platform-engine-1.8.2.jar:1.8.2]
	at org.junit.platform.engine.support.hierarchical.NodeTestTask.lambda$executeRecursively$9(NodeTestTask.java:139) ~[junit-platform-engine-1.8.2.jar:1.8.2]
	at org.junit.platform.engine.support.hierarchical.ThrowableCollector.execute(ThrowableCollector.java:73) ~[junit-platform-engine-1.8.2.jar:1.8.2]
	at org.junit.platform.engine.support.hierarchical.NodeTestTask.executeRecursively(NodeTestTask.java:138) ~[junit-platform-engine-1.8.2.jar:1.8.2]
	at org.junit.platform.engine.support.hierarchical.NodeTestTask.execute(NodeTestTask.java:95) ~[junit-platform-engine-1.8.2.jar:1.8.2]
	at java.base/java.util.ArrayList.forEach(ArrayList.java:1511) ~[na:na]
	at org.junit.platform.engine.support.hierarchical.SameThreadHierarchicalTestExecutorService.invokeAll(SameThreadHierarchicalTestExecutorService.java:41) ~[junit-platform-engine-1.8.2.jar:1.8.2]
	at org.junit.platform.engine.support.hierarchical.NodeTestTask.lambda$executeRecursively$6(NodeTestTask.java:155) ~[junit-platform-engine-1.8.2.jar:1.8.2]
	at org.junit.platform.engine.support.hierarchical.ThrowableCollector.execute(ThrowableCollector.java:73) ~[junit-platform-engine-1.8.2.jar:1.8.2]
	at org.junit.platform.engine.support.hierarchical.NodeTestTask.lambda$executeRecursively$8(NodeTestTask.java:141) ~[junit-platform-engine-1.8.2.jar:1.8.2]
	at org.junit.platform.engine.support.hierarchical.Node.around(Node.java:137) ~[junit-platform-engine-1.8.2.jar:1.8.2]
	at org.junit.platform.engine.support.hierarchical.NodeTestTask.lambda$executeRecursively$9(NodeTestTask.java:139) ~[junit-platform-engine-1.8.2.jar:1.8.2]
	at org.junit.platform.engine.support.hierarchical.ThrowableCollector.execute(ThrowableCollector.java:73) ~[junit-platform-engine-1.8.2.jar:1.8.2]
	at org.junit.platform.engine.support.hierarchical.NodeTestTask.executeRecursively(NodeTestTask.java:138) ~[junit-platform-engine-1.8.2.jar:1.8.2]
	at org.junit.platform.engine.support.hierarchical.NodeTestTask.execute(NodeTestTask.java:95) ~[junit-platform-engine-1.8.2.jar:1.8.2]
	at org.junit.platform.engine.support.hierarchical.SameThreadHierarchicalTestExecutorService.submit(SameThreadHierarchicalTestExecutorService.java:35) ~[junit-platform-engine-1.8.2.jar:1.8.2]
	at org.junit.platform.engine.support.hierarchical.HierarchicalTestExecutor.execute(HierarchicalTestExecutor.java:57) ~[junit-platform-engine-1.8.2.jar:1.8.2]
	at org.junit.platform.engine.support.hierarchical.HierarchicalTestEngine.execute(HierarchicalTestEngine.java:54) ~[junit-platform-engine-1.8.2.jar:1.8.2]
	at org.junit.platform.launcher.core.EngineExecutionOrchestrator.execute(EngineExecutionOrchestrator.java:107) ~[junit-platform-launcher-1.8.2.jar:1.8.2]
	at org.junit.platform.launcher.core.EngineExecutionOrchestrator.execute(EngineExecutionOrchestrator.java:88) ~[junit-platform-launcher-1.8.2.jar:1.8.2]
	at org.junit.platform.launcher.core.EngineExecutionOrchestrator.lambda$execute$0(EngineExecutionOrchestrator.java:54) ~[junit-platform-launcher-1.8.2.jar:1.8.2]
	at org.junit.platform.launcher.core.EngineExecutionOrchestrator.withInterceptedStreams(EngineExecutionOrchestrator.java:67) ~[junit-platform-launcher-1.8.2.jar:1.8.2]
	at org.junit.platform.launcher.core.EngineExecutionOrchestrator.execute(EngineExecutionOrchestrator.java:52) ~[junit-platform-launcher-1.8.2.jar:1.8.2]
	at org.junit.platform.launcher.core.DefaultLauncher.execute(DefaultLauncher.java:114) ~[junit-platform-launcher-1.8.2.jar:1.8.2]
	at org.junit.platform.launcher.core.DefaultLauncher.execute(DefaultLauncher.java:95) ~[junit-platform-launcher-1.8.2.jar:1.8.2]
	at org.junit.platform.launcher.core.DefaultLauncherSession$DelegatingLauncher.execute(DefaultLauncherSession.java:91) ~[junit-platform-launcher-1.8.2.jar:1.8.2]
	at org.junit.platform.launcher.core.SessionPerRequestLauncher.execute(SessionPerRequestLauncher.java:60) ~[junit-platform-launcher-1.8.2.jar:1.8.2]
	at org.eclipse.jdt.internal.junit5.runner.JUnit5TestReference.run(JUnit5TestReference.java:98) ~[.cp/:na]
	at org.eclipse.jdt.internal.junit.runner.TestExecution.run(TestExecution.java:40) ~[.cp/:na]
	at org.eclipse.jdt.internal.junit.runner.RemoteTestRunner.runTests(RemoteTestRunner.java:529) ~[.cp/:na]
	at org.eclipse.jdt.internal.junit.runner.RemoteTestRunner.runTests(RemoteTestRunner.java:756) ~[.cp/:na]
	at org.eclipse.jdt.internal.junit.runner.RemoteTestRunner.run(RemoteTestRunner.java:452) ~[.cp/:na]
	at org.eclipse.jdt.internal.junit.runner.RemoteTestRunner.main(RemoteTestRunner.java:210) ~[.cp/:na]
Caused by: org.springframework.beans.factory.BeanCreationException: Error creating bean with name 'handlerExceptionResolver' defined in class path resource [org/springframework/boot/autoconfigure/web/servlet/WebMvcAutoConfiguration$EnableWebMvcConfiguration.class]: Bean instantiation via factory method failed; nested exception is org.springframework.beans.BeanInstantiationException: Failed to instantiate [org.springframework.web.servlet.HandlerExceptionResolver]: Factory method 'handlerExceptionResolver' threw exception; nested exception is java.lang.IllegalStateException: Ambiguous @ExceptionHandler method mapped for [class org.springframework.web.bind.MethodArgumentNotValidException]: {public java.util.Map com.abernathyclinic.patientinfo.controller.RestResponseEntityExceptionHandler.handleValidationExceptions(org.springframework.web.bind.MethodArgumentNotValidException), public final org.springframework.http.ResponseEntity org.springframework.web.servlet.mvc.method.annotation.ResponseEntityExceptionHandler.handleException(java.lang.Exception,org.springframework.web.context.request.WebRequest) throws java.lang.Exception}
	at org.springframework.beans.factory.support.ConstructorResolver.instantiate(ConstructorResolver.java:658) ~[spring-beans-5.3.21.jar:5.3.21]
	at org.springframework.beans.factory.support.ConstructorResolver.instantiateUsingFactoryMethod(ConstructorResolver.java:638) ~[spring-beans-5.3.21.jar:5.3.21]
	at org.springframework.beans.factory.support.AbstractAutowireCapableBeanFactory.instantiateUsingFactoryMethod(AbstractAutowireCapableBeanFactory.java:1352) ~[spring-beans-5.3.21.jar:5.3.21]
	at org.springframework.beans.factory.support.AbstractAutowireCapableBeanFactory.createBeanInstance(AbstractAutowireCapableBeanFactory.java:1195) ~[spring-beans-5.3.21.jar:5.3.21]
	at org.springframework.beans.factory.support.AbstractAutowireCapableBeanFactory.doCreateBean(AbstractAutowireCapableBeanFactory.java:582) ~[spring-beans-5.3.21.jar:5.3.21]
	at org.springframework.beans.factory.support.AbstractAutowireCapableBeanFactory.createBean(AbstractAutowireCapableBeanFactory.java:542) ~[spring-beans-5.3.21.jar:5.3.21]
	at org.springframework.beans.factory.support.AbstractBeanFactory.lambda$doGetBean$0(AbstractBeanFactory.java:335) ~[spring-beans-5.3.21.jar:5.3.21]
	at org.springframework.beans.factory.support.DefaultSingletonBeanRegistry.getSingleton(DefaultSingletonBeanRegistry.java:234) ~[spring-beans-5.3.21.jar:5.3.21]
	at org.springframework.beans.factory.support.AbstractBeanFactory.doGetBean(AbstractBeanFactory.java:333) ~[spring-beans-5.3.21.jar:5.3.21]
	at org.springframework.beans.factory.support.AbstractBeanFactory.getBean(AbstractBeanFactory.java:208) ~[spring-beans-5.3.21.jar:5.3.21]
	at org.springframework.beans.factory.support.DefaultListableBeanFactory.preInstantiateSingletons(DefaultListableBeanFactory.java:955) ~[spring-beans-5.3.21.jar:5.3.21]
	at org.springframework.context.support.AbstractApplicationContext.finishBeanFactoryInitialization(AbstractApplicationContext.java:918) ~[spring-context-5.3.21.jar:5.3.21]
	at org.springframework.context.support.AbstractApplicationContext.refresh(AbstractApplicationContext.java:583) ~[spring-context-5.3.21.jar:5.3.21]
	at org.springframework.boot.SpringApplication.refresh(SpringApplication.java:734) ~[spring-boot-2.7.1.jar:2.7.1]
	at org.springframework.boot.SpringApplication.refreshContext(SpringApplication.java:408) ~[spring-boot-2.7.1.jar:2.7.1]
	at org.springframework.boot.SpringApplication.run(SpringApplication.java:308) ~[spring-boot-2.7.1.jar:2.7.1]
	at org.springframework.boot.test.context.SpringBootContextLoader.loadContext(SpringBootContextLoader.java:132) ~[spring-boot-test-2.7.1.jar:2.7.1]
	at org.springframework.test.context.cache.DefaultCacheAwareContextLoaderDelegate.loadContextInternal(DefaultCacheAwareContextLoaderDelegate.java:99) ~[spring-test-5.3.21.jar:5.3.21]
	at org.springframework.test.context.cache.DefaultCacheAwareContextLoaderDelegate.loadContext(DefaultCacheAwareContextLoaderDelegate.java:124) ~[spring-test-5.3.21.jar:5.3.21]
	... 65 common frames omitted
Caused by: org.springframework.beans.BeanInstantiationException: Failed to instantiate [org.springframework.web.servlet.HandlerExceptionResolver]: Factory method 'handlerExceptionResolver' threw exception; nested exception is java.lang.IllegalStateException: Ambiguous @ExceptionHandler method mapped for [class org.springframework.web.bind.MethodArgumentNotValidException]: {public java.util.Map com.abernathyclinic.patientinfo.controller.RestResponseEntityExceptionHandler.handleValidationExceptions(org.springframework.web.bind.MethodArgumentNotValidException), public final org.springframework.http.ResponseEntity org.springframework.web.servlet.mvc.method.annotation.ResponseEntityExceptionHandler.handleException(java.lang.Exception,org.springframework.web.context.request.WebRequest) throws java.lang.Exception}
	at org.springframework.beans.factory.support.SimpleInstantiationStrategy.instantiate(SimpleInstantiationStrategy.java:185) ~[spring-beans-5.3.21.jar:5.3.21]
	at org.springframework.beans.factory.support.ConstructorResolver.instantiate(ConstructorResolver.java:653) ~[spring-beans-5.3.21.jar:5.3.21]
	... 83 common frames omitted
Caused by: java.lang.IllegalStateException: Ambiguous @ExceptionHandler method mapped for [class org.springframework.web.bind.MethodArgumentNotValidException]: {public java.util.Map com.abernathyclinic.patientinfo.controller.RestResponseEntityExceptionHandler.handleValidationExceptions(org.springframework.web.bind.MethodArgumentNotValidException), public final org.springframework.http.ResponseEntity org.springframework.web.servlet.mvc.method.annotation.ResponseEntityExceptionHandler.handleException(java.lang.Exception,org.springframework.web.context.request.WebRequest) throws java.lang.Exception}
	at org.springframework.web.method.annotation.ExceptionHandlerMethodResolver.addExceptionMapping(ExceptionHandlerMethodResolver.java:114) ~[spring-web-5.3.21.jar:5.3.21]
	at org.springframework.web.method.annotation.ExceptionHandlerMethodResolver.<init>(ExceptionHandlerMethodResolver.java:78) ~[spring-web-5.3.21.jar:5.3.21]
	at org.springframework.web.servlet.mvc.method.annotation.ExceptionHandlerExceptionResolver.initExceptionHandlerAdviceCache(ExceptionHandlerExceptionResolver.java:291) ~[spring-webmvc-5.3.21.jar:5.3.21]
	at org.springframework.web.servlet.mvc.method.annotation.ExceptionHandlerExceptionResolver.afterPropertiesSet(ExceptionHandlerExceptionResolver.java:268) ~[spring-webmvc-5.3.21.jar:5.3.21]
	at org.springframework.web.servlet.config.annotation.WebMvcConfigurationSupport.addDefaultHandlerExceptionResolvers(WebMvcConfigurationSupport.java:1090) ~[spring-webmvc-5.3.21.jar:5.3.21]
	at org.springframework.web.servlet.config.annotation.WebMvcConfigurationSupport.handlerExceptionResolver(WebMvcConfigurationSupport.java:1032) ~[spring-webmvc-5.3.21.jar:5.3.21]
	at java.base/jdk.internal.reflect.NativeMethodAccessorImpl.invoke0(Native Method) ~[na:na]
	at java.base/jdk.internal.reflect.NativeMethodAccessorImpl.invoke(NativeMethodAccessorImpl.java:77) ~[na:na]
	at java.base/jdk.internal.reflect.DelegatingMethodAccessorImpl.invoke(DelegatingMethodAccessorImpl.java:43) ~[na:na]
	at java.base/java.lang.reflect.Method.invoke(Method.java:568) ~[na:na]
	at org.springframework.beans.factory.support.SimpleInstantiationStrategy.instantiate(SimpleInstantiationStrategy.java:154) ~[spring-beans-5.3.21.jar:5.3.21]
	... 84 common frames omitted

2022-08-15 16:05:55.468  INFO 34620 --- [main] c.a.p.controller.PatientControllerTest   : Starting PatientControllerTest using Java 17.0.1 on tezkat-OptiPlex-790 with PID 34620 (started by tezkat in /home/tezkat/eclipse-workspace/abernathy/patientinfo)
2022-08-15 16:05:55.469 DEBUG 34620 --- [main] c.a.p.controller.PatientControllerTest   : Running with Spring Boot v2.7.1, Spring v5.3.21
2022-08-15 16:05:55.470  INFO 34620 --- [main] c.a.p.controller.PatientControllerTest   : No active profile set, falling back to 1 default profile: "default"
2022-08-15 16:05:57.263  INFO 34620 --- [main] o.s.b.t.m.w.SpringBootMockServletContext : Initializing Spring TestDispatcherServlet ''
2022-08-15 16:05:57.263  INFO 34620 --- [main] o.s.t.web.servlet.TestDispatcherServlet  : Initializing Servlet ''
2022-08-15 16:05:57.264  INFO 34620 --- [main] o.s.t.web.servlet.TestDispatcherServlet  : Completed initialization in 1 ms
2022-08-15 16:05:57.292  INFO 34620 --- [main] c.a.p.controller.PatientControllerTest   : Started PatientControllerTest in 2.251 seconds (JVM running for 3.182)
2022-08-15 16:07:32.450  INFO 34677 --- [main] c.a.p.controller.PatientControllerTest   : Starting PatientControllerTest using Java 17.0.1 on tezkat-OptiPlex-790 with PID 34677 (started by tezkat in /home/tezkat/eclipse-workspace/abernathy/patientinfo)
2022-08-15 16:07:32.451 DEBUG 34677 --- [main] c.a.p.controller.PatientControllerTest   : Running with Spring Boot v2.7.1, Spring v5.3.21
2022-08-15 16:07:32.452  INFO 34677 --- [main] c.a.p.controller.PatientControllerTest   : No active profile set, falling back to 1 default profile: "default"
2022-08-15 16:07:34.124  WARN 34677 --- [main] o.s.w.c.s.GenericWebApplicationContext   : Exception encountered during context initialization - cancelling refresh attempt: org.springframework.beans.factory.BeanCreationException: Error creating bean with name 'handlerExceptionResolver' defined in class path resource [org/springframework/boot/autoconfigure/web/servlet/WebMvcAutoConfiguration$EnableWebMvcConfiguration.class]: Bean instantiation via factory method failed; nested exception is org.springframework.beans.BeanInstantiationException: Failed to instantiate [org.springframework.web.servlet.HandlerExceptionResolver]: Factory method 'handlerExceptionResolver' threw exception; nested exception is java.lang.IllegalStateException: Ambiguous @ExceptionHandler method mapped for [class org.springframework.web.bind.MethodArgumentNotValidException]: {public java.util.Map com.abernathyclinic.patientinfo.controller.RestResponseEntityExceptionHandler.method(org.springframework.web.bind.MethodArgumentNotValidException), public final org.springframework.http.ResponseEntity org.springframework.web.servlet.mvc.method.annotation.ResponseEntityExceptionHandler.handleException(java.lang.Exception,org.springframework.web.context.request.WebRequest) throws java.lang.Exception}
2022-08-15 16:07:34.131  INFO 34677 --- [main] ConditionEvaluationReportLoggingListener : 

Error starting ApplicationContext. To display the conditions report re-run your application with 'debug' enabled.
2022-08-15 16:07:34.161 ERROR 34677 --- [main] o.s.boot.SpringApplication               : Application run failed

org.springframework.beans.factory.BeanCreationException: Error creating bean with name 'handlerExceptionResolver' defined in class path resource [org/springframework/boot/autoconfigure/web/servlet/WebMvcAutoConfiguration$EnableWebMvcConfiguration.class]: Bean instantiation via factory method failed; nested exception is org.springframework.beans.BeanInstantiationException: Failed to instantiate [org.springframework.web.servlet.HandlerExceptionResolver]: Factory method 'handlerExceptionResolver' threw exception; nested exception is java.lang.IllegalStateException: Ambiguous @ExceptionHandler method mapped for [class org.springframework.web.bind.MethodArgumentNotValidException]: {public java.util.Map com.abernathyclinic.patientinfo.controller.RestResponseEntityExceptionHandler.method(org.springframework.web.bind.MethodArgumentNotValidException), public final org.springframework.http.ResponseEntity org.springframework.web.servlet.mvc.method.annotation.ResponseEntityExceptionHandler.handleException(java.lang.Exception,org.springframework.web.context.request.WebRequest) throws java.lang.Exception}
	at org.springframework.beans.factory.support.ConstructorResolver.instantiate(ConstructorResolver.java:658) ~[spring-beans-5.3.21.jar:5.3.21]
	at org.springframework.beans.factory.support.ConstructorResolver.instantiateUsingFactoryMethod(ConstructorResolver.java:638) ~[spring-beans-5.3.21.jar:5.3.21]
	at org.springframework.beans.factory.support.AbstractAutowireCapableBeanFactory.instantiateUsingFactoryMethod(AbstractAutowireCapableBeanFactory.java:1352) ~[spring-beans-5.3.21.jar:5.3.21]
	at org.springframework.beans.factory.support.AbstractAutowireCapableBeanFactory.createBeanInstance(AbstractAutowireCapableBeanFactory.java:1195) ~[spring-beans-5.3.21.jar:5.3.21]
	at org.springframework.beans.factory.support.AbstractAutowireCapableBeanFactory.doCreateBean(AbstractAutowireCapableBeanFactory.java:582) ~[spring-beans-5.3.21.jar:5.3.21]
	at org.springframework.beans.factory.support.AbstractAutowireCapableBeanFactory.createBean(AbstractAutowireCapableBeanFactory.java:542) ~[spring-beans-5.3.21.jar:5.3.21]
	at org.springframework.beans.factory.support.AbstractBeanFactory.lambda$doGetBean$0(AbstractBeanFactory.java:335) ~[spring-beans-5.3.21.jar:5.3.21]
	at org.springframework.beans.factory.support.DefaultSingletonBeanRegistry.getSingleton(DefaultSingletonBeanRegistry.java:234) ~[spring-beans-5.3.21.jar:5.3.21]
	at org.springframework.beans.factory.support.AbstractBeanFactory.doGetBean(AbstractBeanFactory.java:333) ~[spring-beans-5.3.21.jar:5.3.21]
	at org.springframework.beans.factory.support.AbstractBeanFactory.getBean(AbstractBeanFactory.java:208) ~[spring-beans-5.3.21.jar:5.3.21]
	at org.springframework.beans.factory.support.DefaultListableBeanFactory.preInstantiateSingletons(DefaultListableBeanFactory.java:955) ~[spring-beans-5.3.21.jar:5.3.21]
	at org.springframework.context.support.AbstractApplicationContext.finishBeanFactoryInitialization(AbstractApplicationContext.java:918) ~[spring-context-5.3.21.jar:5.3.21]
	at org.springframework.context.support.AbstractApplicationContext.refresh(AbstractApplicationContext.java:583) ~[spring-context-5.3.21.jar:5.3.21]
	at org.springframework.boot.SpringApplication.refresh(SpringApplication.java:734) ~[spring-boot-2.7.1.jar:2.7.1]
	at org.springframework.boot.SpringApplication.refreshContext(SpringApplication.java:408) ~[spring-boot-2.7.1.jar:2.7.1]
	at org.springframework.boot.SpringApplication.run(SpringApplication.java:308) ~[spring-boot-2.7.1.jar:2.7.1]
	at org.springframework.boot.test.context.SpringBootContextLoader.loadContext(SpringBootContextLoader.java:132) ~[spring-boot-test-2.7.1.jar:2.7.1]
	at org.springframework.test.context.cache.DefaultCacheAwareContextLoaderDelegate.loadContextInternal(DefaultCacheAwareContextLoaderDelegate.java:99) ~[spring-test-5.3.21.jar:5.3.21]
	at org.springframework.test.context.cache.DefaultCacheAwareContextLoaderDelegate.loadContext(DefaultCacheAwareContextLoaderDelegate.java:124) ~[spring-test-5.3.21.jar:5.3.21]
	at org.springframework.test.context.support.DefaultTestContext.getApplicationContext(DefaultTestContext.java:124) ~[spring-test-5.3.21.jar:5.3.21]
	at org.springframework.boot.test.mock.mockito.MockitoTestExecutionListener.postProcessFields(MockitoTestExecutionListener.java:110) ~[spring-boot-test-2.7.1.jar:2.7.1]
	at org.springframework.boot.test.mock.mockito.MockitoTestExecutionListener.injectFields(MockitoTestExecutionListener.java:94) ~[spring-boot-test-2.7.1.jar:2.7.1]
	at org.springframework.boot.test.mock.mockito.MockitoTestExecutionListener.prepareTestInstance(MockitoTestExecutionListener.java:61) ~[spring-boot-test-2.7.1.jar:2.7.1]
	at org.springframework.test.context.TestContextManager.prepareTestInstance(TestContextManager.java:248) ~[spring-test-5.3.21.jar:5.3.21]
	at org.springframework.test.context.junit.jupiter.SpringExtension.postProcessTestInstance(SpringExtension.java:138) ~[spring-test-5.3.21.jar:5.3.21]
	at org.junit.jupiter.engine.descriptor.ClassBasedTestDescriptor.lambda$invokeTestInstancePostProcessors$8(ClassBasedTestDescriptor.java:363) ~[junit-jupiter-engine-5.8.2.jar:5.8.2]
	at org.junit.jupiter.engine.descriptor.ClassBasedTestDescriptor.executeAndMaskThrowable(ClassBasedTestDescriptor.java:368) ~[junit-jupiter-engine-5.8.2.jar:5.8.2]
	at org.junit.jupiter.engine.descriptor.ClassBasedTestDescriptor.lambda$invokeTestInstancePostProcessors$9(ClassBasedTestDescriptor.java:363) ~[junit-jupiter-engine-5.8.2.jar:5.8.2]
	at java.base/java.util.stream.ReferencePipeline$3$1.accept(ReferencePipeline.java:197) ~[na:na]
	at java.base/java.util.stream.ReferencePipeline$2$1.accept(ReferencePipeline.java:179) ~[na:na]
	at java.base/java.util.ArrayList$ArrayListSpliterator.forEachRemaining(ArrayList.java:1625) ~[na:na]
	at java.base/java.util.stream.AbstractPipeline.copyInto(AbstractPipeline.java:509) ~[na:na]
	at java.base/java.util.stream.AbstractPipeline.wrapAndCopyInto(AbstractPipeline.java:499) ~[na:na]
	at java.base/java.util.stream.StreamSpliterators$WrappingSpliterator.forEachRemaining(StreamSpliterators.java:310) ~[na:na]
	at java.base/java.util.stream.Streams$ConcatSpliterator.forEachRemaining(Streams.java:735) ~[na:na]
	at java.base/java.util.stream.ReferencePipeline$Head.forEach(ReferencePipeline.java:762) ~[na:na]
	at org.junit.jupiter.engine.descriptor.ClassBasedTestDescriptor.invokeTestInstancePostProcessors(ClassBasedTestDescriptor.java:362) ~[junit-jupiter-engine-5.8.2.jar:5.8.2]
	at org.junit.jupiter.engine.descriptor.ClassBasedTestDescriptor.lambda$instantiateAndPostProcessTestInstance$6(ClassBasedTestDescriptor.java:283) ~[junit-jupiter-engine-5.8.2.jar:5.8.2]
	at org.junit.platform.engine.support.hierarchical.ThrowableCollector.execute(ThrowableCollector.java:73) ~[junit-platform-engine-1.8.2.jar:1.8.2]
	at org.junit.jupiter.engine.descriptor.ClassBasedTestDescriptor.instantiateAndPostProcessTestInstance(ClassBasedTestDescriptor.java:282) ~[junit-jupiter-engine-5.8.2.jar:5.8.2]
	at org.junit.jupiter.engine.descriptor.ClassBasedTestDescriptor.lambda$testInstancesProvider$4(ClassBasedTestDescriptor.java:272) ~[junit-jupiter-engine-5.8.2.jar:5.8.2]
	at java.base/java.util.Optional.orElseGet(Optional.java:364) ~[na:na]
	at org.junit.jupiter.engine.descriptor.ClassBasedTestDescriptor.lambda$testInstancesProvider$5(ClassBasedTestDescriptor.java:271) ~[junit-jupiter-engine-5.8.2.jar:5.8.2]
	at org.junit.jupiter.engine.execution.TestInstancesProvider.getTestInstances(TestInstancesProvider.java:31) ~[junit-jupiter-engine-5.8.2.jar:5.8.2]
	at org.junit.jupiter.engine.descriptor.ClassBasedTestDescriptor.lambda$before$2(ClassBasedTestDescriptor.java:197) ~[junit-jupiter-engine-5.8.2.jar:5.8.2]
	at org.junit.platform.engine.support.hierarchical.ThrowableCollector.execute(ThrowableCollector.java:73) ~[junit-platform-engine-1.8.2.jar:1.8.2]
	at org.junit.jupiter.engine.descriptor.ClassBasedTestDescriptor.before(ClassBasedTestDescriptor.java:196) ~[junit-jupiter-engine-5.8.2.jar:5.8.2]
	at org.junit.jupiter.engine.descriptor.ClassBasedTestDescriptor.before(ClassBasedTestDescriptor.java:80) ~[junit-jupiter-engine-5.8.2.jar:5.8.2]
	at org.junit.platform.engine.support.hierarchical.NodeTestTask.lambda$executeRecursively$6(NodeTestTask.java:148) ~[junit-platform-engine-1.8.2.jar:1.8.2]
	at org.junit.platform.engine.support.hierarchical.ThrowableCollector.execute(ThrowableCollector.java:73) ~[junit-platform-engine-1.8.2.jar:1.8.2]
	at org.junit.platform.engine.support.hierarchical.NodeTestTask.lambda$executeRecursively$8(NodeTestTask.java:141) ~[junit-platform-engine-1.8.2.jar:1.8.2]
	at org.junit.platform.engine.support.hierarchical.Node.around(Node.java:137) ~[junit-platform-engine-1.8.2.jar:1.8.2]
	at org.junit.platform.engine.support.hierarchical.NodeTestTask.lambda$executeRecursively$9(NodeTestTask.java:139) ~[junit-platform-engine-1.8.2.jar:1.8.2]
	at org.junit.platform.engine.support.hierarchical.ThrowableCollector.execute(ThrowableCollector.java:73) ~[junit-platform-engine-1.8.2.jar:1.8.2]
	at org.junit.platform.engine.support.hierarchical.NodeTestTask.executeRecursively(NodeTestTask.java:138) ~[junit-platform-engine-1.8.2.jar:1.8.2]
	at org.junit.platform.engine.support.hierarchical.NodeTestTask.execute(NodeTestTask.java:95) ~[junit-platform-engine-1.8.2.jar:1.8.2]
	at java.base/java.util.ArrayList.forEach(ArrayList.java:1511) ~[na:na]
	at org.junit.platform.engine.support.hierarchical.SameThreadHierarchicalTestExecutorService.invokeAll(SameThreadHierarchicalTestExecutorService.java:41) ~[junit-platform-engine-1.8.2.jar:1.8.2]
	at org.junit.platform.engine.support.hierarchical.NodeTestTask.lambda$executeRecursively$6(NodeTestTask.java:155) ~[junit-platform-engine-1.8.2.jar:1.8.2]
	at org.junit.platform.engine.support.hierarchical.ThrowableCollector.execute(ThrowableCollector.java:73) ~[junit-platform-engine-1.8.2.jar:1.8.2]
	at org.junit.platform.engine.support.hierarchical.NodeTestTask.lambda$executeRecursively$8(NodeTestTask.java:141) ~[junit-platform-engine-1.8.2.jar:1.8.2]
	at org.junit.platform.engine.support.hierarchical.Node.around(Node.java:137) ~[junit-platform-engine-1.8.2.jar:1.8.2]
	at org.junit.platform.engine.support.hierarchical.NodeTestTask.lambda$executeRecursively$9(NodeTestTask.java:139) ~[junit-platform-engine-1.8.2.jar:1.8.2]
	at org.junit.platform.engine.support.hierarchical.ThrowableCollector.execute(ThrowableCollector.java:73) ~[junit-platform-engine-1.8.2.jar:1.8.2]
	at org.junit.platform.engine.support.hierarchical.NodeTestTask.executeRecursively(NodeTestTask.java:138) ~[junit-platform-engine-1.8.2.jar:1.8.2]
	at org.junit.platform.engine.support.hierarchical.NodeTestTask.execute(NodeTestTask.java:95) ~[junit-platform-engine-1.8.2.jar:1.8.2]
	at org.junit.platform.engine.support.hierarchical.SameThreadHierarchicalTestExecutorService.submit(SameThreadHierarchicalTestExecutorService.java:35) ~[junit-platform-engine-1.8.2.jar:1.8.2]
	at org.junit.platform.engine.support.hierarchical.HierarchicalTestExecutor.execute(HierarchicalTestExecutor.java:57) ~[junit-platform-engine-1.8.2.jar:1.8.2]
	at org.junit.platform.engine.support.hierarchical.HierarchicalTestEngine.execute(HierarchicalTestEngine.java:54) ~[junit-platform-engine-1.8.2.jar:1.8.2]
	at org.junit.platform.launcher.core.EngineExecutionOrchestrator.execute(EngineExecutionOrchestrator.java:107) ~[junit-platform-launcher-1.8.2.jar:1.8.2]
	at org.junit.platform.launcher.core.EngineExecutionOrchestrator.execute(EngineExecutionOrchestrator.java:88) ~[junit-platform-launcher-1.8.2.jar:1.8.2]
	at org.junit.platform.launcher.core.EngineExecutionOrchestrator.lambda$execute$0(EngineExecutionOrchestrator.java:54) ~[junit-platform-launcher-1.8.2.jar:1.8.2]
	at org.junit.platform.launcher.core.EngineExecutionOrchestrator.withInterceptedStreams(EngineExecutionOrchestrator.java:67) ~[junit-platform-launcher-1.8.2.jar:1.8.2]
	at org.junit.platform.launcher.core.EngineExecutionOrchestrator.execute(EngineExecutionOrchestrator.java:52) ~[junit-platform-launcher-1.8.2.jar:1.8.2]
	at org.junit.platform.launcher.core.DefaultLauncher.execute(DefaultLauncher.java:114) ~[junit-platform-launcher-1.8.2.jar:1.8.2]
	at org.junit.platform.launcher.core.DefaultLauncher.execute(DefaultLauncher.java:95) ~[junit-platform-launcher-1.8.2.jar:1.8.2]
	at org.junit.platform.launcher.core.DefaultLauncherSession$DelegatingLauncher.execute(DefaultLauncherSession.java:91) ~[junit-platform-launcher-1.8.2.jar:1.8.2]
	at org.junit.platform.launcher.core.SessionPerRequestLauncher.execute(SessionPerRequestLauncher.java:60) ~[junit-platform-launcher-1.8.2.jar:1.8.2]
	at org.eclipse.jdt.internal.junit5.runner.JUnit5TestReference.run(JUnit5TestReference.java:98) ~[.cp/:na]
	at org.eclipse.jdt.internal.junit.runner.TestExecution.run(TestExecution.java:40) ~[.cp/:na]
	at org.eclipse.jdt.internal.junit.runner.RemoteTestRunner.runTests(RemoteTestRunner.java:529) ~[.cp/:na]
	at org.eclipse.jdt.internal.junit.runner.RemoteTestRunner.runTests(RemoteTestRunner.java:756) ~[.cp/:na]
	at org.eclipse.jdt.internal.junit.runner.RemoteTestRunner.run(RemoteTestRunner.java:452) ~[.cp/:na]
	at org.eclipse.jdt.internal.junit.runner.RemoteTestRunner.main(RemoteTestRunner.java:210) ~[.cp/:na]
Caused by: org.springframework.beans.BeanInstantiationException: Failed to instantiate [org.springframework.web.servlet.HandlerExceptionResolver]: Factory method 'handlerExceptionResolver' threw exception; nested exception is java.lang.IllegalStateException: Ambiguous @ExceptionHandler method mapped for [class org.springframework.web.bind.MethodArgumentNotValidException]: {public java.util.Map com.abernathyclinic.patientinfo.controller.RestResponseEntityExceptionHandler.method(org.springframework.web.bind.MethodArgumentNotValidException), public final org.springframework.http.ResponseEntity org.springframework.web.servlet.mvc.method.annotation.ResponseEntityExceptionHandler.handleException(java.lang.Exception,org.springframework.web.context.request.WebRequest) throws java.lang.Exception}
	at org.springframework.beans.factory.support.SimpleInstantiationStrategy.instantiate(SimpleInstantiationStrategy.java:185) ~[spring-beans-5.3.21.jar:5.3.21]
	at org.springframework.beans.factory.support.ConstructorResolver.instantiate(ConstructorResolver.java:653) ~[spring-beans-5.3.21.jar:5.3.21]
	... 83 common frames omitted
Caused by: java.lang.IllegalStateException: Ambiguous @ExceptionHandler method mapped for [class org.springframework.web.bind.MethodArgumentNotValidException]: {public java.util.Map com.abernathyclinic.patientinfo.controller.RestResponseEntityExceptionHandler.method(org.springframework.web.bind.MethodArgumentNotValidException), public final org.springframework.http.ResponseEntity org.springframework.web.servlet.mvc.method.annotation.ResponseEntityExceptionHandler.handleException(java.lang.Exception,org.springframework.web.context.request.WebRequest) throws java.lang.Exception}
	at org.springframework.web.method.annotation.ExceptionHandlerMethodResolver.addExceptionMapping(ExceptionHandlerMethodResolver.java:114) ~[spring-web-5.3.21.jar:5.3.21]
	at org.springframework.web.method.annotation.ExceptionHandlerMethodResolver.<init>(ExceptionHandlerMethodResolver.java:78) ~[spring-web-5.3.21.jar:5.3.21]
	at org.springframework.web.servlet.mvc.method.annotation.ExceptionHandlerExceptionResolver.initExceptionHandlerAdviceCache(ExceptionHandlerExceptionResolver.java:291) ~[spring-webmvc-5.3.21.jar:5.3.21]
	at org.springframework.web.servlet.mvc.method.annotation.ExceptionHandlerExceptionResolver.afterPropertiesSet(ExceptionHandlerExceptionResolver.java:268) ~[spring-webmvc-5.3.21.jar:5.3.21]
	at org.springframework.web.servlet.config.annotation.WebMvcConfigurationSupport.addDefaultHandlerExceptionResolvers(WebMvcConfigurationSupport.java:1090) ~[spring-webmvc-5.3.21.jar:5.3.21]
	at org.springframework.web.servlet.config.annotation.WebMvcConfigurationSupport.handlerExceptionResolver(WebMvcConfigurationSupport.java:1032) ~[spring-webmvc-5.3.21.jar:5.3.21]
	at java.base/jdk.internal.reflect.NativeMethodAccessorImpl.invoke0(Native Method) ~[na:na]
	at java.base/jdk.internal.reflect.NativeMethodAccessorImpl.invoke(NativeMethodAccessorImpl.java:77) ~[na:na]
	at java.base/jdk.internal.reflect.DelegatingMethodAccessorImpl.invoke(DelegatingMethodAccessorImpl.java:43) ~[na:na]
	at java.base/java.lang.reflect.Method.invoke(Method.java:568) ~[na:na]
	at org.springframework.beans.factory.support.SimpleInstantiationStrategy.instantiate(SimpleInstantiationStrategy.java:154) ~[spring-beans-5.3.21.jar:5.3.21]
	... 84 common frames omitted

2022-08-15 16:07:34.164 ERROR 34677 --- [main] o.s.test.context.TestContextManager      : Caught exception while allowing TestExecutionListener [org.springframework.boot.test.mock.mockito.MockitoTestExecutionListener@a1f72f5] to prepare test instance [com.abernathyclinic.patientinfo.controller.PatientControllerTest@ca7e37f]

java.lang.IllegalStateException: Failed to load ApplicationContext
	at org.springframework.test.context.cache.DefaultCacheAwareContextLoaderDelegate.loadContext(DefaultCacheAwareContextLoaderDelegate.java:132) ~[spring-test-5.3.21.jar:5.3.21]
	at org.springframework.test.context.support.DefaultTestContext.getApplicationContext(DefaultTestContext.java:124) ~[spring-test-5.3.21.jar:5.3.21]
	at org.springframework.boot.test.mock.mockito.MockitoTestExecutionListener.postProcessFields(MockitoTestExecutionListener.java:110) ~[spring-boot-test-2.7.1.jar:2.7.1]
	at org.springframework.boot.test.mock.mockito.MockitoTestExecutionListener.injectFields(MockitoTestExecutionListener.java:94) ~[spring-boot-test-2.7.1.jar:2.7.1]
	at org.springframework.boot.test.mock.mockito.MockitoTestExecutionListener.prepareTestInstance(MockitoTestExecutionListener.java:61) ~[spring-boot-test-2.7.1.jar:2.7.1]
	at org.springframework.test.context.TestContextManager.prepareTestInstance(TestContextManager.java:248) ~[spring-test-5.3.21.jar:5.3.21]
	at org.springframework.test.context.junit.jupiter.SpringExtension.postProcessTestInstance(SpringExtension.java:138) ~[spring-test-5.3.21.jar:5.3.21]
	at org.junit.jupiter.engine.descriptor.ClassBasedTestDescriptor.lambda$invokeTestInstancePostProcessors$8(ClassBasedTestDescriptor.java:363) ~[junit-jupiter-engine-5.8.2.jar:5.8.2]
	at org.junit.jupiter.engine.descriptor.ClassBasedTestDescriptor.executeAndMaskThrowable(ClassBasedTestDescriptor.java:368) ~[junit-jupiter-engine-5.8.2.jar:5.8.2]
	at org.junit.jupiter.engine.descriptor.ClassBasedTestDescriptor.lambda$invokeTestInstancePostProcessors$9(ClassBasedTestDescriptor.java:363) ~[junit-jupiter-engine-5.8.2.jar:5.8.2]
	at java.base/java.util.stream.ReferencePipeline$3$1.accept(ReferencePipeline.java:197) ~[na:na]
	at java.base/java.util.stream.ReferencePipeline$2$1.accept(ReferencePipeline.java:179) ~[na:na]
	at java.base/java.util.ArrayList$ArrayListSpliterator.forEachRemaining(ArrayList.java:1625) ~[na:na]
	at java.base/java.util.stream.AbstractPipeline.copyInto(AbstractPipeline.java:509) ~[na:na]
	at java.base/java.util.stream.AbstractPipeline.wrapAndCopyInto(AbstractPipeline.java:499) ~[na:na]
	at java.base/java.util.stream.StreamSpliterators$WrappingSpliterator.forEachRemaining(StreamSpliterators.java:310) ~[na:na]
	at java.base/java.util.stream.Streams$ConcatSpliterator.forEachRemaining(Streams.java:735) ~[na:na]
	at java.base/java.util.stream.ReferencePipeline$Head.forEach(ReferencePipeline.java:762) ~[na:na]
	at org.junit.jupiter.engine.descriptor.ClassBasedTestDescriptor.invokeTestInstancePostProcessors(ClassBasedTestDescriptor.java:362) ~[junit-jupiter-engine-5.8.2.jar:5.8.2]
	at org.junit.jupiter.engine.descriptor.ClassBasedTestDescriptor.lambda$instantiateAndPostProcessTestInstance$6(ClassBasedTestDescriptor.java:283) ~[junit-jupiter-engine-5.8.2.jar:5.8.2]
	at org.junit.platform.engine.support.hierarchical.ThrowableCollector.execute(ThrowableCollector.java:73) ~[junit-platform-engine-1.8.2.jar:1.8.2]
	at org.junit.jupiter.engine.descriptor.ClassBasedTestDescriptor.instantiateAndPostProcessTestInstance(ClassBasedTestDescriptor.java:282) ~[junit-jupiter-engine-5.8.2.jar:5.8.2]
	at org.junit.jupiter.engine.descriptor.ClassBasedTestDescriptor.lambda$testInstancesProvider$4(ClassBasedTestDescriptor.java:272) ~[junit-jupiter-engine-5.8.2.jar:5.8.2]
	at java.base/java.util.Optional.orElseGet(Optional.java:364) ~[na:na]
	at org.junit.jupiter.engine.descriptor.ClassBasedTestDescriptor.lambda$testInstancesProvider$5(ClassBasedTestDescriptor.java:271) ~[junit-jupiter-engine-5.8.2.jar:5.8.2]
	at org.junit.jupiter.engine.execution.TestInstancesProvider.getTestInstances(TestInstancesProvider.java:31) ~[junit-jupiter-engine-5.8.2.jar:5.8.2]
	at org.junit.jupiter.engine.descriptor.ClassBasedTestDescriptor.lambda$before$2(ClassBasedTestDescriptor.java:197) ~[junit-jupiter-engine-5.8.2.jar:5.8.2]
	at org.junit.platform.engine.support.hierarchical.ThrowableCollector.execute(ThrowableCollector.java:73) ~[junit-platform-engine-1.8.2.jar:1.8.2]
	at org.junit.jupiter.engine.descriptor.ClassBasedTestDescriptor.before(ClassBasedTestDescriptor.java:196) ~[junit-jupiter-engine-5.8.2.jar:5.8.2]
	at org.junit.jupiter.engine.descriptor.ClassBasedTestDescriptor.before(ClassBasedTestDescriptor.java:80) ~[junit-jupiter-engine-5.8.2.jar:5.8.2]
	at org.junit.platform.engine.support.hierarchical.NodeTestTask.lambda$executeRecursively$6(NodeTestTask.java:148) ~[junit-platform-engine-1.8.2.jar:1.8.2]
	at org.junit.platform.engine.support.hierarchical.ThrowableCollector.execute(ThrowableCollector.java:73) ~[junit-platform-engine-1.8.2.jar:1.8.2]
	at org.junit.platform.engine.support.hierarchical.NodeTestTask.lambda$executeRecursively$8(NodeTestTask.java:141) ~[junit-platform-engine-1.8.2.jar:1.8.2]
	at org.junit.platform.engine.support.hierarchical.Node.around(Node.java:137) ~[junit-platform-engine-1.8.2.jar:1.8.2]
	at org.junit.platform.engine.support.hierarchical.NodeTestTask.lambda$executeRecursively$9(NodeTestTask.java:139) ~[junit-platform-engine-1.8.2.jar:1.8.2]
	at org.junit.platform.engine.support.hierarchical.ThrowableCollector.execute(ThrowableCollector.java:73) ~[junit-platform-engine-1.8.2.jar:1.8.2]
	at org.junit.platform.engine.support.hierarchical.NodeTestTask.executeRecursively(NodeTestTask.java:138) ~[junit-platform-engine-1.8.2.jar:1.8.2]
	at org.junit.platform.engine.support.hierarchical.NodeTestTask.execute(NodeTestTask.java:95) ~[junit-platform-engine-1.8.2.jar:1.8.2]
	at java.base/java.util.ArrayList.forEach(ArrayList.java:1511) ~[na:na]
	at org.junit.platform.engine.support.hierarchical.SameThreadHierarchicalTestExecutorService.invokeAll(SameThreadHierarchicalTestExecutorService.java:41) ~[junit-platform-engine-1.8.2.jar:1.8.2]
	at org.junit.platform.engine.support.hierarchical.NodeTestTask.lambda$executeRecursively$6(NodeTestTask.java:155) ~[junit-platform-engine-1.8.2.jar:1.8.2]
	at org.junit.platform.engine.support.hierarchical.ThrowableCollector.execute(ThrowableCollector.java:73) ~[junit-platform-engine-1.8.2.jar:1.8.2]
	at org.junit.platform.engine.support.hierarchical.NodeTestTask.lambda$executeRecursively$8(NodeTestTask.java:141) ~[junit-platform-engine-1.8.2.jar:1.8.2]
	at org.junit.platform.engine.support.hierarchical.Node.around(Node.java:137) ~[junit-platform-engine-1.8.2.jar:1.8.2]
	at org.junit.platform.engine.support.hierarchical.NodeTestTask.lambda$executeRecursively$9(NodeTestTask.java:139) ~[junit-platform-engine-1.8.2.jar:1.8.2]
	at org.junit.platform.engine.support.hierarchical.ThrowableCollector.execute(ThrowableCollector.java:73) ~[junit-platform-engine-1.8.2.jar:1.8.2]
	at org.junit.platform.engine.support.hierarchical.NodeTestTask.executeRecursively(NodeTestTask.java:138) ~[junit-platform-engine-1.8.2.jar:1.8.2]
	at org.junit.platform.engine.support.hierarchical.NodeTestTask.execute(NodeTestTask.java:95) ~[junit-platform-engine-1.8.2.jar:1.8.2]
	at org.junit.platform.engine.support.hierarchical.SameThreadHierarchicalTestExecutorService.submit(SameThreadHierarchicalTestExecutorService.java:35) ~[junit-platform-engine-1.8.2.jar:1.8.2]
	at org.junit.platform.engine.support.hierarchical.HierarchicalTestExecutor.execute(HierarchicalTestExecutor.java:57) ~[junit-platform-engine-1.8.2.jar:1.8.2]
	at org.junit.platform.engine.support.hierarchical.HierarchicalTestEngine.execute(HierarchicalTestEngine.java:54) ~[junit-platform-engine-1.8.2.jar:1.8.2]
	at org.junit.platform.launcher.core.EngineExecutionOrchestrator.execute(EngineExecutionOrchestrator.java:107) ~[junit-platform-launcher-1.8.2.jar:1.8.2]
	at org.junit.platform.launcher.core.EngineExecutionOrchestrator.execute(EngineExecutionOrchestrator.java:88) ~[junit-platform-launcher-1.8.2.jar:1.8.2]
	at org.junit.platform.launcher.core.EngineExecutionOrchestrator.lambda$execute$0(EngineExecutionOrchestrator.java:54) ~[junit-platform-launcher-1.8.2.jar:1.8.2]
	at org.junit.platform.launcher.core.EngineExecutionOrchestrator.withInterceptedStreams(EngineExecutionOrchestrator.java:67) ~[junit-platform-launcher-1.8.2.jar:1.8.2]
	at org.junit.platform.launcher.core.EngineExecutionOrchestrator.execute(EngineExecutionOrchestrator.java:52) ~[junit-platform-launcher-1.8.2.jar:1.8.2]
	at org.junit.platform.launcher.core.DefaultLauncher.execute(DefaultLauncher.java:114) ~[junit-platform-launcher-1.8.2.jar:1.8.2]
	at org.junit.platform.launcher.core.DefaultLauncher.execute(DefaultLauncher.java:95) ~[junit-platform-launcher-1.8.2.jar:1.8.2]
	at org.junit.platform.launcher.core.DefaultLauncherSession$DelegatingLauncher.execute(DefaultLauncherSession.java:91) ~[junit-platform-launcher-1.8.2.jar:1.8.2]
	at org.junit.platform.launcher.core.SessionPerRequestLauncher.execute(SessionPerRequestLauncher.java:60) ~[junit-platform-launcher-1.8.2.jar:1.8.2]
	at org.eclipse.jdt.internal.junit5.runner.JUnit5TestReference.run(JUnit5TestReference.java:98) ~[.cp/:na]
	at org.eclipse.jdt.internal.junit.runner.TestExecution.run(TestExecution.java:40) ~[.cp/:na]
	at org.eclipse.jdt.internal.junit.runner.RemoteTestRunner.runTests(RemoteTestRunner.java:529) ~[.cp/:na]
	at org.eclipse.jdt.internal.junit.runner.RemoteTestRunner.runTests(RemoteTestRunner.java:756) ~[.cp/:na]
	at org.eclipse.jdt.internal.junit.runner.RemoteTestRunner.run(RemoteTestRunner.java:452) ~[.cp/:na]
	at org.eclipse.jdt.internal.junit.runner.RemoteTestRunner.main(RemoteTestRunner.java:210) ~[.cp/:na]
Caused by: org.springframework.beans.factory.BeanCreationException: Error creating bean with name 'handlerExceptionResolver' defined in class path resource [org/springframework/boot/autoconfigure/web/servlet/WebMvcAutoConfiguration$EnableWebMvcConfiguration.class]: Bean instantiation via factory method failed; nested exception is org.springframework.beans.BeanInstantiationException: Failed to instantiate [org.springframework.web.servlet.HandlerExceptionResolver]: Factory method 'handlerExceptionResolver' threw exception; nested exception is java.lang.IllegalStateException: Ambiguous @ExceptionHandler method mapped for [class org.springframework.web.bind.MethodArgumentNotValidException]: {public java.util.Map com.abernathyclinic.patientinfo.controller.RestResponseEntityExceptionHandler.method(org.springframework.web.bind.MethodArgumentNotValidException), public final org.springframework.http.ResponseEntity org.springframework.web.servlet.mvc.method.annotation.ResponseEntityExceptionHandler.handleException(java.lang.Exception,org.springframework.web.context.request.WebRequest) throws java.lang.Exception}
	at org.springframework.beans.factory.support.ConstructorResolver.instantiate(ConstructorResolver.java:658) ~[spring-beans-5.3.21.jar:5.3.21]
	at org.springframework.beans.factory.support.ConstructorResolver.instantiateUsingFactoryMethod(ConstructorResolver.java:638) ~[spring-beans-5.3.21.jar:5.3.21]
	at org.springframework.beans.factory.support.AbstractAutowireCapableBeanFactory.instantiateUsingFactoryMethod(AbstractAutowireCapableBeanFactory.java:1352) ~[spring-beans-5.3.21.jar:5.3.21]
	at org.springframework.beans.factory.support.AbstractAutowireCapableBeanFactory.createBeanInstance(AbstractAutowireCapableBeanFactory.java:1195) ~[spring-beans-5.3.21.jar:5.3.21]
	at org.springframework.beans.factory.support.AbstractAutowireCapableBeanFactory.doCreateBean(AbstractAutowireCapableBeanFactory.java:582) ~[spring-beans-5.3.21.jar:5.3.21]
	at org.springframework.beans.factory.support.AbstractAutowireCapableBeanFactory.createBean(AbstractAutowireCapableBeanFactory.java:542) ~[spring-beans-5.3.21.jar:5.3.21]
	at org.springframework.beans.factory.support.AbstractBeanFactory.lambda$doGetBean$0(AbstractBeanFactory.java:335) ~[spring-beans-5.3.21.jar:5.3.21]
	at org.springframework.beans.factory.support.DefaultSingletonBeanRegistry.getSingleton(DefaultSingletonBeanRegistry.java:234) ~[spring-beans-5.3.21.jar:5.3.21]
	at org.springframework.beans.factory.support.AbstractBeanFactory.doGetBean(AbstractBeanFactory.java:333) ~[spring-beans-5.3.21.jar:5.3.21]
	at org.springframework.beans.factory.support.AbstractBeanFactory.getBean(AbstractBeanFactory.java:208) ~[spring-beans-5.3.21.jar:5.3.21]
	at org.springframework.beans.factory.support.DefaultListableBeanFactory.preInstantiateSingletons(DefaultListableBeanFactory.java:955) ~[spring-beans-5.3.21.jar:5.3.21]
	at org.springframework.context.support.AbstractApplicationContext.finishBeanFactoryInitialization(AbstractApplicationContext.java:918) ~[spring-context-5.3.21.jar:5.3.21]
	at org.springframework.context.support.AbstractApplicationContext.refresh(AbstractApplicationContext.java:583) ~[spring-context-5.3.21.jar:5.3.21]
	at org.springframework.boot.SpringApplication.refresh(SpringApplication.java:734) ~[spring-boot-2.7.1.jar:2.7.1]
	at org.springframework.boot.SpringApplication.refreshContext(SpringApplication.java:408) ~[spring-boot-2.7.1.jar:2.7.1]
	at org.springframework.boot.SpringApplication.run(SpringApplication.java:308) ~[spring-boot-2.7.1.jar:2.7.1]
	at org.springframework.boot.test.context.SpringBootContextLoader.loadContext(SpringBootContextLoader.java:132) ~[spring-boot-test-2.7.1.jar:2.7.1]
	at org.springframework.test.context.cache.DefaultCacheAwareContextLoaderDelegate.loadContextInternal(DefaultCacheAwareContextLoaderDelegate.java:99) ~[spring-test-5.3.21.jar:5.3.21]
	at org.springframework.test.context.cache.DefaultCacheAwareContextLoaderDelegate.loadContext(DefaultCacheAwareContextLoaderDelegate.java:124) ~[spring-test-5.3.21.jar:5.3.21]
	... 65 common frames omitted
Caused by: org.springframework.beans.BeanInstantiationException: Failed to instantiate [org.springframework.web.servlet.HandlerExceptionResolver]: Factory method 'handlerExceptionResolver' threw exception; nested exception is java.lang.IllegalStateException: Ambiguous @ExceptionHandler method mapped for [class org.springframework.web.bind.MethodArgumentNotValidException]: {public java.util.Map com.abernathyclinic.patientinfo.controller.RestResponseEntityExceptionHandler.method(org.springframework.web.bind.MethodArgumentNotValidException), public final org.springframework.http.ResponseEntity org.springframework.web.servlet.mvc.method.annotation.ResponseEntityExceptionHandler.handleException(java.lang.Exception,org.springframework.web.context.request.WebRequest) throws java.lang.Exception}
	at org.springframework.beans.factory.support.SimpleInstantiationStrategy.instantiate(SimpleInstantiationStrategy.java:185) ~[spring-beans-5.3.21.jar:5.3.21]
	at org.springframework.beans.factory.support.ConstructorResolver.instantiate(ConstructorResolver.java:653) ~[spring-beans-5.3.21.jar:5.3.21]
	... 83 common frames omitted
Caused by: java.lang.IllegalStateException: Ambiguous @ExceptionHandler method mapped for [class org.springframework.web.bind.MethodArgumentNotValidException]: {public java.util.Map com.abernathyclinic.patientinfo.controller.RestResponseEntityExceptionHandler.method(org.springframework.web.bind.MethodArgumentNotValidException), public final org.springframework.http.ResponseEntity org.springframework.web.servlet.mvc.method.annotation.ResponseEntityExceptionHandler.handleException(java.lang.Exception,org.springframework.web.context.request.WebRequest) throws java.lang.Exception}
	at org.springframework.web.method.annotation.ExceptionHandlerMethodResolver.addExceptionMapping(ExceptionHandlerMethodResolver.java:114) ~[spring-web-5.3.21.jar:5.3.21]
	at org.springframework.web.method.annotation.ExceptionHandlerMethodResolver.<init>(ExceptionHandlerMethodResolver.java:78) ~[spring-web-5.3.21.jar:5.3.21]
	at org.springframework.web.servlet.mvc.method.annotation.ExceptionHandlerExceptionResolver.initExceptionHandlerAdviceCache(ExceptionHandlerExceptionResolver.java:291) ~[spring-webmvc-5.3.21.jar:5.3.21]
	at org.springframework.web.servlet.mvc.method.annotation.ExceptionHandlerExceptionResolver.afterPropertiesSet(ExceptionHandlerExceptionResolver.java:268) ~[spring-webmvc-5.3.21.jar:5.3.21]
	at org.springframework.web.servlet.config.annotation.WebMvcConfigurationSupport.addDefaultHandlerExceptionResolvers(WebMvcConfigurationSupport.java:1090) ~[spring-webmvc-5.3.21.jar:5.3.21]
	at org.springframework.web.servlet.config.annotation.WebMvcConfigurationSupport.handlerExceptionResolver(WebMvcConfigurationSupport.java:1032) ~[spring-webmvc-5.3.21.jar:5.3.21]
	at java.base/jdk.internal.reflect.NativeMethodAccessorImpl.invoke0(Native Method) ~[na:na]
	at java.base/jdk.internal.reflect.NativeMethodAccessorImpl.invoke(NativeMethodAccessorImpl.java:77) ~[na:na]
	at java.base/jdk.internal.reflect.DelegatingMethodAccessorImpl.invoke(DelegatingMethodAccessorImpl.java:43) ~[na:na]
	at java.base/java.lang.reflect.Method.invoke(Method.java:568) ~[na:na]
	at org.springframework.beans.factory.support.SimpleInstantiationStrategy.instantiate(SimpleInstantiationStrategy.java:154) ~[spring-beans-5.3.21.jar:5.3.21]
	... 84 common frames omitted

2022-08-15 16:08:40.531  INFO 34721 --- [main] c.a.p.controller.PatientControllerTest   : Starting PatientControllerTest using Java 17.0.1 on tezkat-OptiPlex-790 with PID 34721 (started by tezkat in /home/tezkat/eclipse-workspace/abernathy/patientinfo)
2022-08-15 16:08:40.532 DEBUG 34721 --- [main] c.a.p.controller.PatientControllerTest   : Running with Spring Boot v2.7.1, Spring v5.3.21
2022-08-15 16:08:40.533  INFO 34721 --- [main] c.a.p.controller.PatientControllerTest   : No active profile set, falling back to 1 default profile: "default"
2022-08-15 16:08:42.367  INFO 34721 --- [main] o.s.b.t.m.w.SpringBootMockServletContext : Initializing Spring TestDispatcherServlet ''
2022-08-15 16:08:42.367  INFO 34721 --- [main] o.s.t.web.servlet.TestDispatcherServlet  : Initializing Servlet ''
2022-08-15 16:08:42.369  INFO 34721 --- [main] o.s.t.web.servlet.TestDispatcherServlet  : Completed initialization in 1 ms
2022-08-15 16:08:42.398  INFO 34721 --- [main] c.a.p.controller.PatientControllerTest   : Started PatientControllerTest in 2.314 seconds (JVM running for 3.219)
2022-08-15 16:09:40.732  INFO 34788 --- [main] c.a.p.controller.PatientControllerTest   : Starting PatientControllerTest using Java 17.0.1 on tezkat-OptiPlex-790 with PID 34788 (started by tezkat in /home/tezkat/eclipse-workspace/abernathy/patientinfo)
2022-08-15 16:09:40.733 DEBUG 34788 --- [main] c.a.p.controller.PatientControllerTest   : Running with Spring Boot v2.7.1, Spring v5.3.21
2022-08-15 16:09:40.734  INFO 34788 --- [main] c.a.p.controller.PatientControllerTest   : No active profile set, falling back to 1 default profile: "default"
2022-08-15 16:09:42.568  INFO 34788 --- [main] o.s.b.t.m.w.SpringBootMockServletContext : Initializing Spring TestDispatcherServlet ''
2022-08-15 16:09:42.568  INFO 34788 --- [main] o.s.t.web.servlet.TestDispatcherServlet  : Initializing Servlet ''
2022-08-15 16:09:42.570  INFO 34788 --- [main] o.s.t.web.servlet.TestDispatcherServlet  : Completed initialization in 2 ms
2022-08-15 16:09:42.601  INFO 34788 --- [main] c.a.p.controller.PatientControllerTest   : Started PatientControllerTest in 2.284 seconds (JVM running for 3.172)
2022-08-15 16:09:58.104  INFO 34829 --- [main] c.a.p.controller.PatientControllerTest   : Starting PatientControllerTest using Java 17.0.1 on tezkat-OptiPlex-790 with PID 34829 (started by tezkat in /home/tezkat/eclipse-workspace/abernathy/patientinfo)
2022-08-15 16:09:58.106 DEBUG 34829 --- [main] c.a.p.controller.PatientControllerTest   : Running with Spring Boot v2.7.1, Spring v5.3.21
2022-08-15 16:09:58.107  INFO 34829 --- [main] c.a.p.controller.PatientControllerTest   : No active profile set, falling back to 1 default profile: "default"
2022-08-15 16:09:59.939  INFO 34829 --- [main] o.s.b.t.m.w.SpringBootMockServletContext : Initializing Spring TestDispatcherServlet ''
2022-08-15 16:09:59.939  INFO 34829 --- [main] o.s.t.web.servlet.TestDispatcherServlet  : Initializing Servlet ''
2022-08-15 16:09:59.940  INFO 34829 --- [main] o.s.t.web.servlet.TestDispatcherServlet  : Completed initialization in 1 ms
2022-08-15 16:09:59.970  INFO 34829 --- [main] c.a.p.controller.PatientControllerTest   : Started PatientControllerTest in 2.285 seconds (JVM running for 3.18)
2022-08-15 16:17:53.084  INFO 35271 --- [main] c.a.p.controller.PatientControllerTest   : Starting PatientControllerTest using Java 17.0.1 on tezkat-OptiPlex-790 with PID 35271 (started by tezkat in /home/tezkat/eclipse-workspace/abernathy/patientinfo)
2022-08-15 16:17:53.085 DEBUG 35271 --- [main] c.a.p.controller.PatientControllerTest   : Running with Spring Boot v2.7.1, Spring v5.3.21
2022-08-15 16:17:53.086  INFO 35271 --- [main] c.a.p.controller.PatientControllerTest   : No active profile set, falling back to 1 default profile: "default"
2022-08-15 16:17:54.902  INFO 35271 --- [main] o.s.b.t.m.w.SpringBootMockServletContext : Initializing Spring TestDispatcherServlet ''
2022-08-15 16:17:54.902  INFO 35271 --- [main] o.s.t.web.servlet.TestDispatcherServlet  : Initializing Servlet ''
2022-08-15 16:17:54.904  INFO 35271 --- [main] o.s.t.web.servlet.TestDispatcherServlet  : Completed initialization in 2 ms
2022-08-15 16:17:54.935  INFO 35271 --- [main] c.a.p.controller.PatientControllerTest   : Started PatientControllerTest in 2.287 seconds (JVM running for 3.189)
2022-08-15 16:20:12.991  INFO 35542 --- [main] c.a.p.controller.PatientControllerTest   : Starting PatientControllerTest using Java 17.0.1 on tezkat-OptiPlex-790 with PID 35542 (started by tezkat in /home/tezkat/eclipse-workspace/abernathy/patientinfo)
2022-08-15 16:20:12.992 DEBUG 35542 --- [main] c.a.p.controller.PatientControllerTest   : Running with Spring Boot v2.7.1, Spring v5.3.21
2022-08-15 16:20:12.993  INFO 35542 --- [main] c.a.p.controller.PatientControllerTest   : No active profile set, falling back to 1 default profile: "default"
2022-08-15 16:20:14.780  INFO 35542 --- [main] o.s.b.t.m.w.SpringBootMockServletContext : Initializing Spring TestDispatcherServlet ''
2022-08-15 16:20:14.780  INFO 35542 --- [main] o.s.t.web.servlet.TestDispatcherServlet  : Initializing Servlet ''
2022-08-15 16:20:14.782  INFO 35542 --- [main] o.s.t.web.servlet.TestDispatcherServlet  : Completed initialization in 2 ms
2022-08-15 16:20:14.814  INFO 35542 --- [main] c.a.p.controller.PatientControllerTest   : Started PatientControllerTest in 2.237 seconds (JVM running for 3.136)
2022-08-15 16:21:04.081  INFO 35599 --- [main] c.a.p.controller.PatientControllerTest   : Starting PatientControllerTest using Java 17.0.1 on tezkat-OptiPlex-790 with PID 35599 (started by tezkat in /home/tezkat/eclipse-workspace/abernathy/patientinfo)
2022-08-15 16:21:04.083 DEBUG 35599 --- [main] c.a.p.controller.PatientControllerTest   : Running with Spring Boot v2.7.1, Spring v5.3.21
2022-08-15 16:21:04.083  INFO 35599 --- [main] c.a.p.controller.PatientControllerTest   : No active profile set, falling back to 1 default profile: "default"
2022-08-15 16:21:05.945  INFO 35599 --- [main] o.s.b.t.m.w.SpringBootMockServletContext : Initializing Spring TestDispatcherServlet ''
2022-08-15 16:21:05.946  INFO 35599 --- [main] o.s.t.web.servlet.TestDispatcherServlet  : Initializing Servlet ''
2022-08-15 16:21:05.947  INFO 35599 --- [main] o.s.t.web.servlet.TestDispatcherServlet  : Completed initialization in 1 ms
2022-08-15 16:21:05.977  INFO 35599 --- [main] c.a.p.controller.PatientControllerTest   : Started PatientControllerTest in 2.335 seconds (JVM running for 3.306)
2022-08-15 16:43:23.881  INFO 36800 --- [main] c.a.p.controller.PatientControllerTest   : Starting PatientControllerTest using Java 17.0.1 on tezkat-OptiPlex-790 with PID 36800 (started by tezkat in /home/tezkat/eclipse-workspace/abernathy/patientinfo)
2022-08-15 16:43:23.882 DEBUG 36800 --- [main] c.a.p.controller.PatientControllerTest   : Running with Spring Boot v2.7.1, Spring v5.3.21
2022-08-15 16:43:23.883  INFO 36800 --- [main] c.a.p.controller.PatientControllerTest   : No active profile set, falling back to 1 default profile: "default"
2022-08-15 16:43:25.686  INFO 36800 --- [main] o.s.b.t.m.w.SpringBootMockServletContext : Initializing Spring TestDispatcherServlet ''
2022-08-15 16:43:25.687  INFO 36800 --- [main] o.s.t.web.servlet.TestDispatcherServlet  : Initializing Servlet ''
2022-08-15 16:43:25.688  INFO 36800 --- [main] o.s.t.web.servlet.TestDispatcherServlet  : Completed initialization in 1 ms
2022-08-15 16:43:25.718  INFO 36800 --- [main] c.a.p.controller.PatientControllerTest   : Started PatientControllerTest in 2.252 seconds (JVM running for 3.171)
2022-08-15 16:43:54.290  INFO 36898 --- [main] c.a.p.controller.PatientControllerTest   : Starting PatientControllerTest using Java 17.0.1 on tezkat-OptiPlex-790 with PID 36898 (started by tezkat in /home/tezkat/eclipse-workspace/abernathy/patientinfo)
2022-08-15 16:43:54.291 DEBUG 36898 --- [main] c.a.p.controller.PatientControllerTest   : Running with Spring Boot v2.7.1, Spring v5.3.21
2022-08-15 16:43:54.292  INFO 36898 --- [main] c.a.p.controller.PatientControllerTest   : No active profile set, falling back to 1 default profile: "default"
2022-08-15 16:43:56.285  INFO 36898 --- [main] o.s.b.t.m.w.SpringBootMockServletContext : Initializing Spring TestDispatcherServlet ''
2022-08-15 16:43:56.285  INFO 36898 --- [main] o.s.t.web.servlet.TestDispatcherServlet  : Initializing Servlet ''
2022-08-15 16:43:56.287  INFO 36898 --- [main] o.s.t.web.servlet.TestDispatcherServlet  : Completed initialization in 1 ms
2022-08-15 16:43:56.316  INFO 36898 --- [main] c.a.p.controller.PatientControllerTest   : Started PatientControllerTest in 2.451 seconds (JVM running for 3.354)
2022-08-15 16:45:09.357  INFO 36974 --- [main] c.a.patientinfo.PatientinfoApplication   : Starting PatientinfoApplication using Java 17.0.1 on tezkat-OptiPlex-790 with PID 36974 (/home/tezkat/eclipse-workspace/abernathy/patientinfo/target/classes started by tezkat in /home/tezkat/eclipse-workspace/abernathy/patientinfo)
2022-08-15 16:45:09.360 DEBUG 36974 --- [main] c.a.patientinfo.PatientinfoApplication   : Running with Spring Boot v2.7.1, Spring v5.3.21
2022-08-15 16:45:09.360  INFO 36974 --- [main] c.a.patientinfo.PatientinfoApplication   : No active profile set, falling back to 1 default profile: "default"
2022-08-15 16:45:10.459  INFO 36974 --- [main] .s.d.r.c.RepositoryConfigurationDelegate : Bootstrapping Spring Data JPA repositories in DEFAULT mode.
2022-08-15 16:45:10.599  INFO 36974 --- [main] .s.d.r.c.RepositoryConfigurationDelegate : Finished Spring Data repository scanning in 130 ms. Found 1 JPA repository interfaces.
2022-08-15 16:45:10.829  INFO 36974 --- [main] o.s.cloud.context.scope.GenericScope     : BeanFactory id=b3215872-bd41-34d6-844a-bb859ea45297
2022-08-15 16:45:11.270  INFO 36974 --- [main] o.s.b.w.embedded.tomcat.TomcatWebServer  : Tomcat initialized with port(s): 8081 (http)
2022-08-15 16:45:11.429  INFO 36974 --- [main] w.s.c.ServletWebServerApplicationContext : Root WebApplicationContext: initialization completed in 2017 ms
2022-08-15 16:45:12.950  INFO 36974 --- [main] j.LocalContainerEntityManagerFactoryBean : Initialized JPA EntityManagerFactory for persistence unit 'default'
2022-08-15 16:45:13.344  WARN 36974 --- [main] JpaBaseConfiguration$JpaWebConfiguration : spring.jpa.open-in-view is enabled by default. Therefore, database queries may be performed during view rendering. Explicitly configure spring.jpa.open-in-view to disable this warning
2022-08-15 16:45:13.887  INFO 36974 --- [main] DiscoveryClientOptionalArgsConfiguration : Eureka HTTP Client uses RestTemplate.
2022-08-15 16:45:13.961  WARN 36974 --- [main] iguration$LoadBalancerCaffeineWarnLogger : Spring Cloud LoadBalancer is currently working with the default cache. While this cache implementation is useful for development and tests, it's recommended to use Caffeine cache in production.You can switch to using Caffeine cache, by adding it and org.springframework.cache.caffeine.CaffeineCacheManager to the classpath.
2022-08-15 16:45:13.970  INFO 36974 --- [main] o.s.b.a.e.web.EndpointLinksResolver      : Exposing 1 endpoint(s) beneath base path '/actuator'
2022-08-15 16:45:14.022  INFO 36974 --- [main] o.s.b.w.embedded.tomcat.TomcatWebServer  : Tomcat started on port(s): 8081 (http) with context path ''
2022-08-15 16:45:14.044  INFO 36974 --- [main] c.a.patientinfo.PatientinfoApplication   : Started PatientinfoApplication in 5.16 seconds (JVM running for 5.546)
2022-08-15 16:47:15.299  INFO 36974 --- [http-nio-8081-exec-1] o.s.web.servlet.DispatcherServlet        : Initializing Servlet 'dispatcherServlet'
2022-08-15 16:47:15.302  INFO 36974 --- [http-nio-8081-exec-1] o.s.web.servlet.DispatcherServlet        : Completed initialization in 2 ms
2022-08-15 16:49:52.854  INFO 36974 --- [SpringApplicationShutdownHook] j.LocalContainerEntityManagerFactoryBean : Closing JPA EntityManagerFactory for persistence unit 'default'
2022-08-15 16:54:00.149  INFO 37475 --- [main] c.a.p.controller.PatientControllerTest   : Starting PatientControllerTest using Java 17.0.1 on tezkat-OptiPlex-790 with PID 37475 (started by tezkat in /home/tezkat/eclipse-workspace/abernathy/patientinfo)
2022-08-15 16:54:00.150 DEBUG 37475 --- [main] c.a.p.controller.PatientControllerTest   : Running with Spring Boot v2.7.1, Spring v5.3.21
2022-08-15 16:54:00.151  INFO 37475 --- [main] c.a.p.controller.PatientControllerTest   : No active profile set, falling back to 1 default profile: "default"
2022-08-15 16:54:01.928  INFO 37475 --- [main] o.s.b.t.m.w.SpringBootMockServletContext : Initializing Spring TestDispatcherServlet ''
2022-08-15 16:54:01.929  INFO 37475 --- [main] o.s.t.web.servlet.TestDispatcherServlet  : Initializing Servlet ''
2022-08-15 16:54:01.930  INFO 37475 --- [main] o.s.t.web.servlet.TestDispatcherServlet  : Completed initialization in 1 ms
2022-08-15 16:54:01.959  INFO 37475 --- [main] c.a.p.controller.PatientControllerTest   : Started PatientControllerTest in 2.234 seconds (JVM running for 3.236)
2022-08-15 16:55:58.490  INFO 37556 --- [main] c.a.p.controller.PatientControllerTest   : Starting PatientControllerTest using Java 17.0.1 on tezkat-OptiPlex-790 with PID 37556 (started by tezkat in /home/tezkat/eclipse-workspace/abernathy/patientinfo)
2022-08-15 16:55:58.491 DEBUG 37556 --- [main] c.a.p.controller.PatientControllerTest   : Running with Spring Boot v2.7.1, Spring v5.3.21
2022-08-15 16:55:58.492  INFO 37556 --- [main] c.a.p.controller.PatientControllerTest   : No active profile set, falling back to 1 default profile: "default"
2022-08-15 16:56:00.308  INFO 37556 --- [main] o.s.b.t.m.w.SpringBootMockServletContext : Initializing Spring TestDispatcherServlet ''
2022-08-15 16:56:00.309  INFO 37556 --- [main] o.s.t.web.servlet.TestDispatcherServlet  : Initializing Servlet ''
2022-08-15 16:56:00.310  INFO 37556 --- [main] o.s.t.web.servlet.TestDispatcherServlet  : Completed initialization in 1 ms
2022-08-15 16:56:00.341  INFO 37556 --- [main] c.a.p.controller.PatientControllerTest   : Started PatientControllerTest in 2.28 seconds (JVM running for 3.191)
2022-08-15 16:56:15.809  INFO 37599 --- [main] c.a.p.controller.PatientControllerTest   : Starting PatientControllerTest using Java 17.0.1 on tezkat-OptiPlex-790 with PID 37599 (started by tezkat in /home/tezkat/eclipse-workspace/abernathy/patientinfo)
2022-08-15 16:56:15.810 DEBUG 37599 --- [main] c.a.p.controller.PatientControllerTest   : Running with Spring Boot v2.7.1, Spring v5.3.21
2022-08-15 16:56:15.811  INFO 37599 --- [main] c.a.p.controller.PatientControllerTest   : No active profile set, falling back to 1 default profile: "default"
2022-08-15 16:56:17.642  INFO 37599 --- [main] o.s.b.t.m.w.SpringBootMockServletContext : Initializing Spring TestDispatcherServlet ''
2022-08-15 16:56:17.642  INFO 37599 --- [main] o.s.t.web.servlet.TestDispatcherServlet  : Initializing Servlet ''
2022-08-15 16:56:17.644  INFO 37599 --- [main] o.s.t.web.servlet.TestDispatcherServlet  : Completed initialization in 1 ms
2022-08-15 16:56:17.674  INFO 37599 --- [main] c.a.p.controller.PatientControllerTest   : Started PatientControllerTest in 2.303 seconds (JVM running for 3.278)
2022-08-15 16:57:27.735  INFO 37651 --- [main] c.a.p.controller.PatientControllerTest   : Starting PatientControllerTest using Java 17.0.1 on tezkat-OptiPlex-790 with PID 37651 (started by tezkat in /home/tezkat/eclipse-workspace/abernathy/patientinfo)
2022-08-15 16:57:27.736 DEBUG 37651 --- [main] c.a.p.controller.PatientControllerTest   : Running with Spring Boot v2.7.1, Spring v5.3.21
2022-08-15 16:57:27.737  INFO 37651 --- [main] c.a.p.controller.PatientControllerTest   : No active profile set, falling back to 1 default profile: "default"
2022-08-15 16:57:29.499  INFO 37651 --- [main] o.s.b.t.m.w.SpringBootMockServletContext : Initializing Spring TestDispatcherServlet ''
2022-08-15 16:57:29.500  INFO 37651 --- [main] o.s.t.web.servlet.TestDispatcherServlet  : Initializing Servlet ''
2022-08-15 16:57:29.501  INFO 37651 --- [main] o.s.t.web.servlet.TestDispatcherServlet  : Completed initialization in 1 ms
2022-08-15 16:57:29.529  INFO 37651 --- [main] c.a.p.controller.PatientControllerTest   : Started PatientControllerTest in 2.265 seconds (JVM running for 3.162)
2022-08-15 16:57:54.839  INFO 37694 --- [main] c.a.p.controller.PatientControllerTest   : Starting PatientControllerTest using Java 17.0.1 on tezkat-OptiPlex-790 with PID 37694 (started by tezkat in /home/tezkat/eclipse-workspace/abernathy/patientinfo)
2022-08-15 16:57:54.840 DEBUG 37694 --- [main] c.a.p.controller.PatientControllerTest   : Running with Spring Boot v2.7.1, Spring v5.3.21
2022-08-15 16:57:54.841  INFO 37694 --- [main] c.a.p.controller.PatientControllerTest   : No active profile set, falling back to 1 default profile: "default"
2022-08-15 16:57:56.630  INFO 37694 --- [main] o.s.b.t.m.w.SpringBootMockServletContext : Initializing Spring TestDispatcherServlet ''
2022-08-15 16:57:56.630  INFO 37694 --- [main] o.s.t.web.servlet.TestDispatcherServlet  : Initializing Servlet ''
2022-08-15 16:57:56.632  INFO 37694 --- [main] o.s.t.web.servlet.TestDispatcherServlet  : Completed initialization in 2 ms
2022-08-15 16:57:56.664  INFO 37694 --- [main] c.a.p.controller.PatientControllerTest   : Started PatientControllerTest in 2.235 seconds (JVM running for 3.244)
2022-08-15 16:58:13.282  INFO 37736 --- [main] c.a.p.controller.PatientControllerTest   : Starting PatientControllerTest using Java 17.0.1 on tezkat-OptiPlex-790 with PID 37736 (started by tezkat in /home/tezkat/eclipse-workspace/abernathy/patientinfo)
2022-08-15 16:58:13.283 DEBUG 37736 --- [main] c.a.p.controller.PatientControllerTest   : Running with Spring Boot v2.7.1, Spring v5.3.21
2022-08-15 16:58:13.284  INFO 37736 --- [main] c.a.p.controller.PatientControllerTest   : No active profile set, falling back to 1 default profile: "default"
2022-08-15 16:58:15.114  INFO 37736 --- [main] o.s.b.t.m.w.SpringBootMockServletContext : Initializing Spring TestDispatcherServlet ''
2022-08-15 16:58:15.114  INFO 37736 --- [main] o.s.t.web.servlet.TestDispatcherServlet  : Initializing Servlet ''
2022-08-15 16:58:15.116  INFO 37736 --- [main] o.s.t.web.servlet.TestDispatcherServlet  : Completed initialization in 1 ms
2022-08-15 16:58:15.144  INFO 37736 --- [main] c.a.p.controller.PatientControllerTest   : Started PatientControllerTest in 2.319 seconds (JVM running for 3.308)
2022-08-15 17:00:57.917  INFO 37907 --- [main] c.a.p.controller.PatientControllerTest   : Starting PatientControllerTest using Java 17.0.1 on tezkat-OptiPlex-790 with PID 37907 (started by tezkat in /home/tezkat/eclipse-workspace/abernathy/patientinfo)
2022-08-15 17:00:57.918 DEBUG 37907 --- [main] c.a.p.controller.PatientControllerTest   : Running with Spring Boot v2.7.1, Spring v5.3.21
2022-08-15 17:00:57.919  INFO 37907 --- [main] c.a.p.controller.PatientControllerTest   : No active profile set, falling back to 1 default profile: "default"
2022-08-15 17:00:59.726  INFO 37907 --- [main] o.s.b.t.m.w.SpringBootMockServletContext : Initializing Spring TestDispatcherServlet ''
2022-08-15 17:00:59.726  INFO 37907 --- [main] o.s.t.web.servlet.TestDispatcherServlet  : Initializing Servlet ''
2022-08-15 17:00:59.728  INFO 37907 --- [main] o.s.t.web.servlet.TestDispatcherServlet  : Completed initialization in 2 ms
2022-08-15 17:00:59.758  INFO 37907 --- [main] c.a.p.controller.PatientControllerTest   : Started PatientControllerTest in 2.265 seconds (JVM running for 3.222)
2022-08-15 17:03:47.491  INFO 38160 --- [main] c.a.p.controller.PatientControllerTest   : Starting PatientControllerTest using Java 17.0.1 on tezkat-OptiPlex-790 with PID 38160 (started by tezkat in /home/tezkat/eclipse-workspace/abernathy/patientinfo)
2022-08-15 17:03:47.493 DEBUG 38160 --- [main] c.a.p.controller.PatientControllerTest   : Running with Spring Boot v2.7.1, Spring v5.3.21
2022-08-15 17:03:47.494  INFO 38160 --- [main] c.a.p.controller.PatientControllerTest   : No active profile set, falling back to 1 default profile: "default"
2022-08-15 17:03:49.364  INFO 38160 --- [main] o.s.b.t.m.w.SpringBootMockServletContext : Initializing Spring TestDispatcherServlet ''
2022-08-15 17:03:49.365  INFO 38160 --- [main] o.s.t.web.servlet.TestDispatcherServlet  : Initializing Servlet ''
2022-08-15 17:03:49.366  INFO 38160 --- [main] o.s.t.web.servlet.TestDispatcherServlet  : Completed initialization in 1 ms
2022-08-15 17:03:49.400  INFO 38160 --- [main] c.a.p.controller.PatientControllerTest   : Started PatientControllerTest in 2.33 seconds (JVM running for 3.229)
2022-08-15 17:04:16.978  INFO 38233 --- [main] c.a.p.controller.PatientControllerTest   : Starting PatientControllerTest using Java 17.0.1 on tezkat-OptiPlex-790 with PID 38233 (started by tezkat in /home/tezkat/eclipse-workspace/abernathy/patientinfo)
2022-08-15 17:04:16.979 DEBUG 38233 --- [main] c.a.p.controller.PatientControllerTest   : Running with Spring Boot v2.7.1, Spring v5.3.21
2022-08-15 17:04:16.980  INFO 38233 --- [main] c.a.p.controller.PatientControllerTest   : No active profile set, falling back to 1 default profile: "default"
2022-08-15 17:04:18.826  INFO 38233 --- [main] o.s.b.t.m.w.SpringBootMockServletContext : Initializing Spring TestDispatcherServlet ''
2022-08-15 17:04:18.826  INFO 38233 --- [main] o.s.t.web.servlet.TestDispatcherServlet  : Initializing Servlet ''
2022-08-15 17:04:18.828  INFO 38233 --- [main] o.s.t.web.servlet.TestDispatcherServlet  : Completed initialization in 2 ms
2022-08-15 17:04:18.859  INFO 38233 --- [main] c.a.p.controller.PatientControllerTest   : Started PatientControllerTest in 2.318 seconds (JVM running for 3.226)
2022-08-15 17:04:38.127  INFO 38279 --- [main] c.a.p.controller.PatientControllerTest   : Starting PatientControllerTest using Java 17.0.1 on tezkat-OptiPlex-790 with PID 38279 (started by tezkat in /home/tezkat/eclipse-workspace/abernathy/patientinfo)
2022-08-15 17:04:38.129 DEBUG 38279 --- [main] c.a.p.controller.PatientControllerTest   : Running with Spring Boot v2.7.1, Spring v5.3.21
2022-08-15 17:04:38.130  INFO 38279 --- [main] c.a.p.controller.PatientControllerTest   : No active profile set, falling back to 1 default profile: "default"
2022-08-15 17:04:39.936  INFO 38279 --- [main] o.s.b.t.m.w.SpringBootMockServletContext : Initializing Spring TestDispatcherServlet ''
2022-08-15 17:04:39.936  INFO 38279 --- [main] o.s.t.web.servlet.TestDispatcherServlet  : Initializing Servlet ''
2022-08-15 17:04:39.937  INFO 38279 --- [main] o.s.t.web.servlet.TestDispatcherServlet  : Completed initialization in 1 ms
2022-08-15 17:04:39.967  INFO 38279 --- [main] c.a.p.controller.PatientControllerTest   : Started PatientControllerTest in 2.268 seconds (JVM running for 3.187)
2022-08-15 17:08:20.605  INFO 38443 --- [main] c.a.p.controller.PatientControllerTest   : Starting PatientControllerTest using Java 17.0.1 on tezkat-OptiPlex-790 with PID 38443 (started by tezkat in /home/tezkat/eclipse-workspace/abernathy/patientinfo)
2022-08-15 17:08:20.606 DEBUG 38443 --- [main] c.a.p.controller.PatientControllerTest   : Running with Spring Boot v2.7.1, Spring v5.3.21
2022-08-15 17:08:20.607  INFO 38443 --- [main] c.a.p.controller.PatientControllerTest   : No active profile set, falling back to 1 default profile: "default"
2022-08-15 17:08:22.448  INFO 38443 --- [main] o.s.b.t.m.w.SpringBootMockServletContext : Initializing Spring TestDispatcherServlet ''
2022-08-15 17:08:22.449  INFO 38443 --- [main] o.s.t.web.servlet.TestDispatcherServlet  : Initializing Servlet ''
2022-08-15 17:08:22.450  INFO 38443 --- [main] o.s.t.web.servlet.TestDispatcherServlet  : Completed initialization in 1 ms
2022-08-15 17:08:22.482  INFO 38443 --- [main] c.a.p.controller.PatientControllerTest   : Started PatientControllerTest in 2.309 seconds (JVM running for 3.289)
2022-08-15 17:09:41.094  INFO 38504 --- [main] c.a.p.controller.PatientControllerTest   : Starting PatientControllerTest using Java 17.0.1 on tezkat-OptiPlex-790 with PID 38504 (started by tezkat in /home/tezkat/eclipse-workspace/abernathy/patientinfo)
2022-08-15 17:09:41.096 DEBUG 38504 --- [main] c.a.p.controller.PatientControllerTest   : Running with Spring Boot v2.7.1, Spring v5.3.21
2022-08-15 17:09:41.096  INFO 38504 --- [main] c.a.p.controller.PatientControllerTest   : No active profile set, falling back to 1 default profile: "default"
2022-08-15 17:09:42.913  INFO 38504 --- [main] o.s.b.t.m.w.SpringBootMockServletContext : Initializing Spring TestDispatcherServlet ''
2022-08-15 17:09:42.913  INFO 38504 --- [main] o.s.t.web.servlet.TestDispatcherServlet  : Initializing Servlet ''
2022-08-15 17:09:42.915  INFO 38504 --- [main] o.s.t.web.servlet.TestDispatcherServlet  : Completed initialization in 2 ms
2022-08-15 17:09:42.946  INFO 38504 --- [main] c.a.p.controller.PatientControllerTest   : Started PatientControllerTest in 2.293 seconds (JVM running for 3.346)
2022-08-15 17:30:29.624  INFO 41513 --- [main] c.a.p.controller.PatientControllerTest   : Starting PatientControllerTest using Java 17.0.1 on tezkat-OptiPlex-790 with PID 41513 (started by tezkat in /home/tezkat/eclipse-workspace/abernathy/patientinfo)
2022-08-15 17:30:29.625 DEBUG 41513 --- [main] c.a.p.controller.PatientControllerTest   : Running with Spring Boot v2.7.1, Spring v5.3.21
2022-08-15 17:30:29.626  INFO 41513 --- [main] c.a.p.controller.PatientControllerTest   : No active profile set, falling back to 1 default profile: "default"
2022-08-15 17:30:31.422  INFO 41513 --- [main] o.s.b.t.m.w.SpringBootMockServletContext : Initializing Spring TestDispatcherServlet ''
2022-08-15 17:30:31.423  INFO 41513 --- [main] o.s.t.web.servlet.TestDispatcherServlet  : Initializing Servlet ''
2022-08-15 17:30:31.424  INFO 41513 --- [main] o.s.t.web.servlet.TestDispatcherServlet  : Completed initialization in 1 ms
2022-08-15 17:30:31.453  INFO 41513 --- [main] c.a.p.controller.PatientControllerTest   : Started PatientControllerTest in 2.255 seconds (JVM running for 3.205)
2022-08-15 17:31:04.959  INFO 41595 --- [main] c.a.p.controller.PatientControllerTest   : Starting PatientControllerTest using Java 17.0.1 on tezkat-OptiPlex-790 with PID 41595 (started by tezkat in /home/tezkat/eclipse-workspace/abernathy/patientinfo)
2022-08-15 17:31:04.960 DEBUG 41595 --- [main] c.a.p.controller.PatientControllerTest   : Running with Spring Boot v2.7.1, Spring v5.3.21
2022-08-15 17:31:04.961  INFO 41595 --- [main] c.a.p.controller.PatientControllerTest   : No active profile set, falling back to 1 default profile: "default"
2022-08-15 17:31:06.802  INFO 41595 --- [main] o.s.b.t.m.w.SpringBootMockServletContext : Initializing Spring TestDispatcherServlet ''
2022-08-15 17:31:06.802  INFO 41595 --- [main] o.s.t.web.servlet.TestDispatcherServlet  : Initializing Servlet ''
2022-08-15 17:31:06.804  INFO 41595 --- [main] o.s.t.web.servlet.TestDispatcherServlet  : Completed initialization in 2 ms
2022-08-15 17:31:06.839  INFO 41595 --- [main] c.a.p.controller.PatientControllerTest   : Started PatientControllerTest in 2.306 seconds (JVM running for 3.233)
2022-08-15 17:50:04.845  INFO 44472 --- [main] c.a.p.controller.PatientControllerTest   : Starting PatientControllerTest using Java 17.0.1 on tezkat-OptiPlex-790 with PID 44472 (started by tezkat in /home/tezkat/eclipse-workspace/abernathy/patientinfo)
2022-08-15 17:50:04.846 DEBUG 44472 --- [main] c.a.p.controller.PatientControllerTest   : Running with Spring Boot v2.7.1, Spring v5.3.21
2022-08-15 17:50:04.849  INFO 44472 --- [main] c.a.p.controller.PatientControllerTest   : No active profile set, falling back to 1 default profile: "default"
2022-08-15 17:50:06.904  INFO 44472 --- [main] o.s.b.t.m.w.SpringBootMockServletContext : Initializing Spring TestDispatcherServlet ''
2022-08-15 17:50:06.904  INFO 44472 --- [main] o.s.t.web.servlet.TestDispatcherServlet  : Initializing Servlet ''
2022-08-15 17:50:06.905  INFO 44472 --- [main] o.s.t.web.servlet.TestDispatcherServlet  : Completed initialization in 1 ms
2022-08-15 17:50:06.938  INFO 44472 --- [main] c.a.p.controller.PatientControllerTest   : Started PatientControllerTest in 2.61 seconds (JVM running for 3.654)
2022-08-15 17:57:46.540  INFO 44747 --- [main] c.a.p.controller.PatientControllerTest   : Starting PatientControllerTest using Java 17.0.1 on tezkat-OptiPlex-790 with PID 44747 (started by tezkat in /home/tezkat/eclipse-workspace/abernathy/patientinfo)
2022-08-15 17:57:46.542 DEBUG 44747 --- [main] c.a.p.controller.PatientControllerTest   : Running with Spring Boot v2.7.1, Spring v5.3.21
2022-08-15 17:57:46.543  INFO 44747 --- [main] c.a.p.controller.PatientControllerTest   : No active profile set, falling back to 1 default profile: "default"
2022-08-15 17:57:48.356  INFO 44747 --- [main] o.s.b.t.m.w.SpringBootMockServletContext : Initializing Spring TestDispatcherServlet ''
2022-08-15 17:57:48.357  INFO 44747 --- [main] o.s.t.web.servlet.TestDispatcherServlet  : Initializing Servlet ''
2022-08-15 17:57:48.358  INFO 44747 --- [main] o.s.t.web.servlet.TestDispatcherServlet  : Completed initialization in 1 ms
2022-08-15 17:57:48.388  INFO 44747 --- [main] c.a.p.controller.PatientControllerTest   : Started PatientControllerTest in 2.281 seconds (JVM running for 3.292)
2022-08-15 18:05:52.963  INFO 45096 --- [main] c.a.p.controller.PatientControllerTest   : Starting PatientControllerTest using Java 17.0.1 on tezkat-OptiPlex-790 with PID 45096 (started by tezkat in /home/tezkat/eclipse-workspace/abernathy/patientinfo)
2022-08-15 18:05:52.964 DEBUG 45096 --- [main] c.a.p.controller.PatientControllerTest   : Running with Spring Boot v2.7.1, Spring v5.3.21
2022-08-15 18:05:52.964  INFO 45096 --- [main] c.a.p.controller.PatientControllerTest   : No active profile set, falling back to 1 default profile: "default"
2022-08-15 18:05:54.784  INFO 45096 --- [main] o.s.b.t.m.w.SpringBootMockServletContext : Initializing Spring TestDispatcherServlet ''
2022-08-15 18:05:54.785  INFO 45096 --- [main] o.s.t.web.servlet.TestDispatcherServlet  : Initializing Servlet ''
2022-08-15 18:05:54.786  INFO 45096 --- [main] o.s.t.web.servlet.TestDispatcherServlet  : Completed initialization in 1 ms
2022-08-15 18:05:54.817  INFO 45096 --- [main] c.a.p.controller.PatientControllerTest   : Started PatientControllerTest in 2.268 seconds (JVM running for 3.2)
2022-08-15 18:06:11.620  INFO 45167 --- [main] c.a.p.controller.PatientControllerTest   : Starting PatientControllerTest using Java 17.0.1 on tezkat-OptiPlex-790 with PID 45167 (started by tezkat in /home/tezkat/eclipse-workspace/abernathy/patientinfo)
2022-08-15 18:06:11.621 DEBUG 45167 --- [main] c.a.p.controller.PatientControllerTest   : Running with Spring Boot v2.7.1, Spring v5.3.21
2022-08-15 18:06:11.622  INFO 45167 --- [main] c.a.p.controller.PatientControllerTest   : No active profile set, falling back to 1 default profile: "default"
2022-08-15 18:06:13.421  INFO 45167 --- [main] o.s.b.t.m.w.SpringBootMockServletContext : Initializing Spring TestDispatcherServlet ''
2022-08-15 18:06:13.422  INFO 45167 --- [main] o.s.t.web.servlet.TestDispatcherServlet  : Initializing Servlet ''
2022-08-15 18:06:13.423  INFO 45167 --- [main] o.s.t.web.servlet.TestDispatcherServlet  : Completed initialization in 1 ms
2022-08-15 18:06:13.456  INFO 45167 --- [main] c.a.p.controller.PatientControllerTest   : Started PatientControllerTest in 2.246 seconds (JVM running for 3.162)
2022-08-15 18:10:23.193  INFO 46245 --- [main] c.a.p.controller.PatientControllerTest   : Starting PatientControllerTest using Java 17.0.1 on tezkat-OptiPlex-790 with PID 46245 (started by tezkat in /home/tezkat/eclipse-workspace/abernathy/patientinfo)
2022-08-15 18:10:23.195 DEBUG 46245 --- [main] c.a.p.controller.PatientControllerTest   : Running with Spring Boot v2.7.1, Spring v5.3.21
2022-08-15 18:10:23.196  INFO 46245 --- [main] c.a.p.controller.PatientControllerTest   : No active profile set, falling back to 1 default profile: "default"
2022-08-15 18:10:25.021  INFO 46245 --- [main] o.s.b.t.m.w.SpringBootMockServletContext : Initializing Spring TestDispatcherServlet ''
2022-08-15 18:10:25.021  INFO 46245 --- [main] o.s.t.web.servlet.TestDispatcherServlet  : Initializing Servlet ''
2022-08-15 18:10:25.023  INFO 46245 --- [main] o.s.t.web.servlet.TestDispatcherServlet  : Completed initialization in 1 ms
2022-08-15 18:10:25.053  INFO 46245 --- [main] c.a.p.controller.PatientControllerTest   : Started PatientControllerTest in 2.277 seconds (JVM running for 3.235)
2022-08-15 18:11:58.576  INFO 46346 --- [main] c.a.p.controller.PatientControllerTest   : Starting PatientControllerTest using Java 17.0.1 on tezkat-OptiPlex-790 with PID 46346 (started by tezkat in /home/tezkat/eclipse-workspace/abernathy/patientinfo)
2022-08-15 18:11:58.578 DEBUG 46346 --- [main] c.a.p.controller.PatientControllerTest   : Running with Spring Boot v2.7.1, Spring v5.3.21
2022-08-15 18:11:58.579  INFO 46346 --- [main] c.a.p.controller.PatientControllerTest   : No active profile set, falling back to 1 default profile: "default"
2022-08-15 18:12:00.410  INFO 46346 --- [main] o.s.b.t.m.w.SpringBootMockServletContext : Initializing Spring TestDispatcherServlet ''
2022-08-15 18:12:00.410  INFO 46346 --- [main] o.s.t.web.servlet.TestDispatcherServlet  : Initializing Servlet ''
2022-08-15 18:12:00.412  INFO 46346 --- [main] o.s.t.web.servlet.TestDispatcherServlet  : Completed initialization in 1 ms
2022-08-15 18:12:00.443  INFO 46346 --- [main] c.a.p.controller.PatientControllerTest   : Started PatientControllerTest in 2.337 seconds (JVM running for 3.241)
2022-08-15 18:34:11.705  INFO 48108 --- [main] c.a.p.service.PatientServiceTest         : Starting PatientServiceTest using Java 17.0.1 on tezkat-OptiPlex-790 with PID 48108 (started by tezkat in /home/tezkat/eclipse-workspace/abernathy/patientinfo)
2022-08-15 18:34:11.706 DEBUG 48108 --- [main] c.a.p.service.PatientServiceTest         : Running with Spring Boot v2.7.1, Spring v5.3.21
2022-08-15 18:34:11.706  INFO 48108 --- [main] c.a.p.service.PatientServiceTest         : No active profile set, falling back to 1 default profile: "default"
2022-08-15 18:34:12.791  INFO 48108 --- [main] .s.d.r.c.RepositoryConfigurationDelegate : Bootstrapping Spring Data JPA repositories in DEFAULT mode.
2022-08-15 18:34:12.929  INFO 48108 --- [main] .s.d.r.c.RepositoryConfigurationDelegate : Finished Spring Data repository scanning in 129 ms. Found 1 JPA repository interfaces.
2022-08-15 18:34:13.172  INFO 48108 --- [main] o.s.cloud.context.scope.GenericScope     : BeanFactory id=b30902b5-3bbe-3635-9b4f-f7f7941548dc
2022-08-15 18:34:14.979  INFO 48108 --- [main] j.LocalContainerEntityManagerFactoryBean : Initialized JPA EntityManagerFactory for persistence unit 'default'
2022-08-15 18:34:15.242  WARN 48108 --- [main] JpaBaseConfiguration$JpaWebConfiguration : spring.jpa.open-in-view is enabled by default. Therefore, database queries may be performed during view rendering. Explicitly configure spring.jpa.open-in-view to disable this warning
2022-08-15 18:34:16.342  INFO 48108 --- [main] DiscoveryClientOptionalArgsConfiguration : Eureka HTTP Client uses RestTemplate.
2022-08-15 18:34:16.463  WARN 48108 --- [main] iguration$LoadBalancerCaffeineWarnLogger : Spring Cloud LoadBalancer is currently working with the default cache. While this cache implementation is useful for development and tests, it's recommended to use Caffeine cache in production.You can switch to using Caffeine cache, by adding it and org.springframework.cache.caffeine.CaffeineCacheManager to the classpath.
2022-08-15 18:34:16.478  INFO 48108 --- [main] o.s.b.a.e.web.EndpointLinksResolver      : Exposing 1 endpoint(s) beneath base path '/actuator'
2022-08-15 18:34:16.543  INFO 48108 --- [main] c.a.p.service.PatientServiceTest         : Started PatientServiceTest in 5.189 seconds (JVM running for 6.114)
2022-08-15 18:34:16.798  INFO 48108 --- [SpringApplicationShutdownHook] j.LocalContainerEntityManagerFactoryBean : Closing JPA EntityManagerFactory for persistence unit 'default'
2022-08-15 18:39:41.776  INFO 49201 --- [main] c.a.p.service.PatientServiceTest         : Starting PatientServiceTest using Java 17.0.1 on tezkat-OptiPlex-790 with PID 49201 (started by tezkat in /home/tezkat/eclipse-workspace/abernathy/patientinfo)
2022-08-15 18:39:41.777 DEBUG 49201 --- [main] c.a.p.service.PatientServiceTest         : Running with Spring Boot v2.7.1, Spring v5.3.21
2022-08-15 18:39:41.778  INFO 49201 --- [main] c.a.p.service.PatientServiceTest         : No active profile set, falling back to 1 default profile: "default"
2022-08-15 18:39:42.834  INFO 49201 --- [main] .s.d.r.c.RepositoryConfigurationDelegate : Bootstrapping Spring Data JPA repositories in DEFAULT mode.
2022-08-15 18:39:42.968  INFO 49201 --- [main] .s.d.r.c.RepositoryConfigurationDelegate : Finished Spring Data repository scanning in 125 ms. Found 1 JPA repository interfaces.
2022-08-15 18:39:43.199  INFO 49201 --- [main] o.s.cloud.context.scope.GenericScope     : BeanFactory id=b30902b5-3bbe-3635-9b4f-f7f7941548dc
2022-08-15 18:39:45.014  INFO 49201 --- [main] j.LocalContainerEntityManagerFactoryBean : Initialized JPA EntityManagerFactory for persistence unit 'default'
2022-08-15 18:39:45.283  WARN 49201 --- [main] JpaBaseConfiguration$JpaWebConfiguration : spring.jpa.open-in-view is enabled by default. Therefore, database queries may be performed during view rendering. Explicitly configure spring.jpa.open-in-view to disable this warning
2022-08-15 18:39:46.397  INFO 49201 --- [main] DiscoveryClientOptionalArgsConfiguration : Eureka HTTP Client uses RestTemplate.
2022-08-15 18:39:46.490  WARN 49201 --- [main] iguration$LoadBalancerCaffeineWarnLogger : Spring Cloud LoadBalancer is currently working with the default cache. While this cache implementation is useful for development and tests, it's recommended to use Caffeine cache in production.You can switch to using Caffeine cache, by adding it and org.springframework.cache.caffeine.CaffeineCacheManager to the classpath.
2022-08-15 18:39:46.505  INFO 49201 --- [main] o.s.b.a.e.web.EndpointLinksResolver      : Exposing 1 endpoint(s) beneath base path '/actuator'
2022-08-15 18:39:46.563  INFO 49201 --- [main] c.a.p.service.PatientServiceTest         : Started PatientServiceTest in 5.132 seconds (JVM running for 6.005)
2022-08-15 18:39:46.767  INFO 49201 --- [SpringApplicationShutdownHook] j.LocalContainerEntityManagerFactoryBean : Closing JPA EntityManagerFactory for persistence unit 'default'
2022-08-15 18:46:02.023  INFO 49535 --- [main] c.a.p.service.PatientServiceTest         : Starting PatientServiceTest using Java 17.0.1 on tezkat-OptiPlex-790 with PID 49535 (started by tezkat in /home/tezkat/eclipse-workspace/abernathy/patientinfo)
2022-08-15 18:46:02.024 DEBUG 49535 --- [main] c.a.p.service.PatientServiceTest         : Running with Spring Boot v2.7.1, Spring v5.3.21
2022-08-15 18:46:02.025  INFO 49535 --- [main] c.a.p.service.PatientServiceTest         : No active profile set, falling back to 1 default profile: "default"
2022-08-15 18:46:03.133  INFO 49535 --- [main] .s.d.r.c.RepositoryConfigurationDelegate : Bootstrapping Spring Data JPA repositories in DEFAULT mode.
2022-08-15 18:46:03.273  INFO 49535 --- [main] .s.d.r.c.RepositoryConfigurationDelegate : Finished Spring Data repository scanning in 132 ms. Found 1 JPA repository interfaces.
2022-08-15 18:46:03.502  INFO 49535 --- [main] o.s.cloud.context.scope.GenericScope     : BeanFactory id=b30902b5-3bbe-3635-9b4f-f7f7941548dc
2022-08-15 18:46:05.451  INFO 49535 --- [main] j.LocalContainerEntityManagerFactoryBean : Initialized JPA EntityManagerFactory for persistence unit 'default'
2022-08-15 18:46:05.716  WARN 49535 --- [main] JpaBaseConfiguration$JpaWebConfiguration : spring.jpa.open-in-view is enabled by default. Therefore, database queries may be performed during view rendering. Explicitly configure spring.jpa.open-in-view to disable this warning
2022-08-15 18:46:06.868  INFO 49535 --- [main] DiscoveryClientOptionalArgsConfiguration : Eureka HTTP Client uses RestTemplate.
2022-08-15 18:46:06.973  WARN 49535 --- [main] iguration$LoadBalancerCaffeineWarnLogger : Spring Cloud LoadBalancer is currently working with the default cache. While this cache implementation is useful for development and tests, it's recommended to use Caffeine cache in production.You can switch to using Caffeine cache, by adding it and org.springframework.cache.caffeine.CaffeineCacheManager to the classpath.
2022-08-15 18:46:07.002  INFO 49535 --- [main] o.s.b.a.e.web.EndpointLinksResolver      : Exposing 1 endpoint(s) beneath base path '/actuator'
2022-08-15 18:46:07.069  INFO 49535 --- [main] c.a.p.service.PatientServiceTest         : Started PatientServiceTest in 5.388 seconds (JVM running for 6.289)
2022-08-15 18:46:07.264  INFO 49535 --- [SpringApplicationShutdownHook] j.LocalContainerEntityManagerFactoryBean : Closing JPA EntityManagerFactory for persistence unit 'default'
2022-08-15 18:50:46.364  INFO 49803 --- [main] c.a.p.service.PatientServiceTest         : Starting PatientServiceTest using Java 17.0.1 on tezkat-OptiPlex-790 with PID 49803 (started by tezkat in /home/tezkat/eclipse-workspace/abernathy/patientinfo)
2022-08-15 18:50:46.366 DEBUG 49803 --- [main] c.a.p.service.PatientServiceTest         : Running with Spring Boot v2.7.1, Spring v5.3.21
2022-08-15 18:50:46.366  INFO 49803 --- [main] c.a.p.service.PatientServiceTest         : No active profile set, falling back to 1 default profile: "default"
2022-08-15 18:50:47.422  INFO 49803 --- [main] .s.d.r.c.RepositoryConfigurationDelegate : Bootstrapping Spring Data JPA repositories in DEFAULT mode.
2022-08-15 18:50:47.560  INFO 49803 --- [main] .s.d.r.c.RepositoryConfigurationDelegate : Finished Spring Data repository scanning in 130 ms. Found 1 JPA repository interfaces.
2022-08-15 18:50:47.806  INFO 49803 --- [main] o.s.cloud.context.scope.GenericScope     : BeanFactory id=b30902b5-3bbe-3635-9b4f-f7f7941548dc
2022-08-15 18:50:49.701  INFO 49803 --- [main] j.LocalContainerEntityManagerFactoryBean : Initialized JPA EntityManagerFactory for persistence unit 'default'
2022-08-15 18:50:49.955  WARN 49803 --- [main] JpaBaseConfiguration$JpaWebConfiguration : spring.jpa.open-in-view is enabled by default. Therefore, database queries may be performed during view rendering. Explicitly configure spring.jpa.open-in-view to disable this warning
2022-08-15 18:50:51.071  INFO 49803 --- [main] DiscoveryClientOptionalArgsConfiguration : Eureka HTTP Client uses RestTemplate.
2022-08-15 18:50:51.189  WARN 49803 --- [main] iguration$LoadBalancerCaffeineWarnLogger : Spring Cloud LoadBalancer is currently working with the default cache. While this cache implementation is useful for development and tests, it's recommended to use Caffeine cache in production.You can switch to using Caffeine cache, by adding it and org.springframework.cache.caffeine.CaffeineCacheManager to the classpath.
2022-08-15 18:50:51.203  INFO 49803 --- [main] o.s.b.a.e.web.EndpointLinksResolver      : Exposing 1 endpoint(s) beneath base path '/actuator'
2022-08-15 18:50:51.264  INFO 49803 --- [main] c.a.p.service.PatientServiceTest         : Started PatientServiceTest in 5.236 seconds (JVM running for 6.129)
2022-08-15 18:50:51.479  INFO 49803 --- [SpringApplicationShutdownHook] j.LocalContainerEntityManagerFactoryBean : Closing JPA EntityManagerFactory for persistence unit 'default'
2022-08-15 18:54:37.132  INFO 50017 --- [main] c.a.p.service.PatientServiceTest         : Starting PatientServiceTest using Java 17.0.1 on tezkat-OptiPlex-790 with PID 50017 (started by tezkat in /home/tezkat/eclipse-workspace/abernathy/patientinfo)
2022-08-15 18:54:37.134 DEBUG 50017 --- [main] c.a.p.service.PatientServiceTest         : Running with Spring Boot v2.7.1, Spring v5.3.21
2022-08-15 18:54:37.134  INFO 50017 --- [main] c.a.p.service.PatientServiceTest         : No active profile set, falling back to 1 default profile: "default"
2022-08-15 18:54:38.204  INFO 50017 --- [main] .s.d.r.c.RepositoryConfigurationDelegate : Bootstrapping Spring Data JPA repositories in DEFAULT mode.
2022-08-15 18:54:38.338  INFO 50017 --- [main] .s.d.r.c.RepositoryConfigurationDelegate : Finished Spring Data repository scanning in 126 ms. Found 1 JPA repository interfaces.
2022-08-15 18:54:38.576  INFO 50017 --- [main] o.s.cloud.context.scope.GenericScope     : BeanFactory id=b30902b5-3bbe-3635-9b4f-f7f7941548dc
2022-08-15 18:54:40.362  INFO 50017 --- [main] j.LocalContainerEntityManagerFactoryBean : Initialized JPA EntityManagerFactory for persistence unit 'default'
2022-08-15 18:54:40.634  WARN 50017 --- [main] JpaBaseConfiguration$JpaWebConfiguration : spring.jpa.open-in-view is enabled by default. Therefore, database queries may be performed during view rendering. Explicitly configure spring.jpa.open-in-view to disable this warning
2022-08-15 18:54:41.699  INFO 50017 --- [main] DiscoveryClientOptionalArgsConfiguration : Eureka HTTP Client uses RestTemplate.
2022-08-15 18:54:41.816  WARN 50017 --- [main] iguration$LoadBalancerCaffeineWarnLogger : Spring Cloud LoadBalancer is currently working with the default cache. While this cache implementation is useful for development and tests, it's recommended to use Caffeine cache in production.You can switch to using Caffeine cache, by adding it and org.springframework.cache.caffeine.CaffeineCacheManager to the classpath.
2022-08-15 18:54:41.839  INFO 50017 --- [main] o.s.b.a.e.web.EndpointLinksResolver      : Exposing 1 endpoint(s) beneath base path '/actuator'
2022-08-15 18:54:41.915  INFO 50017 --- [main] c.a.p.service.PatientServiceTest         : Started PatientServiceTest in 5.116 seconds (JVM running for 6.023)
2022-08-15 18:54:42.129  INFO 50017 --- [SpringApplicationShutdownHook] j.LocalContainerEntityManagerFactoryBean : Closing JPA EntityManagerFactory for persistence unit 'default'
2022-08-15 18:55:58.918  INFO 50080 --- [main] c.a.p.service.PatientServiceTest         : Starting PatientServiceTest using Java 17.0.1 on tezkat-OptiPlex-790 with PID 50080 (started by tezkat in /home/tezkat/eclipse-workspace/abernathy/patientinfo)
2022-08-15 18:55:58.919 DEBUG 50080 --- [main] c.a.p.service.PatientServiceTest         : Running with Spring Boot v2.7.1, Spring v5.3.21
2022-08-15 18:55:58.920  INFO 50080 --- [main] c.a.p.service.PatientServiceTest         : No active profile set, falling back to 1 default profile: "default"
2022-08-15 18:55:59.960  INFO 50080 --- [main] .s.d.r.c.RepositoryConfigurationDelegate : Bootstrapping Spring Data JPA repositories in DEFAULT mode.
2022-08-15 18:56:00.087  INFO 50080 --- [main] .s.d.r.c.RepositoryConfigurationDelegate : Finished Spring Data repository scanning in 119 ms. Found 1 JPA repository interfaces.
2022-08-15 18:56:00.313  INFO 50080 --- [main] o.s.cloud.context.scope.GenericScope     : BeanFactory id=b30902b5-3bbe-3635-9b4f-f7f7941548dc
2022-08-15 18:56:02.102  INFO 50080 --- [main] j.LocalContainerEntityManagerFactoryBean : Initialized JPA EntityManagerFactory for persistence unit 'default'
2022-08-15 18:56:02.364  WARN 50080 --- [main] JpaBaseConfiguration$JpaWebConfiguration : spring.jpa.open-in-view is enabled by default. Therefore, database queries may be performed during view rendering. Explicitly configure spring.jpa.open-in-view to disable this warning
2022-08-15 18:56:03.468  INFO 50080 --- [main] DiscoveryClientOptionalArgsConfiguration : Eureka HTTP Client uses RestTemplate.
2022-08-15 18:56:03.575  WARN 50080 --- [main] iguration$LoadBalancerCaffeineWarnLogger : Spring Cloud LoadBalancer is currently working with the default cache. While this cache implementation is useful for development and tests, it's recommended to use Caffeine cache in production.You can switch to using Caffeine cache, by adding it and org.springframework.cache.caffeine.CaffeineCacheManager to the classpath.
2022-08-15 18:56:03.592  INFO 50080 --- [main] o.s.b.a.e.web.EndpointLinksResolver      : Exposing 1 endpoint(s) beneath base path '/actuator'
2022-08-15 18:56:03.670  INFO 50080 --- [main] c.a.p.service.PatientServiceTest         : Started PatientServiceTest in 5.083 seconds (JVM running for 5.993)
2022-08-15 18:56:03.882  INFO 50080 --- [SpringApplicationShutdownHook] j.LocalContainerEntityManagerFactoryBean : Closing JPA EntityManagerFactory for persistence unit 'default'
2022-08-15 18:56:28.344  INFO 50133 --- [main] c.a.p.service.PatientServiceTest         : Starting PatientServiceTest using Java 17.0.1 on tezkat-OptiPlex-790 with PID 50133 (started by tezkat in /home/tezkat/eclipse-workspace/abernathy/patientinfo)
2022-08-15 18:56:28.345 DEBUG 50133 --- [main] c.a.p.service.PatientServiceTest         : Running with Spring Boot v2.7.1, Spring v5.3.21
2022-08-15 18:56:28.346  INFO 50133 --- [main] c.a.p.service.PatientServiceTest         : No active profile set, falling back to 1 default profile: "default"
2022-08-15 18:56:29.410  INFO 50133 --- [main] .s.d.r.c.RepositoryConfigurationDelegate : Bootstrapping Spring Data JPA repositories in DEFAULT mode.
2022-08-15 18:56:29.535  INFO 50133 --- [main] .s.d.r.c.RepositoryConfigurationDelegate : Finished Spring Data repository scanning in 117 ms. Found 1 JPA repository interfaces.
2022-08-15 18:56:29.754  INFO 50133 --- [main] o.s.cloud.context.scope.GenericScope     : BeanFactory id=b30902b5-3bbe-3635-9b4f-f7f7941548dc
2022-08-15 18:56:31.544  INFO 50133 --- [main] j.LocalContainerEntityManagerFactoryBean : Initialized JPA EntityManagerFactory for persistence unit 'default'
2022-08-15 18:56:31.798  WARN 50133 --- [main] JpaBaseConfiguration$JpaWebConfiguration : spring.jpa.open-in-view is enabled by default. Therefore, database queries may be performed during view rendering. Explicitly configure spring.jpa.open-in-view to disable this warning
2022-08-15 18:56:32.867  INFO 50133 --- [main] DiscoveryClientOptionalArgsConfiguration : Eureka HTTP Client uses RestTemplate.
2022-08-15 18:56:32.968  WARN 50133 --- [main] iguration$LoadBalancerCaffeineWarnLogger : Spring Cloud LoadBalancer is currently working with the default cache. While this cache implementation is useful for development and tests, it's recommended to use Caffeine cache in production.You can switch to using Caffeine cache, by adding it and org.springframework.cache.caffeine.CaffeineCacheManager to the classpath.
2022-08-15 18:56:32.983  INFO 50133 --- [main] o.s.b.a.e.web.EndpointLinksResolver      : Exposing 1 endpoint(s) beneath base path '/actuator'
2022-08-15 18:56:33.046  INFO 50133 --- [main] c.a.p.service.PatientServiceTest         : Started PatientServiceTest in 5.047 seconds (JVM running for 5.947)
2022-08-15 18:56:33.255  INFO 50133 --- [SpringApplicationShutdownHook] j.LocalContainerEntityManagerFactoryBean : Closing JPA EntityManagerFactory for persistence unit 'default'
